[2026-04-07T17:49:34.461+0000] {local_task_job_runner.py:120} INFO - ::group::Pre task execution logs
[2026-04-07T17:49:34.559+0000] {taskinstance.py:2076} INFO - Dependencies all met for dep_context=non-requeueable deps ti=<TaskInstance: shopstream_pipeline.run_dbt_models manual__2026-04-07T17:46:29.691918+00:00 [queued]>
[2026-04-07T17:49:34.589+0000] {taskinstance.py:2076} INFO - Dependencies all met for dep_context=requeueable deps ti=<TaskInstance: shopstream_pipeline.run_dbt_models manual__2026-04-07T17:46:29.691918+00:00 [queued]>
[2026-04-07T17:49:34.591+0000] {taskinstance.py:2306} INFO - Starting attempt 2 of 3
[2026-04-07T17:49:34.628+0000] {taskinstance.py:2330} INFO - Executing <Task(BashOperator): run_dbt_models> on 2026-04-07 17:46:29.691918+00:00
[2026-04-07T17:49:34.647+0000] {standard_task_runner.py:90} INFO - Running: ['***', 'tasks', 'run', 'shopstream_pipeline', 'run_dbt_models', 'manual__2026-04-07T17:46:29.691918+00:00', '--job-id', '22', '--raw', '--subdir', 'DAGS_FOLDER/shopstream_pipeline.py', '--cfg-path', '/tmp/tmp3j4784hl']
[2026-04-07T17:49:34.656+0000] {logging_mixin.py:188} WARNING - /home/***/.local/lib/python3.12/site-packages/***/task/task_runner/standard_task_runner.py:61 DeprecationWarning: This process (pid=1094) is multi-threaded, use of fork() may lead to deadlocks in the child.
[2026-04-07T17:49:34.658+0000] {standard_task_runner.py:91} INFO - Job 22: Subtask run_dbt_models
[2026-04-07T17:49:34.660+0000] {standard_task_runner.py:63} INFO - Started process 1095 to run task
[2026-04-07T17:49:34.872+0000] {task_command.py:426} INFO - Running <TaskInstance: shopstream_pipeline.run_dbt_models manual__2026-04-07T17:46:29.691918+00:00 [running]> on host 51b586b7f65d
[2026-04-07T17:49:35.099+0000] {taskinstance.py:2648} INFO - Exporting env vars: AIRFLOW_CTX_DAG_OWNER='navdeep' AIRFLOW_CTX_DAG_ID='shopstream_pipeline' AIRFLOW_CTX_TASK_ID='run_dbt_models' AIRFLOW_CTX_EXECUTION_DATE='2026-04-07T17:46:29.691918+00:00' AIRFLOW_CTX_TRY_NUMBER='2' AIRFLOW_CTX_DAG_RUN_ID='manual__2026-04-07T17:46:29.691918+00:00'
[2026-04-07T17:49:35.102+0000] {taskinstance.py:430} INFO - ::endgroup::
[2026-04-07T17:49:35.124+0000] {subprocess.py:63} INFO - Tmp dir root location: /tmp
[2026-04-07T17:49:35.129+0000] {subprocess.py:75} INFO - Running command: ['/usr/bin/bash', '-c', 'cd /opt/*** && pip install dbt-duckdb -q && dbt run --project-dir /opt/***/dbt/shopstream_dbt --profiles-dir /opt/***/dbt/shopstream_dbt']
[2026-04-07T17:49:35.143+0000] {subprocess.py:86} INFO - Output:
[2026-04-07T17:49:42.812+0000] {subprocess.py:93} INFO - 
[2026-04-07T17:49:42.814+0000] {subprocess.py:93} INFO - [notice] A new release of pip is available: 24.0 -> 26.0.1
[2026-04-07T17:49:42.817+0000] {subprocess.py:93} INFO - [notice] To update, run: pip install --upgrade pip
[2026-04-07T17:49:46.608+0000] {subprocess.py:93} INFO - Usage: dbt run [OPTIONS]
[2026-04-07T17:49:46.613+0000] {subprocess.py:93} INFO - Try 'dbt run -h' for help.
[2026-04-07T17:49:46.620+0000] {subprocess.py:93} INFO - 
[2026-04-07T17:49:46.622+0000] {subprocess.py:93} INFO - Error: Invalid value for '--project-dir': Path '/opt/***/dbt/shopstream_dbt' does not exist.
[2026-04-07T17:49:47.119+0000] {subprocess.py:97} INFO - Command exited with return code 2
[2026-04-07T17:49:47.129+0000] {taskinstance.py:441} INFO - ::group::Post task execution logs
[2026-04-07T17:49:47.147+0000] {taskinstance.py:2905} ERROR - Task failed with exception
Traceback (most recent call last):
  File "/home/airflow/.local/lib/python3.12/site-packages/airflow/models/taskinstance.py", line 465, in _execute_task
    result = _execute_callable(context=context, **execute_callable_kwargs)
             ^^^^^^^^^^^^^^^^^^^^^^^^^^^^^^^^^^^^^^^^^^^^^^^^^^^^^^^^^^^^^
  File "/home/airflow/.local/lib/python3.12/site-packages/airflow/models/taskinstance.py", line 432, in _execute_callable
    return execute_callable(context=context, **execute_callable_kwargs)
           ^^^^^^^^^^^^^^^^^^^^^^^^^^^^^^^^^^^^^^^^^^^^^^^^^^^^^^^^^^^^
  File "/home/airflow/.local/lib/python3.12/site-packages/airflow/models/baseoperator.py", line 400, in wrapper
    return func(self, *args, **kwargs)
           ^^^^^^^^^^^^^^^^^^^^^^^^^^^
  File "/home/airflow/.local/lib/python3.12/site-packages/airflow/operators/bash.py", line 243, in execute
    raise AirflowException(
airflow.exceptions.AirflowException: Bash command failed. The command returned a non-zero exit code 2.
[2026-04-07T17:49:47.155+0000] {taskinstance.py:1206} INFO - Marking task as UP_FOR_RETRY. dag_id=shopstream_pipeline, task_id=run_dbt_models, run_id=manual__2026-04-07T17:46:29.691918+00:00, execution_date=20260407T174629, start_date=20260407T174934, end_date=20260407T174947
[2026-04-07T17:49:47.173+0000] {standard_task_runner.py:110} ERROR - Failed to execute job 22 for task run_dbt_models (Bash command failed. The command returned a non-zero exit code 2.; 1095)
[2026-04-07T17:49:47.212+0000] {local_task_job_runner.py:240} INFO - Task exited with return code 1
[2026-04-07T17:49:47.246+0000] {taskinstance.py:3498} INFO - 0 downstream tasks scheduled from follow-on schedule check
[2026-04-07T17:49:47.250+0000] {local_task_job_runner.py:222} INFO - ::endgroup::
