[2026-04-07T17:46:58.699+0000] {local_task_job_runner.py:120} INFO - ::group::Pre task execution logs
[2026-04-07T17:46:58.760+0000] {taskinstance.py:2076} INFO - Dependencies all met for dep_context=non-requeueable deps ti=<TaskInstance: shopstream_pipeline.run_dbt_models manual__2026-04-07T17:46:29.691918+00:00 [queued]>
[2026-04-07T17:46:58.784+0000] {taskinstance.py:2076} INFO - Dependencies all met for dep_context=requeueable deps ti=<TaskInstance: shopstream_pipeline.run_dbt_models manual__2026-04-07T17:46:29.691918+00:00 [queued]>
[2026-04-07T17:46:58.787+0000] {taskinstance.py:2306} INFO - Starting attempt 1 of 3
[2026-04-07T17:46:58.829+0000] {taskinstance.py:2330} INFO - Executing <Task(BashOperator): run_dbt_models> on 2026-04-07 17:46:29.691918+00:00
[2026-04-07T17:46:58.849+0000] {standard_task_runner.py:90} INFO - Running: ['***', 'tasks', 'run', 'shopstream_pipeline', 'run_dbt_models', 'manual__2026-04-07T17:46:29.691918+00:00', '--job-id', '21', '--raw', '--subdir', 'DAGS_FOLDER/shopstream_pipeline.py', '--cfg-path', '/tmp/tmpc0gjcyaa']
[2026-04-07T17:46:58.855+0000] {standard_task_runner.py:91} INFO - Job 21: Subtask run_dbt_models
[2026-04-07T17:46:58.855+0000] {logging_mixin.py:188} WARNING - /home/***/.local/lib/python3.12/site-packages/***/task/task_runner/standard_task_runner.py:61 DeprecationWarning: This process (pid=1044) is multi-threaded, use of fork() may lead to deadlocks in the child.
[2026-04-07T17:46:58.859+0000] {standard_task_runner.py:63} INFO - Started process 1048 to run task
[2026-04-07T17:46:59.057+0000] {task_command.py:426} INFO - Running <TaskInstance: shopstream_pipeline.run_dbt_models manual__2026-04-07T17:46:29.691918+00:00 [running]> on host 51b586b7f65d
[2026-04-07T17:46:59.333+0000] {taskinstance.py:2648} INFO - Exporting env vars: AIRFLOW_CTX_DAG_OWNER='navdeep' AIRFLOW_CTX_DAG_ID='shopstream_pipeline' AIRFLOW_CTX_TASK_ID='run_dbt_models' AIRFLOW_CTX_EXECUTION_DATE='2026-04-07T17:46:29.691918+00:00' AIRFLOW_CTX_TRY_NUMBER='1' AIRFLOW_CTX_DAG_RUN_ID='manual__2026-04-07T17:46:29.691918+00:00'
[2026-04-07T17:46:59.337+0000] {taskinstance.py:430} INFO - ::endgroup::
[2026-04-07T17:46:59.396+0000] {subprocess.py:63} INFO - Tmp dir root location: /tmp
[2026-04-07T17:46:59.413+0000] {subprocess.py:75} INFO - Running command: ['/usr/bin/bash', '-c', 'cd /opt/*** && pip install dbt-duckdb -q && dbt run --project-dir /opt/***/dbt/shopstream_dbt --profiles-dir /opt/***/dbt/shopstream_dbt']
[2026-04-07T17:46:59.439+0000] {subprocess.py:86} INFO - Output:
[2026-04-07T17:47:26.980+0000] {subprocess.py:93} INFO - ERROR: pip's dependency resolver does not currently take into account all the packages that are installed. This behaviour is the source of the following dependency conflicts.
[2026-04-07T17:47:26.983+0000] {subprocess.py:93} INFO - google-cloud-resource-manager 1.12.3 requires protobuf!=3.20.0,!=3.20.1,!=4.21.0,!=4.21.1,!=4.21.2,!=4.21.3,!=4.21.4,!=4.21.5,<5.0.0dev,>=3.19.5, but you have protobuf 6.33.6 which is incompatible.
[2026-04-07T17:47:26.983+0000] {subprocess.py:93} INFO - google-cloud-tasks 2.16.3 requires protobuf!=3.20.0,!=3.20.1,!=4.21.0,!=4.21.1,!=4.21.2,!=4.21.3,!=4.21.4,!=4.21.5,<5.0.0dev,>=3.19.5, but you have protobuf 6.33.6 which is incompatible.
[2026-04-07T17:47:26.984+0000] {subprocess.py:93} INFO - google-cloud-automl 2.13.3 requires protobuf!=3.20.0,!=3.20.1,!=4.21.0,!=4.21.1,!=4.21.2,!=4.21.3,!=4.21.4,!=4.21.5,<5.0.0dev,>=3.19.5, but you have protobuf 6.33.6 which is incompatible.
[2026-04-07T17:47:26.985+0000] {subprocess.py:93} INFO - google-cloud-dataproc-metastore 1.15.3 requires protobuf!=3.20.0,!=3.20.1,!=4.21.0,!=4.21.1,!=4.21.2,!=4.21.3,!=4.21.4,!=4.21.5,<5.0.0dev,>=3.19.5, but you have protobuf 6.33.6 which is incompatible.
[2026-04-07T17:47:26.986+0000] {subprocess.py:93} INFO - google-cloud-dataform 0.5.9 requires protobuf!=3.20.0,!=3.20.1,!=4.21.0,!=4.21.1,!=4.21.2,!=4.21.3,!=4.21.4,!=4.21.5,<5.0.0dev,>=3.19.5, but you have protobuf 6.33.6 which is incompatible.
[2026-04-07T17:47:26.987+0000] {subprocess.py:93} INFO - google-cloud-build 3.24.0 requires protobuf!=3.20.0,!=3.20.1,!=4.21.0,!=4.21.1,!=4.21.2,!=4.21.3,!=4.21.4,!=4.21.5,<5.0.0dev,>=3.19.5, but you have protobuf 6.33.6 which is incompatible.
[2026-04-07T17:47:26.988+0000] {subprocess.py:93} INFO - google-cloud-run 0.10.5 requires protobuf!=3.20.0,!=3.20.1,!=4.21.0,!=4.21.1,!=4.21.2,!=4.21.3,!=4.21.4,!=4.21.5,<5.0.0dev,>=3.19.5, but you have protobuf 6.33.6 which is incompatible.
[2026-04-07T17:47:26.989+0000] {subprocess.py:93} INFO - google-cloud-storage-transfer 1.11.3 requires protobuf!=3.20.0,!=3.20.1,!=4.21.0,!=4.21.1,!=4.21.2,!=4.21.3,!=4.21.4,!=4.21.5,<5.0.0dev,>=3.19.5, but you have protobuf 6.33.6 which is incompatible.
[2026-04-07T17:47:26.990+0000] {subprocess.py:93} INFO - google-cloud-workflows 1.14.3 requires protobuf!=3.20.0,!=3.20.1,!=4.21.0,!=4.21.1,!=4.21.2,!=4.21.3,!=4.21.4,!=4.21.5,<5.0.0dev,>=3.19.5, but you have protobuf 6.33.6 which is incompatible.
[2026-04-07T17:47:26.991+0000] {subprocess.py:93} INFO - google-analytics-admin 0.22.7 requires protobuf!=3.20.0,!=3.20.1,!=4.21.0,!=4.21.1,!=4.21.2,!=4.21.3,!=4.21.4,!=4.21.5,<5.0.0dev,>=3.19.5, but you have protobuf 6.33.6 which is incompatible.
[2026-04-07T17:47:26.992+0000] {subprocess.py:93} INFO - googleapis-common-protos 1.63.0 requires protobuf!=3.20.0,!=3.20.1,!=4.21.1,!=4.21.2,!=4.21.3,!=4.21.4,!=4.21.5,<5.0.0.dev0,>=3.19.5, but you have protobuf 6.33.6 which is incompatible.
[2026-04-07T17:47:26.993+0000] {subprocess.py:93} INFO - google-cloud-memcache 1.9.3 requires protobuf!=3.20.0,!=3.20.1,!=4.21.0,!=4.21.1,!=4.21.2,!=4.21.3,!=4.21.4,!=4.21.5,<5.0.0dev,>=3.19.5, but you have protobuf 6.33.6 which is incompatible.
[2026-04-07T17:47:26.994+0000] {subprocess.py:93} INFO - google-cloud-monitoring 2.21.0 requires protobuf!=3.20.0,!=3.20.1,!=4.21.0,!=4.21.1,!=4.21.2,!=4.21.3,!=4.21.4,!=4.21.5,<5.0.0dev,>=3.19.5, but you have protobuf 6.33.6 which is incompatible.
[2026-04-07T17:47:26.995+0000] {subprocess.py:93} INFO - google-cloud-redis 2.15.3 requires protobuf!=3.20.0,!=3.20.1,!=4.21.0,!=4.21.1,!=4.21.2,!=4.21.3,!=4.21.4,!=4.21.5,<5.0.0dev,>=3.19.5, but you have protobuf 6.33.6 which is incompatible.
[2026-04-07T17:47:26.996+0000] {subprocess.py:93} INFO - google-cloud-translate 3.15.3 requires protobuf!=3.20.0,!=3.20.1,!=4.21.0,!=4.21.1,!=4.21.2,!=4.21.3,!=4.21.4,!=4.21.5,<5.0.0dev,>=3.19.5, but you have protobuf 6.33.6 which is incompatible.
[2026-04-07T17:47:26.997+0000] {subprocess.py:93} INFO - google-cloud-logging 3.10.0 requires protobuf!=3.20.0,!=3.20.1,!=4.21.0,!=4.21.1,!=4.21.2,!=4.21.3,!=4.21.4,!=4.21.5,<5.0.0dev,>=3.19.5, but you have protobuf 6.33.6 which is incompatible.
[2026-04-07T17:47:26.997+0000] {subprocess.py:93} INFO - google-cloud-audit-log 0.2.5 requires protobuf!=3.20.0,!=3.20.1,!=4.21.1,!=4.21.2,!=4.21.3,!=4.21.4,!=4.21.5,<5.0.0dev,>=3.19.5, but you have protobuf 6.33.6 which is incompatible.
[2026-04-07T17:47:26.998+0000] {subprocess.py:93} INFO - google-cloud-compute 1.18.0 requires protobuf!=3.20.0,!=3.20.1,!=4.21.0,!=4.21.1,!=4.21.2,!=4.21.3,!=4.21.4,!=4.21.5,<5.0.0dev,>=3.19.5, but you have protobuf 6.33.6 which is incompatible.
[2026-04-07T17:47:26.999+0000] {subprocess.py:93} INFO - opentelemetry-proto 1.24.0 requires protobuf<5.0,>=3.19, but you have protobuf 6.33.6 which is incompatible.
[2026-04-07T17:47:27.000+0000] {subprocess.py:93} INFO - google-cloud-kms 2.21.4 requires protobuf!=3.20.0,!=3.20.1,!=4.21.0,!=4.21.1,!=4.21.2,!=4.21.3,!=4.21.4,!=4.21.5,<5.0.0dev,>=3.19.5, but you have protobuf 6.33.6 which is incompatible.
[2026-04-07T17:47:27.001+0000] {subprocess.py:93} INFO - google-cloud-appengine-logging 1.4.3 requires protobuf!=3.20.0,!=3.20.1,!=4.21.0,!=4.21.1,!=4.21.2,!=4.21.3,!=4.21.4,!=4.21.5,<5.0.0dev,>=3.19.5, but you have protobuf 6.33.6 which is incompatible.
[2026-04-07T17:47:27.002+0000] {subprocess.py:93} INFO - google-cloud-aiplatform 1.49.0 requires protobuf!=3.20.0,!=3.20.1,!=4.21.0,!=4.21.1,!=4.21.2,!=4.21.3,!=4.21.4,!=4.21.5,<5.0.0dev,>=3.19.5, but you have protobuf 6.33.6 which is incompatible.
[2026-04-07T17:47:27.003+0000] {subprocess.py:93} INFO - grpc-google-iam-v1 0.13.0 requires protobuf!=3.20.0,!=3.20.1,!=4.21.1,!=4.21.2,!=4.21.3,!=4.21.4,!=4.21.5,<5.0.0dev,>=3.19.5, but you have protobuf 6.33.6 which is incompatible.
[2026-04-07T17:47:27.004+0000] {subprocess.py:93} INFO - google-cloud-spanner 3.46.0 requires protobuf!=3.20.0,!=3.20.1,!=4.21.0,!=4.21.1,!=4.21.2,!=4.21.3,!=4.21.4,!=4.21.5,<5.0.0dev,>=3.19.5, but you have protobuf 6.33.6 which is incompatible.
[2026-04-07T17:47:27.006+0000] {subprocess.py:93} INFO - google-cloud-speech 2.26.0 requires protobuf!=3.20.0,!=3.20.1,!=4.21.0,!=4.21.1,!=4.21.2,!=4.21.3,!=4.21.4,!=4.21.5,<5.0.0dev,>=3.19.5, but you have protobuf 6.33.6 which is incompatible.
[2026-04-07T17:47:27.006+0000] {subprocess.py:93} INFO - google-cloud-texttospeech 2.16.3 requires protobuf!=3.20.0,!=3.20.1,!=4.21.0,!=4.21.1,!=4.21.2,!=4.21.3,!=4.21.4,!=4.21.5,<5.0.0dev,>=3.19.5, but you have protobuf 6.33.6 which is incompatible.
[2026-04-07T17:47:27.007+0000] {subprocess.py:93} INFO - proto-plus 1.23.0 requires protobuf<5.0.0dev,>=3.19.0, but you have protobuf 6.33.6 which is incompatible.
[2026-04-07T17:47:27.008+0000] {subprocess.py:93} INFO - google-cloud-videointelligence 2.13.3 requires protobuf!=3.20.0,!=3.20.1,!=4.21.0,!=4.21.1,!=4.21.2,!=4.21.3,!=4.21.4,!=4.21.5,<5.0.0dev,>=3.19.5, but you have protobuf 6.33.6 which is incompatible.
[2026-04-07T17:47:27.009+0000] {subprocess.py:93} INFO - google-cloud-vision 3.7.2 requires protobuf!=3.20.0,!=3.20.1,!=4.21.0,!=4.21.1,!=4.21.2,!=4.21.3,!=4.21.4,!=4.21.5,<5.0.0dev,>=3.19.5, but you have protobuf 6.33.6 which is incompatible.
[2026-04-07T17:47:27.010+0000] {subprocess.py:93} INFO - google-cloud-dataplex 1.13.0 requires protobuf!=3.20.0,!=3.20.1,!=4.21.0,!=4.21.1,!=4.21.2,!=4.21.3,!=4.21.4,!=4.21.5,<5.0.0dev,>=3.19.5, but you have protobuf 6.33.6 which is incompatible.
[2026-04-07T17:47:27.011+0000] {subprocess.py:93} INFO - google-cloud-pubsub 2.21.1 requires protobuf!=3.20.0,!=3.20.1,!=4.21.0,!=4.21.1,!=4.21.2,!=4.21.3,!=4.21.4,!=4.21.5,<5.0.0dev,>=3.19.5, but you have protobuf 6.33.6 which is incompatible.
[2026-04-07T17:47:27.012+0000] {subprocess.py:93} INFO - google-cloud-datacatalog 3.19.0 requires protobuf!=3.20.0,!=3.20.1,!=4.21.0,!=4.21.1,!=4.21.2,!=4.21.3,!=4.21.4,!=4.21.5,<5.0.0dev,>=3.19.5, but you have protobuf 6.33.6 which is incompatible.
[2026-04-07T17:47:27.012+0000] {subprocess.py:93} INFO - google-cloud-batch 0.17.18 requires protobuf!=3.20.0,!=3.20.1,!=4.21.0,!=4.21.1,!=4.21.2,!=4.21.3,!=4.21.4,!=4.21.5,<5.0.0dev,>=3.19.5, but you have protobuf 6.33.6 which is incompatible.
[2026-04-07T17:47:27.013+0000] {subprocess.py:93} INFO - google-cloud-bigtable 2.23.1 requires protobuf!=3.20.0,!=3.20.1,!=4.21.0,!=4.21.1,!=4.21.2,!=4.21.3,!=4.21.4,!=4.21.5,<5.0.0dev,>=3.19.5, but you have protobuf 6.33.6 which is incompatible.
[2026-04-07T17:47:27.014+0000] {subprocess.py:93} INFO - google-cloud-language 2.13.3 requires protobuf!=3.20.0,!=3.20.1,!=4.21.0,!=4.21.1,!=4.21.2,!=4.21.3,!=4.21.4,!=4.21.5,<5.0.0dev,>=3.19.5, but you have protobuf 6.33.6 which is incompatible.
[2026-04-07T17:47:27.015+0000] {subprocess.py:93} INFO - google-cloud-orchestration-*** 1.12.1 requires protobuf!=3.20.0,!=3.20.1,!=4.21.0,!=4.21.1,!=4.21.2,!=4.21.3,!=4.21.4,!=4.21.5,<5.0.0dev,>=3.19.5, but you have protobuf 6.33.6 which is incompatible.
[2026-04-07T17:47:27.016+0000] {subprocess.py:93} INFO - google-cloud-os-login 2.14.3 requires protobuf!=3.20.0,!=3.20.1,!=4.21.0,!=4.21.1,!=4.21.2,!=4.21.3,!=4.21.4,!=4.21.5,<5.0.0dev,>=3.19.5, but you have protobuf 6.33.6 which is incompatible.
[2026-04-07T17:47:27.016+0000] {subprocess.py:93} INFO - google-cloud-bigquery-datatransfer 3.15.2 requires protobuf!=3.20.0,!=3.20.1,!=4.21.0,!=4.21.1,!=4.21.2,!=4.21.3,!=4.21.4,!=4.21.5,<5.0.0dev,>=3.19.5, but you have protobuf 6.33.6 which is incompatible.
[2026-04-07T17:47:27.017+0000] {subprocess.py:93} INFO - google-cloud-container 2.45.0 requires protobuf!=3.20.0,!=3.20.1,!=4.21.0,!=4.21.1,!=4.21.2,!=4.21.3,!=4.21.4,!=4.21.5,<5.0.0dev,>=3.19.5, but you have protobuf 6.33.6 which is incompatible.
[2026-04-07T17:47:27.018+0000] {subprocess.py:93} INFO - google-cloud-dataproc 5.9.3 requires protobuf!=3.20.0,!=3.20.1,!=4.21.0,!=4.21.1,!=4.21.2,!=4.21.3,!=4.21.4,!=4.21.5,<5.0.0dev,>=3.19.5, but you have protobuf 6.33.6 which is incompatible.
[2026-04-07T17:47:27.019+0000] {subprocess.py:93} INFO - google-cloud-dataflow-client 0.8.10 requires protobuf!=3.20.0,!=3.20.1,!=4.21.0,!=4.21.1,!=4.21.2,!=4.21.3,!=4.21.4,!=4.21.5,<5.0.0dev,>=3.19.5, but you have protobuf 6.33.6 which is incompatible.
[2026-04-07T17:47:27.019+0000] {subprocess.py:93} INFO - google-api-core 2.19.0 requires protobuf!=3.20.0,!=3.20.1,!=4.21.0,!=4.21.1,!=4.21.2,!=4.21.3,!=4.21.4,!=4.21.5,<5.0.0.dev0,>=3.19.5, but you have protobuf 6.33.6 which is incompatible.
[2026-04-07T17:47:27.020+0000] {subprocess.py:93} INFO - google-cloud-secret-manager 2.20.0 requires protobuf!=3.20.0,!=3.20.1,!=4.21.0,!=4.21.1,!=4.21.2,!=4.21.3,!=4.21.4,!=4.21.5,<5.0.0dev,>=3.19.5, but you have protobuf 6.33.6 which is incompatible.
[2026-04-07T17:47:27.021+0000] {subprocess.py:93} INFO - google-ads 24.0.0 requires protobuf<5.0.0,>=4.25.0, but you have protobuf 6.33.6 which is incompatible.
[2026-04-07T17:47:27.026+0000] {subprocess.py:93} INFO - google-cloud-dlp 3.16.0 requires protobuf!=3.20.0,!=3.20.1,!=4.21.0,!=4.21.1,!=4.21.2,!=4.21.3,!=4.21.4,!=4.21.5,<5.0.0dev,>=3.19.5, but you have protobuf 6.33.6 which is incompatible.
[2026-04-07T17:47:27.353+0000] {subprocess.py:93} INFO - 
[2026-04-07T17:47:27.355+0000] {subprocess.py:93} INFO - [notice] A new release of pip is available: 24.0 -> 26.0.1
[2026-04-07T17:47:27.355+0000] {subprocess.py:93} INFO - [notice] To update, run: pip install --upgrade pip
[2026-04-07T17:47:32.842+0000] {subprocess.py:93} INFO - Usage: dbt run [OPTIONS]
[2026-04-07T17:47:32.843+0000] {subprocess.py:93} INFO - Try 'dbt run -h' for help.
[2026-04-07T17:47:32.844+0000] {subprocess.py:93} INFO - 
[2026-04-07T17:47:32.844+0000] {subprocess.py:93} INFO - Error: Invalid value for '--project-dir': Path '/opt/***/dbt/shopstream_dbt' does not exist.
[2026-04-07T17:47:33.301+0000] {subprocess.py:97} INFO - Command exited with return code 2
[2026-04-07T17:47:33.306+0000] {taskinstance.py:441} INFO - ::group::Post task execution logs
[2026-04-07T17:47:33.325+0000] {taskinstance.py:2905} ERROR - Task failed with exception
Traceback (most recent call last):
  File "/home/airflow/.local/lib/python3.12/site-packages/airflow/models/taskinstance.py", line 465, in _execute_task
    result = _execute_callable(context=context, **execute_callable_kwargs)
             ^^^^^^^^^^^^^^^^^^^^^^^^^^^^^^^^^^^^^^^^^^^^^^^^^^^^^^^^^^^^^
  File "/home/airflow/.local/lib/python3.12/site-packages/airflow/models/taskinstance.py", line 432, in _execute_callable
    return execute_callable(context=context, **execute_callable_kwargs)
           ^^^^^^^^^^^^^^^^^^^^^^^^^^^^^^^^^^^^^^^^^^^^^^^^^^^^^^^^^^^^
  File "/home/airflow/.local/lib/python3.12/site-packages/airflow/models/baseoperator.py", line 400, in wrapper
    return func(self, *args, **kwargs)
           ^^^^^^^^^^^^^^^^^^^^^^^^^^^
  File "/home/airflow/.local/lib/python3.12/site-packages/airflow/operators/bash.py", line 243, in execute
    raise AirflowException(
airflow.exceptions.AirflowException: Bash command failed. The command returned a non-zero exit code 2.
[2026-04-07T17:47:33.338+0000] {taskinstance.py:1206} INFO - Marking task as UP_FOR_RETRY. dag_id=shopstream_pipeline, task_id=run_dbt_models, run_id=manual__2026-04-07T17:46:29.691918+00:00, execution_date=20260407T174629, start_date=20260407T174658, end_date=20260407T174733
[2026-04-07T17:47:33.358+0000] {standard_task_runner.py:110} ERROR - Failed to execute job 21 for task run_dbt_models (Bash command failed. The command returned a non-zero exit code 2.; 1048)
[2026-04-07T17:47:33.400+0000] {local_task_job_runner.py:240} INFO - Task exited with return code 1
[2026-04-07T17:47:33.451+0000] {taskinstance.py:3498} INFO - 0 downstream tasks scheduled from follow-on schedule check
[2026-04-07T17:47:33.456+0000] {local_task_job_runner.py:222} INFO - ::endgroup::
