[2026-04-07T06:35:47.606+0000] {manager.py:470} INFO - Processing files using up to 2 processes at a time 
[2026-04-07T06:35:47.609+0000] {manager.py:471} INFO - Process each file at most once every 30 seconds
[2026-04-07T06:35:47.611+0000] {manager.py:472} INFO - Checking for new files in /opt/airflow/dags every 300 seconds
[2026-04-07T06:35:47.614+0000] {manager.py:737} INFO - Searching for files in /opt/airflow/dags
[2026-04-07T06:35:47.641+0000] {manager.py:740} INFO - There are 1 files in /opt/airflow/dags
[2026-04-07T06:35:47.733+0000] {manager.py:878} INFO - 
================================================================================
DAG File Processing Stats

File Path                                   PID  Runtime      # DAGs    # Errors  Last Runtime    Last Run
----------------------------------------  -----  ---------  --------  ----------  --------------  ----------
/opt/airflow/dags/shopstream_pipeline.py    172  0.07s             0           0
================================================================================
[2026-04-07T06:36:17.867+0000] {manager.py:878} INFO - 
================================================================================
DAG File Processing Stats

File Path                                 PID    Runtime      # DAGs    # Errors  Last Runtime    Last Run
----------------------------------------  -----  ---------  --------  ----------  --------------  -------------------
/opt/airflow/dags/shopstream_pipeline.py                           1           0  0.62s           2026-04-07T06:35:48
================================================================================
[2026-04-07T06:36:48.594+0000] {manager.py:878} INFO - 
================================================================================
DAG File Processing Stats

File Path                                   PID  Runtime      # DAGs    # Errors  Last Runtime    Last Run
----------------------------------------  -----  ---------  --------  ----------  --------------  -------------------
/opt/airflow/dags/shopstream_pipeline.py    182  0.00s             1           0  0.14s           2026-04-07T06:36:18
================================================================================
[2026-04-07T06:37:18.886+0000] {manager.py:878} INFO - 
================================================================================
DAG File Processing Stats

File Path                                   PID  Runtime      # DAGs    # Errors  Last Runtime    Last Run
----------------------------------------  -----  ---------  --------  ----------  --------------  -------------------
/opt/airflow/dags/shopstream_pipeline.py    187  0.00s             1           0  0.14s           2026-04-07T06:36:48
================================================================================
[2026-04-07T06:37:48.956+0000] {manager.py:878} INFO - 
================================================================================
DAG File Processing Stats

File Path                                 PID    Runtime      # DAGs    # Errors  Last Runtime    Last Run
----------------------------------------  -----  ---------  --------  ----------  --------------  -------------------
/opt/airflow/dags/shopstream_pipeline.py                           1           0  0.19s           2026-04-07T06:37:19
================================================================================
[2026-04-07T06:38:19.259+0000] {manager.py:878} INFO - 
================================================================================
DAG File Processing Stats

File Path                                 PID    Runtime      # DAGs    # Errors  Last Runtime    Last Run
----------------------------------------  -----  ---------  --------  ----------  --------------  -------------------
/opt/airflow/dags/shopstream_pipeline.py                           1           0  0.15s           2026-04-07T06:37:49
================================================================================
[2026-04-07T06:38:49.496+0000] {manager.py:878} INFO - 
================================================================================
DAG File Processing Stats

File Path                                 PID    Runtime      # DAGs    # Errors  Last Runtime    Last Run
----------------------------------------  -----  ---------  --------  ----------  --------------  -------------------
/opt/airflow/dags/shopstream_pipeline.py                           1           0  0.15s           2026-04-07T06:38:19
================================================================================
[2026-04-07T06:39:19.705+0000] {manager.py:878} INFO - 
================================================================================
DAG File Processing Stats

File Path                                 PID    Runtime      # DAGs    # Errors  Last Runtime    Last Run
----------------------------------------  -----  ---------  --------  ----------  --------------  -------------------
/opt/airflow/dags/shopstream_pipeline.py                           1           0  0.22s           2026-04-07T06:38:49
================================================================================
[2026-04-07T06:39:49.984+0000] {manager.py:878} INFO - 
================================================================================
DAG File Processing Stats

File Path                                 PID    Runtime      # DAGs    # Errors  Last Runtime    Last Run
----------------------------------------  -----  ---------  --------  ----------  --------------  -------------------
/opt/airflow/dags/shopstream_pipeline.py                           1           0  0.13s           2026-04-07T06:39:20
================================================================================
[2026-04-07T06:40:20.259+0000] {manager.py:878} INFO - 
================================================================================
DAG File Processing Stats

File Path                                 PID    Runtime      # DAGs    # Errors  Last Runtime    Last Run
----------------------------------------  -----  ---------  --------  ----------  --------------  -------------------
/opt/airflow/dags/shopstream_pipeline.py                           1           0  0.20s           2026-04-07T06:39:50
================================================================================
[2026-04-07T06:40:47.639+0000] {manager.py:737} INFO - Searching for files in /opt/airflow/dags
[2026-04-07T06:40:47.671+0000] {manager.py:740} INFO - There are 1 files in /opt/airflow/dags
[2026-04-07T06:40:50.531+0000] {manager.py:878} INFO - 
================================================================================
DAG File Processing Stats

File Path                                 PID    Runtime      # DAGs    # Errors  Last Runtime    Last Run
----------------------------------------  -----  ---------  --------  ----------  --------------  -------------------
/opt/airflow/dags/shopstream_pipeline.py                           1           0  0.16s           2026-04-07T06:40:20
================================================================================
[2026-04-07T06:41:20.755+0000] {manager.py:878} INFO - 
================================================================================
DAG File Processing Stats

File Path                                 PID    Runtime      # DAGs    # Errors  Last Runtime    Last Run
----------------------------------------  -----  ---------  --------  ----------  --------------  -------------------
/opt/airflow/dags/shopstream_pipeline.py                           1           0  0.16s           2026-04-07T06:40:50
================================================================================
[2026-04-07T06:41:51.009+0000] {manager.py:878} INFO - 
================================================================================
DAG File Processing Stats

File Path                                 PID    Runtime      # DAGs    # Errors  Last Runtime    Last Run
----------------------------------------  -----  ---------  --------  ----------  --------------  -------------------
/opt/airflow/dags/shopstream_pipeline.py                           1           0  0.14s           2026-04-07T06:41:21
================================================================================
[2026-04-07T06:42:21.267+0000] {manager.py:878} INFO - 
================================================================================
DAG File Processing Stats

File Path                                 PID    Runtime      # DAGs    # Errors  Last Runtime    Last Run
----------------------------------------  -----  ---------  --------  ----------  --------------  -------------------
/opt/airflow/dags/shopstream_pipeline.py                           1           0  0.15s           2026-04-07T06:41:51
================================================================================
[2026-04-07T06:42:51.441+0000] {manager.py:878} INFO - 
================================================================================
DAG File Processing Stats

File Path                                 PID    Runtime      # DAGs    # Errors  Last Runtime    Last Run
----------------------------------------  -----  ---------  --------  ----------  --------------  -------------------
/opt/airflow/dags/shopstream_pipeline.py                           1           0  0.13s           2026-04-07T06:42:21
================================================================================
[2026-04-07T06:43:21.672+0000] {manager.py:878} INFO - 
================================================================================
DAG File Processing Stats

File Path                                 PID    Runtime      # DAGs    # Errors  Last Runtime    Last Run
----------------------------------------  -----  ---------  --------  ----------  --------------  -------------------
/opt/airflow/dags/shopstream_pipeline.py                           1           0  0.13s           2026-04-07T06:42:51
================================================================================
[2026-04-07T06:43:52.005+0000] {manager.py:878} INFO - 
================================================================================
DAG File Processing Stats

File Path                                   PID  Runtime      # DAGs    # Errors  Last Runtime    Last Run
----------------------------------------  -----  ---------  --------  ----------  --------------  -------------------
/opt/airflow/dags/shopstream_pipeline.py    404  0.01s             1           0  0.13s           2026-04-07T06:43:21
================================================================================
[2026-04-07T06:44:22.318+0000] {manager.py:878} INFO - 
================================================================================
DAG File Processing Stats

File Path                                 PID    Runtime      # DAGs    # Errors  Last Runtime    Last Run
----------------------------------------  -----  ---------  --------  ----------  --------------  -------------------
/opt/airflow/dags/shopstream_pipeline.py                           1           0  0.36s           2026-04-07T06:43:52
================================================================================
[2026-04-07T06:44:52.302+0000] {manager.py:878} INFO - 
================================================================================
DAG File Processing Stats

File Path                                 PID    Runtime      # DAGs    # Errors  Last Runtime    Last Run
----------------------------------------  -----  ---------  --------  ----------  --------------  -------------------
/opt/airflow/dags/shopstream_pipeline.py                           1           0  0.42s           2026-04-07T06:44:23
================================================================================
[2026-04-07T06:45:23.104+0000] {manager.py:878} INFO - 
================================================================================
DAG File Processing Stats

File Path                                 PID    Runtime      # DAGs    # Errors  Last Runtime    Last Run
----------------------------------------  -----  ---------  --------  ----------  --------------  -------------------
/opt/airflow/dags/shopstream_pipeline.py                           1           0  0.43s           2026-04-07T06:44:53
================================================================================
[2026-04-07T06:45:47.663+0000] {manager.py:737} INFO - Searching for files in /opt/airflow/dags
[2026-04-07T06:45:47.772+0000] {manager.py:740} INFO - There are 1 files in /opt/airflow/dags
[2026-04-07T06:45:53.413+0000] {manager.py:878} INFO - 
================================================================================
DAG File Processing Stats

File Path                                 PID    Runtime      # DAGs    # Errors  Last Runtime    Last Run
----------------------------------------  -----  ---------  --------  ----------  --------------  -------------------
/opt/airflow/dags/shopstream_pipeline.py                           1           0  0.34s           2026-04-07T06:45:24
================================================================================
[2026-04-07T06:46:23.345+0000] {manager.py:878} INFO - 
================================================================================
DAG File Processing Stats

File Path                                 PID    Runtime      # DAGs    # Errors  Last Runtime    Last Run
----------------------------------------  -----  ---------  --------  ----------  --------------  -------------------
/opt/airflow/dags/shopstream_pipeline.py                           1           0  0.24s           2026-04-07T06:45:55
================================================================================
[2026-04-07T06:46:53.113+0000] {manager.py:878} INFO - 
================================================================================
DAG File Processing Stats

File Path                                 PID    Runtime      # DAGs    # Errors  Last Runtime    Last Run
----------------------------------------  -----  ---------  --------  ----------  --------------  -------------------
/opt/airflow/dags/shopstream_pipeline.py                           1           0  0.30s           2026-04-07T06:46:25
================================================================================
[2026-04-07T06:47:23.461+0000] {manager.py:878} INFO - 
================================================================================
DAG File Processing Stats

File Path                                 PID    Runtime      # DAGs    # Errors  Last Runtime    Last Run
----------------------------------------  -----  ---------  --------  ----------  --------------  -------------------
/opt/airflow/dags/shopstream_pipeline.py                           1           0  0.39s           2026-04-07T06:46:56
================================================================================
[2026-04-07T06:47:53.946+0000] {manager.py:878} INFO - 
================================================================================
DAG File Processing Stats

File Path                                 PID    Runtime      # DAGs    # Errors  Last Runtime    Last Run
----------------------------------------  -----  ---------  --------  ----------  --------------  -------------------
/opt/airflow/dags/shopstream_pipeline.py                           1           0  0.28s           2026-04-07T06:47:27
================================================================================
[2026-04-07T06:48:23.515+0000] {manager.py:878} INFO - 
================================================================================
DAG File Processing Stats

File Path                                 PID    Runtime      # DAGs    # Errors  Last Runtime    Last Run
----------------------------------------  -----  ---------  --------  ----------  --------------  -------------------
/opt/airflow/dags/shopstream_pipeline.py                           1           0  0.47s           2026-04-07T06:47:57
================================================================================
[2026-04-07T06:48:53.634+0000] {manager.py:878} INFO - 
================================================================================
DAG File Processing Stats

File Path                                 PID    Runtime      # DAGs    # Errors  Last Runtime    Last Run
----------------------------------------  -----  ---------  --------  ----------  --------------  -------------------
/opt/airflow/dags/shopstream_pipeline.py                           1           0  0.30s           2026-04-07T06:48:28
================================================================================
[2026-04-07T06:49:23.539+0000] {manager.py:878} INFO - 
================================================================================
DAG File Processing Stats

File Path                                 PID    Runtime      # DAGs    # Errors  Last Runtime    Last Run
----------------------------------------  -----  ---------  --------  ----------  --------------  -------------------
/opt/airflow/dags/shopstream_pipeline.py                           1           0  0.29s           2026-04-07T06:48:59
================================================================================
[2026-04-07T06:49:53.963+0000] {manager.py:878} INFO - 
================================================================================
DAG File Processing Stats

File Path                                 PID    Runtime      # DAGs    # Errors  Last Runtime    Last Run
----------------------------------------  -----  ---------  --------  ----------  --------------  -------------------
/opt/airflow/dags/shopstream_pipeline.py                           1           0  0.30s           2026-04-07T06:49:29
================================================================================
[2026-04-07T06:50:23.821+0000] {manager.py:878} INFO - 
================================================================================
DAG File Processing Stats

File Path                                 PID    Runtime      # DAGs    # Errors  Last Runtime    Last Run
----------------------------------------  -----  ---------  --------  ----------  --------------  -------------------
/opt/airflow/dags/shopstream_pipeline.py                           1           0  0.31s           2026-04-07T06:50:00
================================================================================
[2026-04-07T06:50:47.704+0000] {manager.py:737} INFO - Searching for files in /opt/airflow/dags
[2026-04-07T06:50:47.789+0000] {manager.py:740} INFO - There are 1 files in /opt/airflow/dags
[2026-04-07T06:50:53.870+0000] {manager.py:878} INFO - 
================================================================================
DAG File Processing Stats

File Path                                 PID    Runtime      # DAGs    # Errors  Last Runtime    Last Run
----------------------------------------  -----  ---------  --------  ----------  --------------  -------------------
/opt/airflow/dags/shopstream_pipeline.py                           1           0  0.58s           2026-04-07T06:50:31
================================================================================
[2026-04-07T06:51:24.086+0000] {manager.py:878} INFO - 
================================================================================
DAG File Processing Stats

File Path                                 PID    Runtime      # DAGs    # Errors  Last Runtime    Last Run
----------------------------------------  -----  ---------  --------  ----------  --------------  -------------------
/opt/airflow/dags/shopstream_pipeline.py                           1           0  0.31s           2026-04-07T06:51:02
================================================================================
[2026-04-07T06:51:54.642+0000] {manager.py:878} INFO - 
================================================================================
DAG File Processing Stats

File Path                                 PID    Runtime      # DAGs    # Errors  Last Runtime    Last Run
----------------------------------------  -----  ---------  --------  ----------  --------------  -------------------
/opt/airflow/dags/shopstream_pipeline.py                           1           0  0.32s           2026-04-07T06:51:32
================================================================================
[2026-04-07T06:52:24.715+0000] {manager.py:878} INFO - 
================================================================================
DAG File Processing Stats

File Path                                 PID    Runtime      # DAGs    # Errors  Last Runtime    Last Run
----------------------------------------  -----  ---------  --------  ----------  --------------  -------------------
/opt/airflow/dags/shopstream_pipeline.py                           1           0  0.24s           2026-04-07T06:52:03
================================================================================
[2026-04-07T06:52:55.105+0000] {manager.py:878} INFO - 
================================================================================
DAG File Processing Stats

File Path                                 PID    Runtime      # DAGs    # Errors  Last Runtime    Last Run
----------------------------------------  -----  ---------  --------  ----------  --------------  -------------------
/opt/airflow/dags/shopstream_pipeline.py                           1           0  0.28s           2026-04-07T06:52:34
================================================================================
[2026-04-07T06:56:54.115+0000] {manager.py:737} INFO - Searching for files in /opt/airflow/dags
[2026-04-07T06:56:54.200+0000] {manager.py:740} INFO - There are 1 files in /opt/airflow/dags
[2026-04-07T06:57:15.695+0000] {manager.py:878} INFO - 
================================================================================
DAG File Processing Stats

File Path                                 PID    Runtime      # DAGs    # Errors  Last Runtime    Last Run
----------------------------------------  -----  ---------  --------  ----------  --------------  -------------------
/opt/airflow/dags/shopstream_pipeline.py                           1           0  0.39s           2026-04-07T06:56:54
================================================================================
[2026-04-07T06:57:46.129+0000] {manager.py:878} INFO - 
================================================================================
DAG File Processing Stats

File Path                                 PID    Runtime      # DAGs    # Errors  Last Runtime    Last Run
----------------------------------------  -----  ---------  --------  ----------  --------------  -------------------
/opt/airflow/dags/shopstream_pipeline.py                           1           0  0.56s           2026-04-07T06:57:25
================================================================================
[2026-04-07T06:58:16.140+0000] {manager.py:878} INFO - 
================================================================================
DAG File Processing Stats

File Path                                 PID    Runtime      # DAGs    # Errors  Last Runtime    Last Run
----------------------------------------  -----  ---------  --------  ----------  --------------  -------------------
/opt/airflow/dags/shopstream_pipeline.py                           1           0  0.42s           2026-04-07T06:57:55
================================================================================
[2026-04-07T06:58:46.329+0000] {manager.py:878} INFO - 
================================================================================
DAG File Processing Stats

File Path                                 PID    Runtime      # DAGs    # Errors  Last Runtime    Last Run
----------------------------------------  -----  ---------  --------  ----------  --------------  -------------------
/opt/airflow/dags/shopstream_pipeline.py                           1           0  0.27s           2026-04-07T06:58:26
================================================================================
[2026-04-07T06:59:16.415+0000] {manager.py:878} INFO - 
================================================================================
DAG File Processing Stats

File Path                                 PID    Runtime      # DAGs    # Errors  Last Runtime    Last Run
----------------------------------------  -----  ---------  --------  ----------  --------------  -------------------
/opt/airflow/dags/shopstream_pipeline.py                           1           0  0.28s           2026-04-07T06:58:57
================================================================================
[2026-04-07T06:59:46.758+0000] {manager.py:878} INFO - 
================================================================================
DAG File Processing Stats

File Path                                 PID    Runtime      # DAGs    # Errors  Last Runtime    Last Run
----------------------------------------  -----  ---------  --------  ----------  --------------  -------------------
/opt/airflow/dags/shopstream_pipeline.py                           1           0  0.25s           2026-04-07T06:59:27
================================================================================
[2026-04-07T07:00:16.771+0000] {manager.py:878} INFO - 
================================================================================
DAG File Processing Stats

File Path                                 PID    Runtime      # DAGs    # Errors  Last Runtime    Last Run
----------------------------------------  -----  ---------  --------  ----------  --------------  -------------------
/opt/airflow/dags/shopstream_pipeline.py                           1           0  0.32s           2026-04-07T06:59:58
================================================================================
[2026-04-07T07:00:47.265+0000] {manager.py:878} INFO - 
================================================================================
DAG File Processing Stats

File Path                                 PID    Runtime      # DAGs    # Errors  Last Runtime    Last Run
----------------------------------------  -----  ---------  --------  ----------  --------------  -------------------
/opt/airflow/dags/shopstream_pipeline.py                           1           0  0.48s           2026-04-07T07:00:29
================================================================================
[2026-04-07T07:01:17.830+0000] {manager.py:878} INFO - 
================================================================================
DAG File Processing Stats

File Path                                 PID    Runtime      # DAGs    # Errors  Last Runtime    Last Run
----------------------------------------  -----  ---------  --------  ----------  --------------  -------------------
/opt/airflow/dags/shopstream_pipeline.py                           1           0  0.29s           2026-04-07T07:00:59
================================================================================
[2026-04-07T07:01:48.264+0000] {manager.py:878} INFO - 
================================================================================
DAG File Processing Stats

File Path                                 PID    Runtime      # DAGs    # Errors  Last Runtime    Last Run
----------------------------------------  -----  ---------  --------  ----------  --------------  -------------------
/opt/airflow/dags/shopstream_pipeline.py                           1           0  0.34s           2026-04-07T07:01:30
================================================================================
[2026-04-07T07:01:54.352+0000] {manager.py:737} INFO - Searching for files in /opt/airflow/dags
[2026-04-07T07:01:54.628+0000] {manager.py:740} INFO - There are 1 files in /opt/airflow/dags
[2026-04-07T07:02:18.196+0000] {manager.py:878} INFO - 
================================================================================
DAG File Processing Stats

File Path                                 PID    Runtime      # DAGs    # Errors  Last Runtime    Last Run
----------------------------------------  -----  ---------  --------  ----------  --------------  -------------------
/opt/airflow/dags/shopstream_pipeline.py                           1           0  0.28s           2026-04-07T07:02:00
================================================================================
[2026-04-07T07:02:48.056+0000] {manager.py:878} INFO - 
================================================================================
DAG File Processing Stats

File Path                                 PID    Runtime      # DAGs    # Errors  Last Runtime    Last Run
----------------------------------------  -----  ---------  --------  ----------  --------------  -------------------
/opt/airflow/dags/shopstream_pipeline.py                           1           0  0.39s           2026-04-07T07:02:31
================================================================================
[2026-04-07T07:03:17.610+0000] {manager.py:878} INFO - 
================================================================================
DAG File Processing Stats

File Path                                 PID    Runtime      # DAGs    # Errors  Last Runtime    Last Run
----------------------------------------  -----  ---------  --------  ----------  --------------  -------------------
/opt/airflow/dags/shopstream_pipeline.py                           1           0  0.63s           2026-04-07T07:03:03
================================================================================
[2026-04-07T07:03:48.019+0000] {manager.py:878} INFO - 
================================================================================
DAG File Processing Stats

File Path                                 PID    Runtime      # DAGs    # Errors  Last Runtime    Last Run
----------------------------------------  -----  ---------  --------  ----------  --------------  -------------------
/opt/airflow/dags/shopstream_pipeline.py                           1           0  0.29s           2026-04-07T07:03:33
================================================================================
[2026-04-07T07:04:18.064+0000] {manager.py:878} INFO - 
================================================================================
DAG File Processing Stats

File Path                                 PID    Runtime      # DAGs    # Errors  Last Runtime    Last Run
----------------------------------------  -----  ---------  --------  ----------  --------------  -------------------
/opt/airflow/dags/shopstream_pipeline.py                           1           0  0.26s           2026-04-07T07:04:05
================================================================================
[2026-04-07T07:04:48.271+0000] {manager.py:878} INFO - 
================================================================================
DAG File Processing Stats

File Path                                 PID    Runtime      # DAGs    # Errors  Last Runtime    Last Run
----------------------------------------  -----  ---------  --------  ----------  --------------  -------------------
/opt/airflow/dags/shopstream_pipeline.py                           1           0  0.22s           2026-04-07T07:04:35
================================================================================
[2026-04-07T07:05:18.560+0000] {manager.py:878} INFO - 
================================================================================
DAG File Processing Stats

File Path                                 PID    Runtime      # DAGs    # Errors  Last Runtime    Last Run
----------------------------------------  -----  ---------  --------  ----------  --------------  -------------------
/opt/airflow/dags/shopstream_pipeline.py                           1           0  0.27s           2026-04-07T07:05:05
================================================================================
[2026-04-07T07:05:48.465+0000] {manager.py:878} INFO - 
================================================================================
DAG File Processing Stats

File Path                                 PID    Runtime      # DAGs    # Errors  Last Runtime    Last Run
----------------------------------------  -----  ---------  --------  ----------  --------------  -------------------
/opt/airflow/dags/shopstream_pipeline.py                           1           0  0.40s           2026-04-07T07:05:36
================================================================================
[2026-04-07T14:14:51.963+0000] {manager.py:737} INFO - Searching for files in /opt/airflow/dags
[2026-04-07T14:14:52.224+0000] {manager.py:740} INFO - There are 1 files in /opt/airflow/dags
[2026-04-07T14:14:52.656+0000] {manager.py:878} INFO - 
================================================================================
DAG File Processing Stats

File Path                                   PID  Runtime      # DAGs    # Errors  Last Runtime    Last Run
----------------------------------------  -----  ---------  --------  ----------  --------------  -------------------
/opt/airflow/dags/shopstream_pipeline.py    614  0.35s             1           0  0.35s           2026-04-07T07:06:06
================================================================================
[2026-04-07T17:04:33.523+0000] {manager.py:737} INFO - Searching for files in /opt/airflow/dags
[2026-04-07T17:04:35.448+0000] {manager.py:740} INFO - There are 1 files in /opt/airflow/dags
[2026-04-07T17:04:47.899+0000] {manager.py:878} INFO - 
================================================================================
DAG File Processing Stats

File Path                                 PID    Runtime      # DAGs    # Errors  Last Runtime    Last Run
----------------------------------------  -----  ---------  --------  ----------  --------------  -------------------
/opt/airflow/dags/shopstream_pipeline.py                           1           0  0.44s           2026-04-07T17:04:36
================================================================================
[2026-04-07T17:05:18.562+0000] {manager.py:878} INFO - 
================================================================================
DAG File Processing Stats

File Path                                 PID    Runtime      # DAGs    # Errors  Last Runtime    Last Run
----------------------------------------  -----  ---------  --------  ----------  --------------  -------------------
/opt/airflow/dags/shopstream_pipeline.py                           1           0  0.21s           2026-04-07T17:05:06
================================================================================
[2026-04-07T17:05:49.571+0000] {manager.py:878} INFO - 
================================================================================
DAG File Processing Stats

File Path                                 PID    Runtime      # DAGs    # Errors  Last Runtime    Last Run
----------------------------------------  -----  ---------  --------  ----------  --------------  -------------------
/opt/airflow/dags/shopstream_pipeline.py                           1           0  0.19s           2026-04-07T17:05:37
================================================================================
[2026-04-07T17:06:20.630+0000] {manager.py:878} INFO - 
================================================================================
DAG File Processing Stats

File Path                                 PID    Runtime      # DAGs    # Errors  Last Runtime    Last Run
----------------------------------------  -----  ---------  --------  ----------  --------------  -------------------
/opt/airflow/dags/shopstream_pipeline.py                           1           0  0.37s           2026-04-07T17:06:08
================================================================================
[2026-04-07T17:06:51.794+0000] {manager.py:878} INFO - 
================================================================================
DAG File Processing Stats

File Path                                 PID    Runtime      # DAGs    # Errors  Last Runtime    Last Run
----------------------------------------  -----  ---------  --------  ----------  --------------  -------------------
/opt/airflow/dags/shopstream_pipeline.py                           1           0  0.31s           2026-04-07T17:06:39
================================================================================
[2026-04-07T17:07:23.045+0000] {manager.py:878} INFO - 
================================================================================
DAG File Processing Stats

File Path                                 PID    Runtime      # DAGs    # Errors  Last Runtime    Last Run
----------------------------------------  -----  ---------  --------  ----------  --------------  -------------------
/opt/airflow/dags/shopstream_pipeline.py                           1           0  0.43s           2026-04-07T17:07:10
================================================================================
[2026-04-07T17:07:54.070+0000] {manager.py:878} INFO - 
================================================================================
DAG File Processing Stats

File Path                                 PID    Runtime      # DAGs    # Errors  Last Runtime    Last Run
----------------------------------------  -----  ---------  --------  ----------  --------------  -------------------
/opt/airflow/dags/shopstream_pipeline.py                           1           0  0.26s           2026-04-07T17:07:41
================================================================================
[2026-04-07T17:08:25.477+0000] {manager.py:878} INFO - 
================================================================================
DAG File Processing Stats

File Path                                 PID    Runtime      # DAGs    # Errors  Last Runtime    Last Run
----------------------------------------  -----  ---------  --------  ----------  --------------  -------------------
/opt/airflow/dags/shopstream_pipeline.py                           1           0  0.31s           2026-04-07T17:08:11
================================================================================
[2026-04-07T17:08:56.886+0000] {manager.py:878} INFO - 
================================================================================
DAG File Processing Stats

File Path                                 PID    Runtime      # DAGs    # Errors  Last Runtime    Last Run
----------------------------------------  -----  ---------  --------  ----------  --------------  -------------------
/opt/airflow/dags/shopstream_pipeline.py                           1           0  0.24s           2026-04-07T17:08:41
================================================================================
[2026-04-07T17:09:28.216+0000] {manager.py:878} INFO - 
================================================================================
DAG File Processing Stats

File Path                                 PID    Runtime      # DAGs    # Errors  Last Runtime    Last Run
----------------------------------------  -----  ---------  --------  ----------  --------------  -------------------
/opt/airflow/dags/shopstream_pipeline.py                           1           0  0.32s           2026-04-07T17:09:12
================================================================================
[2026-04-07T17:09:34.028+0000] {manager.py:737} INFO - Searching for files in /opt/airflow/dags
[2026-04-07T17:09:34.153+0000] {manager.py:740} INFO - There are 1 files in /opt/airflow/dags
[2026-04-07T17:09:59.629+0000] {manager.py:878} INFO - 
================================================================================
DAG File Processing Stats

File Path                                 PID    Runtime      # DAGs    # Errors  Last Runtime    Last Run
----------------------------------------  -----  ---------  --------  ----------  --------------  -------------------
/opt/airflow/dags/shopstream_pipeline.py                           1           0  0.21s           2026-04-07T17:09:42
================================================================================
[2026-04-07T17:10:30.942+0000] {manager.py:878} INFO - 
================================================================================
DAG File Processing Stats

File Path                                 PID    Runtime      # DAGs    # Errors  Last Runtime    Last Run
----------------------------------------  -----  ---------  --------  ----------  --------------  -------------------
/opt/airflow/dags/shopstream_pipeline.py                           1           0  0.23s           2026-04-07T17:10:12
================================================================================
[2026-04-07T17:11:02.382+0000] {manager.py:878} INFO - 
================================================================================
DAG File Processing Stats

File Path                                 PID    Runtime      # DAGs    # Errors  Last Runtime    Last Run
----------------------------------------  -----  ---------  --------  ----------  --------------  -------------------
/opt/airflow/dags/shopstream_pipeline.py                           1           0  0.24s           2026-04-07T17:10:43
================================================================================
[2026-04-07T17:11:02.974+0000] {manager.py:452} INFO - Exiting gracefully upon receiving signal 15
