[2026-04-07T17:30:42.416+0000] {local_task_job_runner.py:120} INFO - ::group::Pre task execution logs
[2026-04-07T17:30:42.487+0000] {taskinstance.py:2076} INFO - Dependencies all met for dep_context=non-requeueable deps ti=<TaskInstance: shopstream_pipeline.run_pyspark_transforms scheduled__2026-04-06T06:00:00+00:00 [queued]>
[2026-04-07T17:30:42.516+0000] {taskinstance.py:2076} INFO - Dependencies all met for dep_context=requeueable deps ti=<TaskInstance: shopstream_pipeline.run_pyspark_transforms scheduled__2026-04-06T06:00:00+00:00 [queued]>
[2026-04-07T17:30:42.519+0000] {taskinstance.py:2306} INFO - Starting attempt 3 of 3
[2026-04-07T17:30:42.551+0000] {taskinstance.py:2330} INFO - Executing <Task(PythonOperator): run_pyspark_transforms> on 2026-04-06 06:00:00+00:00
[2026-04-07T17:30:42.565+0000] {standard_task_runner.py:90} INFO - Running: ['***', 'tasks', 'run', 'shopstream_pipeline', 'run_pyspark_transforms', 'scheduled__2026-04-06T06:00:00+00:00', '--job-id', '12', '--raw', '--subdir', 'DAGS_FOLDER/shopstream_pipeline.py', '--cfg-path', '/tmp/tmpx7fs_fzm']
[2026-04-07T17:30:42.569+0000] {logging_mixin.py:188} WARNING - /home/***/.local/lib/python3.12/site-packages/***/task/task_runner/standard_task_runner.py:61 DeprecationWarning: This process (pid=555) is multi-threaded, use of fork() may lead to deadlocks in the child.
[2026-04-07T17:30:42.570+0000] {standard_task_runner.py:91} INFO - Job 12: Subtask run_pyspark_transforms
[2026-04-07T17:30:42.571+0000] {standard_task_runner.py:63} INFO - Started process 556 to run task
[2026-04-07T17:30:42.809+0000] {task_command.py:426} INFO - Running <TaskInstance: shopstream_pipeline.run_pyspark_transforms scheduled__2026-04-06T06:00:00+00:00 [running]> on host 51b586b7f65d
[2026-04-07T17:30:43.010+0000] {taskinstance.py:2648} INFO - Exporting env vars: AIRFLOW_CTX_DAG_OWNER='navdeep' AIRFLOW_CTX_DAG_ID='shopstream_pipeline' AIRFLOW_CTX_TASK_ID='run_pyspark_transforms' AIRFLOW_CTX_EXECUTION_DATE='2026-04-06T06:00:00+00:00' AIRFLOW_CTX_TRY_NUMBER='3' AIRFLOW_CTX_DAG_RUN_ID='scheduled__2026-04-06T06:00:00+00:00'
[2026-04-07T17:30:43.013+0000] {taskinstance.py:430} INFO - ::endgroup::
[2026-04-07T17:30:43.228+0000] {taskinstance.py:441} INFO - ::group::Post task execution logs
[2026-04-07T17:30:43.230+0000] {taskinstance.py:2905} ERROR - Task failed with exception
Traceback (most recent call last):
  File "/home/airflow/.local/lib/python3.12/site-packages/airflow/models/taskinstance.py", line 465, in _execute_task
    result = _execute_callable(context=context, **execute_callable_kwargs)
             ^^^^^^^^^^^^^^^^^^^^^^^^^^^^^^^^^^^^^^^^^^^^^^^^^^^^^^^^^^^^^
  File "/home/airflow/.local/lib/python3.12/site-packages/airflow/models/taskinstance.py", line 432, in _execute_callable
    return execute_callable(context=context, **execute_callable_kwargs)
           ^^^^^^^^^^^^^^^^^^^^^^^^^^^^^^^^^^^^^^^^^^^^^^^^^^^^^^^^^^^^
  File "/home/airflow/.local/lib/python3.12/site-packages/airflow/models/baseoperator.py", line 400, in wrapper
    return func(self, *args, **kwargs)
           ^^^^^^^^^^^^^^^^^^^^^^^^^^^
  File "/home/airflow/.local/lib/python3.12/site-packages/airflow/operators/python.py", line 235, in execute
    return_value = self.execute_callable()
                   ^^^^^^^^^^^^^^^^^^^^^^^
  File "/home/airflow/.local/lib/python3.12/site-packages/airflow/operators/python.py", line 252, in execute_callable
    return self.python_callable(*self.op_args, **self.op_kwargs)
           ^^^^^^^^^^^^^^^^^^^^^^^^^^^^^^^^^^^^^^^^^^^^^^^^^^^^^
  File "/opt/airflow/dags/shopstream_pipeline.py", line 31, in run_transformation
    raise Exception(f"Transformation failed:\n{result.stderr}")
Exception: Transformation failed:
Traceback (most recent call last):
  File "/opt/***/pipelines/transform.py", line 1, in <module>
    from pyspark.sql import SparkSession
ModuleNotFoundError: No module named 'pyspark'

[2026-04-07T17:30:43.266+0000] {taskinstance.py:1206} INFO - Marking task as FAILED. dag_id=shopstream_pipeline, task_id=run_pyspark_transforms, run_id=scheduled__2026-04-06T06:00:00+00:00, execution_date=20260406T060000, start_date=20260407T173042, end_date=20260407T173043
[2026-04-07T17:30:43.289+0000] {standard_task_runner.py:110} ERROR - Failed to execute job 12 for task run_pyspark_transforms (Transformation failed:
Traceback (most recent call last):
  File "/opt/***/pipelines/transform.py", line 1, in <module>
    from pyspark.sql import SparkSession
ModuleNotFoundError: No module named 'pyspark'
; 556)
[2026-04-07T17:30:43.311+0000] {local_task_job_runner.py:240} INFO - Task exited with return code 1
[2026-04-07T17:30:43.371+0000] {taskinstance.py:3498} INFO - 0 downstream tasks scheduled from follow-on schedule check
[2026-04-07T17:30:43.382+0000] {local_task_job_runner.py:222} INFO - ::endgroup::
