[2026-04-07T17:26:39.687+0000] {local_task_job_runner.py:120} INFO - ::group::Pre task execution logs
[2026-04-07T17:26:39.728+0000] {taskinstance.py:2076} INFO - Dependencies all met for dep_context=non-requeueable deps ti=<TaskInstance: shopstream_pipeline.run_pyspark_transforms scheduled__2026-04-06T06:00:00+00:00 [queued]>
[2026-04-07T17:26:39.742+0000] {taskinstance.py:2076} INFO - Dependencies all met for dep_context=requeueable deps ti=<TaskInstance: shopstream_pipeline.run_pyspark_transforms scheduled__2026-04-06T06:00:00+00:00 [queued]>
[2026-04-07T17:26:39.743+0000] {taskinstance.py:2306} INFO - Starting attempt 1 of 3
[2026-04-07T17:26:39.764+0000] {taskinstance.py:2330} INFO - Executing <Task(PythonOperator): run_pyspark_transforms> on 2026-04-06 06:00:00+00:00
[2026-04-07T17:26:39.774+0000] {standard_task_runner.py:90} INFO - Running: ['***', 'tasks', 'run', 'shopstream_pipeline', 'run_pyspark_transforms', 'scheduled__2026-04-06T06:00:00+00:00', '--job-id', '9', '--raw', '--subdir', 'DAGS_FOLDER/shopstream_pipeline.py', '--cfg-path', '/tmp/tmpjam20f_o']
[2026-04-07T17:26:39.778+0000] {standard_task_runner.py:91} INFO - Job 9: Subtask run_pyspark_transforms
[2026-04-07T17:26:39.782+0000] {logging_mixin.py:188} WARNING - /home/***/.local/lib/python3.12/site-packages/***/task/task_runner/standard_task_runner.py:61 DeprecationWarning: This process (pid=506) is multi-threaded, use of fork() may lead to deadlocks in the child.
[2026-04-07T17:26:39.785+0000] {standard_task_runner.py:63} INFO - Started process 507 to run task
[2026-04-07T17:26:39.907+0000] {task_command.py:426} INFO - Running <TaskInstance: shopstream_pipeline.run_pyspark_transforms scheduled__2026-04-06T06:00:00+00:00 [running]> on host 51b586b7f65d
[2026-04-07T17:26:40.024+0000] {taskinstance.py:2648} INFO - Exporting env vars: AIRFLOW_CTX_DAG_OWNER='navdeep' AIRFLOW_CTX_DAG_ID='shopstream_pipeline' AIRFLOW_CTX_TASK_ID='run_pyspark_transforms' AIRFLOW_CTX_EXECUTION_DATE='2026-04-06T06:00:00+00:00' AIRFLOW_CTX_TRY_NUMBER='1' AIRFLOW_CTX_DAG_RUN_ID='scheduled__2026-04-06T06:00:00+00:00'
[2026-04-07T17:26:40.025+0000] {taskinstance.py:430} INFO - ::endgroup::
[2026-04-07T17:26:40.142+0000] {taskinstance.py:441} INFO - ::group::Post task execution logs
[2026-04-07T17:26:40.144+0000] {taskinstance.py:2905} ERROR - Task failed with exception
Traceback (most recent call last):
  File "/home/airflow/.local/lib/python3.12/site-packages/airflow/models/taskinstance.py", line 465, in _execute_task
    result = _execute_callable(context=context, **execute_callable_kwargs)
             ^^^^^^^^^^^^^^^^^^^^^^^^^^^^^^^^^^^^^^^^^^^^^^^^^^^^^^^^^^^^^
  File "/home/airflow/.local/lib/python3.12/site-packages/airflow/models/taskinstance.py", line 432, in _execute_callable
    return execute_callable(context=context, **execute_callable_kwargs)
           ^^^^^^^^^^^^^^^^^^^^^^^^^^^^^^^^^^^^^^^^^^^^^^^^^^^^^^^^^^^^
  File "/home/airflow/.local/lib/python3.12/site-packages/airflow/models/baseoperator.py", line 400, in wrapper
    return func(self, *args, **kwargs)
           ^^^^^^^^^^^^^^^^^^^^^^^^^^^
  File "/home/airflow/.local/lib/python3.12/site-packages/airflow/operators/python.py", line 235, in execute
    return_value = self.execute_callable()
                   ^^^^^^^^^^^^^^^^^^^^^^^
  File "/home/airflow/.local/lib/python3.12/site-packages/airflow/operators/python.py", line 252, in execute_callable
    return self.python_callable(*self.op_args, **self.op_kwargs)
           ^^^^^^^^^^^^^^^^^^^^^^^^^^^^^^^^^^^^^^^^^^^^^^^^^^^^^
  File "/opt/airflow/dags/shopstream_pipeline.py", line 31, in run_transformation
    raise Exception(f"Transformation failed:\n{result.stderr}")
Exception: Transformation failed:
Traceback (most recent call last):
  File "/opt/***/pipelines/transform.py", line 1, in <module>
    from pyspark.sql import SparkSession
ModuleNotFoundError: No module named 'pyspark'

[2026-04-07T17:26:40.172+0000] {taskinstance.py:1206} INFO - Marking task as UP_FOR_RETRY. dag_id=shopstream_pipeline, task_id=run_pyspark_transforms, run_id=scheduled__2026-04-06T06:00:00+00:00, execution_date=20260406T060000, start_date=20260407T172639, end_date=20260407T172640
[2026-04-07T17:26:40.189+0000] {standard_task_runner.py:110} ERROR - Failed to execute job 9 for task run_pyspark_transforms (Transformation failed:
Traceback (most recent call last):
  File "/opt/***/pipelines/transform.py", line 1, in <module>
    from pyspark.sql import SparkSession
ModuleNotFoundError: No module named 'pyspark'
; 507)
[2026-04-07T17:26:40.243+0000] {local_task_job_runner.py:240} INFO - Task exited with return code 1
[2026-04-07T17:26:40.329+0000] {taskinstance.py:3498} INFO - 0 downstream tasks scheduled from follow-on schedule check
[2026-04-07T17:26:40.337+0000] {local_task_job_runner.py:222} INFO - ::endgroup::
[2026-04-07T18:15:53.404+0000] {local_task_job_runner.py:120} INFO - ::group::Pre task execution logs
[2026-04-07T18:15:53.486+0000] {taskinstance.py:2076} INFO - Dependencies all met for dep_context=non-requeueable deps ti=<TaskInstance: shopstream_pipeline.run_pyspark_transforms scheduled__2026-04-06T06:00:00+00:00 [queued]>
[2026-04-07T18:15:53.516+0000] {taskinstance.py:2076} INFO - Dependencies all met for dep_context=requeueable deps ti=<TaskInstance: shopstream_pipeline.run_pyspark_transforms scheduled__2026-04-06T06:00:00+00:00 [queued]>
[2026-04-07T18:15:53.519+0000] {taskinstance.py:2306} INFO - Starting attempt 1 of 3
[2026-04-07T18:15:53.543+0000] {taskinstance.py:2330} INFO - Executing <Task(PythonOperator): run_pyspark_transforms> on 2026-04-06 06:00:00+00:00
[2026-04-07T18:15:53.560+0000] {standard_task_runner.py:90} INFO - Running: ['***', 'tasks', 'run', 'shopstream_pipeline', 'run_pyspark_transforms', 'scheduled__2026-04-06T06:00:00+00:00', '--job-id', '5', '--raw', '--subdir', 'DAGS_FOLDER/shopstream_pipeline.py', '--cfg-path', '/tmp/tmpp4qaucrk']
[2026-04-07T18:15:53.566+0000] {logging_mixin.py:188} WARNING - /home/***/.local/lib/python3.12/site-packages/***/task/task_runner/standard_task_runner.py:61 DeprecationWarning: This process (pid=443) is multi-threaded, use of fork() may lead to deadlocks in the child.
[2026-04-07T18:15:53.568+0000] {standard_task_runner.py:91} INFO - Job 5: Subtask run_pyspark_transforms
[2026-04-07T18:15:53.570+0000] {standard_task_runner.py:63} INFO - Started process 444 to run task
[2026-04-07T18:15:53.750+0000] {task_command.py:426} INFO - Running <TaskInstance: shopstream_pipeline.run_pyspark_transforms scheduled__2026-04-06T06:00:00+00:00 [running]> on host 6b94f4fc707d
[2026-04-07T18:15:54.067+0000] {taskinstance.py:2648} INFO - Exporting env vars: AIRFLOW_CTX_DAG_OWNER='navdeep' AIRFLOW_CTX_DAG_ID='shopstream_pipeline' AIRFLOW_CTX_TASK_ID='run_pyspark_transforms' AIRFLOW_CTX_EXECUTION_DATE='2026-04-06T06:00:00+00:00' AIRFLOW_CTX_TRY_NUMBER='1' AIRFLOW_CTX_DAG_RUN_ID='scheduled__2026-04-06T06:00:00+00:00'
[2026-04-07T18:15:54.071+0000] {taskinstance.py:430} INFO - ::endgroup::
[2026-04-07T18:15:56.802+0000] {logging_mixin.py:188} INFO -                  tbl  rows
       dim_customers  1000
        dim_products   200
          fct_orders  5000
fct_customer_metrics   964
[2026-04-07T18:15:57.022+0000] {logging_mixin.py:188} INFO - Transformations complete!
[2026-04-07T18:15:57.025+0000] {python.py:237} INFO - Done. Returned value was: None
[2026-04-07T18:15:57.028+0000] {taskinstance.py:441} INFO - ::group::Post task execution logs
[2026-04-07T18:15:57.058+0000] {taskinstance.py:1206} INFO - Marking task as SUCCESS. dag_id=shopstream_pipeline, task_id=run_pyspark_transforms, run_id=scheduled__2026-04-06T06:00:00+00:00, execution_date=20260406T060000, start_date=20260407T181553, end_date=20260407T181557
[2026-04-07T18:15:57.134+0000] {local_task_job_runner.py:240} INFO - Task exited with return code 0
[2026-04-07T18:15:57.214+0000] {taskinstance.py:3498} INFO - 1 downstream tasks scheduled from follow-on schedule check
[2026-04-07T18:15:57.222+0000] {local_task_job_runner.py:222} INFO - ::endgroup::
