[2026-04-07T06:40:50.184+0000] {local_task_job_runner.py:120} INFO - ::group::Pre task execution logs
[2026-04-07T06:40:50.211+0000] {taskinstance.py:2076} INFO - Dependencies all met for dep_context=non-requeueable deps ti=<TaskInstance: shopstream_pipeline.ingest_raw_data scheduled__2026-04-06T06:00:00+00:00 [queued]>
[2026-04-07T06:40:50.217+0000] {taskinstance.py:2076} INFO - Dependencies all met for dep_context=requeueable deps ti=<TaskInstance: shopstream_pipeline.ingest_raw_data scheduled__2026-04-06T06:00:00+00:00 [queued]>
[2026-04-07T06:40:50.218+0000] {taskinstance.py:2306} INFO - Starting attempt 2 of 3
[2026-04-07T06:40:50.229+0000] {taskinstance.py:2330} INFO - Executing <Task(PythonOperator): ingest_raw_data> on 2026-04-06 06:00:00+00:00
[2026-04-07T06:40:50.238+0000] {logging_mixin.py:188} WARNING - /home/***/.local/lib/python3.12/site-packages/***/task/task_runner/standard_task_runner.py:61 DeprecationWarning: This process (pid=260) is multi-threaded, use of fork() may lead to deadlocks in the child.
[2026-04-07T06:40:50.236+0000] {standard_task_runner.py:90} INFO - Running: ['***', 'tasks', 'run', 'shopstream_pipeline', 'ingest_raw_data', 'scheduled__2026-04-06T06:00:00+00:00', '--job-id', '4', '--raw', '--subdir', 'DAGS_FOLDER/shopstream_pipeline.py', '--cfg-path', '/tmp/tmpt07fqgn4']
[2026-04-07T06:40:50.239+0000] {standard_task_runner.py:63} INFO - Started process 261 to run task
[2026-04-07T06:40:50.239+0000] {standard_task_runner.py:91} INFO - Job 4: Subtask ingest_raw_data
[2026-04-07T06:40:50.314+0000] {task_command.py:426} INFO - Running <TaskInstance: shopstream_pipeline.ingest_raw_data scheduled__2026-04-06T06:00:00+00:00 [running]> on host d4c8dd33aac7
[2026-04-07T06:40:50.397+0000] {taskinstance.py:2648} INFO - Exporting env vars: AIRFLOW_CTX_DAG_OWNER='navdeep' AIRFLOW_CTX_DAG_ID='shopstream_pipeline' AIRFLOW_CTX_TASK_ID='ingest_raw_data' AIRFLOW_CTX_EXECUTION_DATE='2026-04-06T06:00:00+00:00' AIRFLOW_CTX_TRY_NUMBER='2' AIRFLOW_CTX_DAG_RUN_ID='scheduled__2026-04-06T06:00:00+00:00'
[2026-04-07T06:40:50.399+0000] {taskinstance.py:430} INFO - ::endgroup::
[2026-04-07T06:40:51.177+0000] {taskinstance.py:441} INFO - ::group::Post task execution logs
[2026-04-07T06:40:51.177+0000] {taskinstance.py:2905} ERROR - Task failed with exception
Traceback (most recent call last):
  File "/home/airflow/.local/lib/python3.12/site-packages/airflow/models/taskinstance.py", line 465, in _execute_task
    result = _execute_callable(context=context, **execute_callable_kwargs)
             ^^^^^^^^^^^^^^^^^^^^^^^^^^^^^^^^^^^^^^^^^^^^^^^^^^^^^^^^^^^^^
  File "/home/airflow/.local/lib/python3.12/site-packages/airflow/models/taskinstance.py", line 432, in _execute_callable
    return execute_callable(context=context, **execute_callable_kwargs)
           ^^^^^^^^^^^^^^^^^^^^^^^^^^^^^^^^^^^^^^^^^^^^^^^^^^^^^^^^^^^^
  File "/home/airflow/.local/lib/python3.12/site-packages/airflow/models/baseoperator.py", line 400, in wrapper
    return func(self, *args, **kwargs)
           ^^^^^^^^^^^^^^^^^^^^^^^^^^^
  File "/home/airflow/.local/lib/python3.12/site-packages/airflow/operators/python.py", line 235, in execute
    return_value = self.execute_callable()
                   ^^^^^^^^^^^^^^^^^^^^^^^
  File "/home/airflow/.local/lib/python3.12/site-packages/airflow/operators/python.py", line 252, in execute_callable
    return self.python_callable(*self.op_args, **self.op_kwargs)
           ^^^^^^^^^^^^^^^^^^^^^^^^^^^^^^^^^^^^^^^^^^^^^^^^^^^^^
  File "/opt/airflow/dags/shopstream_pipeline.py", line 22, in run_ingestion
    raise Exception(f"Ingestion failed:\n{result.stderr}")
Exception: Ingestion failed:
Traceback (most recent call last):
  File "/opt/***/pipelines/ingest.py", line 3, in <module>
    import duckdb
ModuleNotFoundError: No module named 'duckdb'

[2026-04-07T06:40:51.191+0000] {taskinstance.py:1206} INFO - Marking task as UP_FOR_RETRY. dag_id=shopstream_pipeline, task_id=ingest_raw_data, run_id=scheduled__2026-04-06T06:00:00+00:00, execution_date=20260406T060000, start_date=20260407T064050, end_date=20260407T064051
[2026-04-07T06:40:51.205+0000] {standard_task_runner.py:110} ERROR - Failed to execute job 4 for task ingest_raw_data (Ingestion failed:
Traceback (most recent call last):
  File "/opt/***/pipelines/ingest.py", line 3, in <module>
    import duckdb
ModuleNotFoundError: No module named 'duckdb'
; 261)
[2026-04-07T06:40:51.215+0000] {local_task_job_runner.py:240} INFO - Task exited with return code 1
[2026-04-07T06:40:51.236+0000] {taskinstance.py:3498} INFO - 0 downstream tasks scheduled from follow-on schedule check
[2026-04-07T06:40:51.239+0000] {local_task_job_runner.py:222} INFO - ::endgroup::
[2026-04-07T17:26:17.884+0000] {local_task_job_runner.py:120} INFO - ::group::Pre task execution logs
[2026-04-07T17:26:17.933+0000] {taskinstance.py:2076} INFO - Dependencies all met for dep_context=non-requeueable deps ti=<TaskInstance: shopstream_pipeline.ingest_raw_data scheduled__2026-04-06T06:00:00+00:00 [queued]>
[2026-04-07T17:26:17.944+0000] {taskinstance.py:2076} INFO - Dependencies all met for dep_context=requeueable deps ti=<TaskInstance: shopstream_pipeline.ingest_raw_data scheduled__2026-04-06T06:00:00+00:00 [queued]>
[2026-04-07T17:26:17.946+0000] {taskinstance.py:2306} INFO - Starting attempt 2 of 3
[2026-04-07T17:26:17.967+0000] {taskinstance.py:2330} INFO - Executing <Task(PythonOperator): ingest_raw_data> on 2026-04-06 06:00:00+00:00
[2026-04-07T17:26:17.978+0000] {standard_task_runner.py:90} INFO - Running: ['***', 'tasks', 'run', 'shopstream_pipeline', 'ingest_raw_data', 'scheduled__2026-04-06T06:00:00+00:00', '--job-id', '6', '--raw', '--subdir', 'DAGS_FOLDER/shopstream_pipeline.py', '--cfg-path', '/tmp/tmpii3inpm4']
[2026-04-07T17:26:17.983+0000] {logging_mixin.py:188} WARNING - /home/***/.local/lib/python3.12/site-packages/***/task/task_runner/standard_task_runner.py:61 DeprecationWarning: This process (pid=417) is multi-threaded, use of fork() may lead to deadlocks in the child.
[2026-04-07T17:26:17.983+0000] {standard_task_runner.py:91} INFO - Job 6: Subtask ingest_raw_data
[2026-04-07T17:26:17.984+0000] {standard_task_runner.py:63} INFO - Started process 418 to run task
[2026-04-07T17:26:18.095+0000] {task_command.py:426} INFO - Running <TaskInstance: shopstream_pipeline.ingest_raw_data scheduled__2026-04-06T06:00:00+00:00 [running]> on host 51b586b7f65d
[2026-04-07T17:26:18.238+0000] {taskinstance.py:2648} INFO - Exporting env vars: AIRFLOW_CTX_DAG_OWNER='navdeep' AIRFLOW_CTX_DAG_ID='shopstream_pipeline' AIRFLOW_CTX_TASK_ID='ingest_raw_data' AIRFLOW_CTX_EXECUTION_DATE='2026-04-06T06:00:00+00:00' AIRFLOW_CTX_TRY_NUMBER='2' AIRFLOW_CTX_DAG_RUN_ID='scheduled__2026-04-06T06:00:00+00:00'
[2026-04-07T17:26:18.240+0000] {taskinstance.py:430} INFO - ::endgroup::
[2026-04-07T17:26:36.186+0000] {logging_mixin.py:188} INFO - Phase 2 — ingestion starting...

  Loading CSVs...
  Casting types...

  Writing to SQLite → data/shopstream.db

  Running validation queries...
    Total customers          : [(1010,)]
    Duplicate customers      : [(10,)]
    Missing emails           : [(19,)]
    Total orders             : [(5000,)]
    Orders by status         : [('cancelled', 510), ('completed', 3473), ('pending', 749), ('refunded', 268)]
    Total order items        : [(15205,)]
    Missing shipping city    : [(151,)]
    Total events             : [(50000,)]
    Anonymous events         : [(7475,)]
    Revenue (completed)      : [(5113032.8,)]

  Writing to DuckDB → data/shopstream.duckdb

  DuckDB — revenue by product category:
     category  num_orders  total_revenue  avg_line_value
  Electronics        1658     2587211.85         1191.17
       Sports        1586     1086671.46          524.20
Home & Garden        1584      851203.34          413.01
     Clothing        1688      450614.47          203.44
        Books        1602      137331.68           65.21

 Phase 2 complete!
   SQLite  → data/shopstream.db
   DuckDB  → data/shopstream.duckdb
[2026-04-07T17:26:36.187+0000] {python.py:237} INFO - Done. Returned value was: None
[2026-04-07T17:26:36.191+0000] {taskinstance.py:441} INFO - ::group::Post task execution logs
[2026-04-07T17:26:36.205+0000] {taskinstance.py:1206} INFO - Marking task as SUCCESS. dag_id=shopstream_pipeline, task_id=ingest_raw_data, run_id=scheduled__2026-04-06T06:00:00+00:00, execution_date=20260406T060000, start_date=20260407T172617, end_date=20260407T172636
[2026-04-07T17:26:36.237+0000] {local_task_job_runner.py:240} INFO - Task exited with return code 0
[2026-04-07T17:26:36.268+0000] {taskinstance.py:3498} INFO - 1 downstream tasks scheduled from follow-on schedule check
[2026-04-07T17:26:36.271+0000] {local_task_job_runner.py:222} INFO - ::endgroup::
