[2026-04-07T19:07:58.559+0000] {local_task_job_runner.py:120} INFO - ::group::Pre task execution logs
[2026-04-07T19:07:58.617+0000] {taskinstance.py:2076} INFO - Dependencies all met for dep_context=non-requeueable deps ti=<TaskInstance: shopstream_pipeline.log_pipeline_stats manual__2026-04-07T19:07:17.291713+00:00 [queued]>
[2026-04-07T19:07:58.632+0000] {taskinstance.py:2076} INFO - Dependencies all met for dep_context=requeueable deps ti=<TaskInstance: shopstream_pipeline.log_pipeline_stats manual__2026-04-07T19:07:17.291713+00:00 [queued]>
[2026-04-07T19:07:58.633+0000] {taskinstance.py:2306} INFO - Starting attempt 1 of 3
[2026-04-07T19:07:58.657+0000] {taskinstance.py:2330} INFO - Executing <Task(PythonOperator): log_pipeline_stats> on 2026-04-07 19:07:17.291713+00:00
[2026-04-07T19:07:58.678+0000] {logging_mixin.py:188} WARNING - /home/***/.local/lib/python3.12/site-packages/***/task/task_runner/standard_task_runner.py:61 DeprecationWarning: This process (pid=1550) is multi-threaded, use of fork() may lead to deadlocks in the child.
[2026-04-07T19:07:58.678+0000] {standard_task_runner.py:90} INFO - Running: ['***', 'tasks', 'run', 'shopstream_pipeline', 'log_pipeline_stats', 'manual__2026-04-07T19:07:17.291713+00:00', '--job-id', '17', '--raw', '--subdir', 'DAGS_FOLDER/shopstream_pipeline.py', '--cfg-path', '/tmp/tmpd5sxt8do']
[2026-04-07T19:07:58.681+0000] {standard_task_runner.py:63} INFO - Started process 1551 to run task
[2026-04-07T19:07:58.681+0000] {standard_task_runner.py:91} INFO - Job 17: Subtask log_pipeline_stats
[2026-04-07T19:07:58.808+0000] {task_command.py:426} INFO - Running <TaskInstance: shopstream_pipeline.log_pipeline_stats manual__2026-04-07T19:07:17.291713+00:00 [running]> on host 6b94f4fc707d
[2026-04-07T19:07:58.921+0000] {taskinstance.py:2648} INFO - Exporting env vars: AIRFLOW_CTX_DAG_OWNER='navdeep' AIRFLOW_CTX_DAG_ID='shopstream_pipeline' AIRFLOW_CTX_TASK_ID='log_pipeline_stats' AIRFLOW_CTX_EXECUTION_DATE='2026-04-07T19:07:17.291713+00:00' AIRFLOW_CTX_TRY_NUMBER='1' AIRFLOW_CTX_DAG_RUN_ID='manual__2026-04-07T19:07:17.291713+00:00'
[2026-04-07T19:07:58.922+0000] {taskinstance.py:430} INFO - ::endgroup::
[2026-04-07T19:07:59.040+0000] {logging_mixin.py:188} INFO - 
    ╔══════════════════════════════════╗
    ║   ShopStream Pipeline Stats      ║
    ╠══════════════════════════════════╣
    ║  Completed orders :      3,473  ║
    ║  Total revenue    : $5,113,032.80  ║
    ║  Unique customers :        964  ║
    ╚══════════════════════════════════╝
    
[2026-04-07T19:07:59.044+0000] {python.py:237} INFO - Done. Returned value was: None
[2026-04-07T19:07:59.045+0000] {taskinstance.py:441} INFO - ::group::Post task execution logs
[2026-04-07T19:07:59.057+0000] {taskinstance.py:1206} INFO - Marking task as SUCCESS. dag_id=shopstream_pipeline, task_id=log_pipeline_stats, run_id=manual__2026-04-07T19:07:17.291713+00:00, execution_date=20260407T190717, start_date=20260407T190758, end_date=20260407T190759
[2026-04-07T19:07:59.095+0000] {local_task_job_runner.py:240} INFO - Task exited with return code 0
[2026-04-07T19:07:59.120+0000] {taskinstance.py:3498} INFO - 0 downstream tasks scheduled from follow-on schedule check
[2026-04-07T19:07:59.124+0000] {local_task_job_runner.py:222} INFO - ::endgroup::
