[2026-04-07T18:17:06.704+0000] {local_task_job_runner.py:120} INFO - ::group::Pre task execution logs
[2026-04-07T18:17:06.757+0000] {taskinstance.py:2076} INFO - Dependencies all met for dep_context=non-requeueable deps ti=<TaskInstance: shopstream_pipeline.run_dbt_models manual__2026-04-07T18:15:27.170831+00:00 [queued]>
[2026-04-07T18:17:06.773+0000] {taskinstance.py:2076} INFO - Dependencies all met for dep_context=requeueable deps ti=<TaskInstance: shopstream_pipeline.run_dbt_models manual__2026-04-07T18:15:27.170831+00:00 [queued]>
[2026-04-07T18:17:06.774+0000] {taskinstance.py:2306} INFO - Starting attempt 1 of 3
[2026-04-07T18:17:06.798+0000] {taskinstance.py:2330} INFO - Executing <Task(PythonOperator): run_dbt_models> on 2026-04-07 18:15:27.170831+00:00
[2026-04-07T18:17:06.809+0000] {standard_task_runner.py:90} INFO - Running: ['***', 'tasks', 'run', 'shopstream_pipeline', 'run_dbt_models', 'manual__2026-04-07T18:15:27.170831+00:00', '--job-id', '11', '--raw', '--subdir', 'DAGS_FOLDER/shopstream_pipeline.py', '--cfg-path', '/tmp/tmp1mjjpzfy']
[2026-04-07T18:17:06.815+0000] {logging_mixin.py:188} WARNING - /home/***/.local/lib/python3.12/site-packages/***/task/task_runner/standard_task_runner.py:61 DeprecationWarning: This process (pid=755) is multi-threaded, use of fork() may lead to deadlocks in the child.
[2026-04-07T18:17:06.819+0000] {standard_task_runner.py:91} INFO - Job 11: Subtask run_dbt_models
[2026-04-07T18:17:06.820+0000] {standard_task_runner.py:63} INFO - Started process 756 to run task
[2026-04-07T18:17:06.939+0000] {task_command.py:426} INFO - Running <TaskInstance: shopstream_pipeline.run_dbt_models manual__2026-04-07T18:15:27.170831+00:00 [running]> on host 6b94f4fc707d
[2026-04-07T18:17:07.092+0000] {taskinstance.py:2648} INFO - Exporting env vars: AIRFLOW_CTX_DAG_OWNER='navdeep' AIRFLOW_CTX_DAG_ID='shopstream_pipeline' AIRFLOW_CTX_TASK_ID='run_dbt_models' AIRFLOW_CTX_EXECUTION_DATE='2026-04-07T18:15:27.170831+00:00' AIRFLOW_CTX_TRY_NUMBER='1' AIRFLOW_CTX_DAG_RUN_ID='manual__2026-04-07T18:15:27.170831+00:00'
[2026-04-07T18:17:07.095+0000] {taskinstance.py:430} INFO - ::endgroup::
[2026-04-07T18:17:13.565+0000] {logging_mixin.py:188} INFO - Running dbt...
[2026-04-07T18:17:22.682+0000] {logging_mixin.py:188} INFO - 18:17:18  Running with dbt=1.11.7
18:17:18  Registered adapter: duckdb=1.10.1
18:17:19  [WARNING]: Configuration paths exist in your dbt_project.yml file which do not apply to any resources.
There are 1 unused configuration paths:
- models.shopstream_dbt.intermediate
18:17:19  Found 5 models, 11 data tests, 475 macros
18:17:19  
18:17:19  Concurrency: 4 threads (target='dev')
18:17:19  
18:17:20  1 of 5 START sql view model main.stg_customers ................................. [RUN]
18:17:20  2 of 5 START sql view model main.stg_order_items ............................... [RUN]
18:17:20  3 of 5 START sql view model main.stg_orders .................................... [RUN]
18:17:20  4 of 5 START sql view model main.stg_products .................................. [RUN]
18:17:20  2 of 5 OK created sql view model main.stg_order_items .......................... [OK in 0.66s]
18:17:20  4 of 5 OK created sql view model main.stg_products ............................. [OK in 0.67s]
18:17:20  3 of 5 OK created sql view model main.stg_orders ............................... [OK in 0.68s]
18:17:20  1 of 5 OK created sql view model main.stg_customers ............................ [OK in 0.70s]
18:17:20  5 of 5 START sql table model main.mart_orders .................................. [RUN]
18:17:21  5 of 5 OK created sql table model main.mart_orders ............................. [OK in 0.34s]
18:17:21  
18:17:21  Finished running 1 table model, 4 view models in 0 hours 0 minutes and 1.56 seconds (1.56s).
18:17:21  
18:17:21  Completed successfully
18:17:21  
18:17:21  Done. PASS=5 WARN=0 ERROR=0 SKIP=0 NO-OP=0 TOTAL=5
[2026-04-07T18:17:22.684+0000] {logging_mixin.py:188} INFO - Running dbt tests...
[2026-04-07T18:17:30.131+0000] {logging_mixin.py:188} INFO - 18:17:26  Running with dbt=1.11.7
18:17:26  Registered adapter: duckdb=1.10.1
18:17:27  [WARNING]: Configuration paths exist in your dbt_project.yml file which do not apply to any resources.
There are 1 unused configuration paths:
- models.shopstream_dbt.intermediate
18:17:27  Found 5 models, 11 data tests, 475 macros
18:17:27  
18:17:27  Concurrency: 4 threads (target='dev')
18:17:27  
18:17:27  1 of 11 START test accepted_values_stg_customers_segment__VIP__Regular__At_Risk__New  [RUN]
18:17:27  2 of 11 START test accepted_values_stg_orders_status__completed__pending__cancelled__refunded  [RUN]
18:17:27  3 of 11 START test not_null_stg_customers_customer_id .......................... [RUN]
18:17:27  4 of 11 START test not_null_stg_customers_email ................................ [RUN]
18:17:28  2 of 11 PASS accepted_values_stg_orders_status__completed__pending__cancelled__refunded  [PASS in 0.27s]
18:17:28  4 of 11 PASS not_null_stg_customers_email ...................................... [PASS in 0.27s]
18:17:28  1 of 11 PASS accepted_values_stg_customers_segment__VIP__Regular__At_Risk__New . [PASS in 0.28s]
18:17:28  3 of 11 PASS not_null_stg_customers_customer_id ................................ [PASS in 0.28s]
18:17:28  5 of 11 START test not_null_stg_order_items_item_id ............................ [RUN]
18:17:28  6 of 11 START test not_null_stg_orders_order_id ................................ [RUN]
18:17:28  7 of 11 START test not_null_stg_products_product_id ............................ [RUN]
18:17:28  8 of 11 START test unique_stg_customers_customer_id ............................ [RUN]
18:17:28  6 of 11 PASS not_null_stg_orders_order_id ...................................... [PASS in 0.31s]
18:17:28  5 of 11 PASS not_null_stg_order_items_item_id .................................. [PASS in 0.32s]
18:17:28  8 of 11 PASS unique_stg_customers_customer_id .................................. [PASS in 0.32s]
18:17:28  7 of 11 PASS not_null_stg_products_product_id .................................. [PASS in 0.33s]
18:17:28  9 of 11 START test unique_stg_order_items_item_id .............................. [RUN]
18:17:28  10 of 11 START test unique_stg_orders_order_id ................................. [RUN]
18:17:28  11 of 11 START test unique_stg_products_product_id ............................. [RUN]
18:17:28  11 of 11 PASS unique_stg_products_product_id ................................... [PASS in 0.22s]
18:17:28  9 of 11 PASS unique_stg_order_items_item_id .................................... [PASS in 0.24s]
18:17:28  10 of 11 PASS unique_stg_orders_order_id ....................................... [PASS in 0.24s]
18:17:28  
18:17:28  Finished running 11 data tests in 0 hours 0 minutes and 1.20 seconds (1.20s).
18:17:29  
18:17:29  Completed successfully
18:17:29  
18:17:29  Done. PASS=11 WARN=0 ERROR=0 SKIP=0 NO-OP=0 TOTAL=11
[2026-04-07T18:17:30.132+0000] {logging_mixin.py:188} INFO - dbt complete!
[2026-04-07T18:17:30.133+0000] {python.py:237} INFO - Done. Returned value was: None
[2026-04-07T18:17:30.134+0000] {taskinstance.py:441} INFO - ::group::Post task execution logs
[2026-04-07T18:17:30.156+0000] {taskinstance.py:1206} INFO - Marking task as SUCCESS. dag_id=shopstream_pipeline, task_id=run_dbt_models, run_id=manual__2026-04-07T18:15:27.170831+00:00, execution_date=20260407T181527, start_date=20260407T181706, end_date=20260407T181730
[2026-04-07T18:17:30.210+0000] {local_task_job_runner.py:240} INFO - Task exited with return code 0
[2026-04-07T18:17:30.249+0000] {taskinstance.py:3498} INFO - 1 downstream tasks scheduled from follow-on schedule check
[2026-04-07T18:17:30.253+0000] {local_task_job_runner.py:222} INFO - ::endgroup::
