[2026-04-07T18:16:50.412+0000] {local_task_job_runner.py:120} INFO - ::group::Pre task execution logs
[2026-04-07T18:16:50.472+0000] {taskinstance.py:2076} INFO - Dependencies all met for dep_context=non-requeueable deps ti=<TaskInstance: shopstream_pipeline.log_pipeline_stats scheduled__2026-04-06T06:00:00+00:00 [queued]>
[2026-04-07T18:16:50.487+0000] {taskinstance.py:2076} INFO - Dependencies all met for dep_context=requeueable deps ti=<TaskInstance: shopstream_pipeline.log_pipeline_stats scheduled__2026-04-06T06:00:00+00:00 [queued]>
[2026-04-07T18:16:50.488+0000] {taskinstance.py:2306} INFO - Starting attempt 1 of 3
[2026-04-07T18:16:50.514+0000] {taskinstance.py:2330} INFO - Executing <Task(PythonOperator): log_pipeline_stats> on 2026-04-06 06:00:00+00:00
[2026-04-07T18:16:50.525+0000] {standard_task_runner.py:90} INFO - Running: ['***', 'tasks', 'run', 'shopstream_pipeline', 'log_pipeline_stats', 'scheduled__2026-04-06T06:00:00+00:00', '--job-id', '8', '--raw', '--subdir', 'DAGS_FOLDER/shopstream_pipeline.py', '--cfg-path', '/tmp/tmpuxy_a2m2']
[2026-04-07T18:16:50.529+0000] {standard_task_runner.py:91} INFO - Job 8: Subtask log_pipeline_stats
[2026-04-07T18:16:50.533+0000] {logging_mixin.py:188} WARNING - /home/***/.local/lib/python3.12/site-packages/***/task/task_runner/standard_task_runner.py:61 DeprecationWarning: This process (pid=638) is multi-threaded, use of fork() may lead to deadlocks in the child.
[2026-04-07T18:16:50.535+0000] {standard_task_runner.py:63} INFO - Started process 639 to run task
[2026-04-07T18:16:50.649+0000] {task_command.py:426} INFO - Running <TaskInstance: shopstream_pipeline.log_pipeline_stats scheduled__2026-04-06T06:00:00+00:00 [running]> on host 6b94f4fc707d
[2026-04-07T18:16:50.830+0000] {taskinstance.py:2648} INFO - Exporting env vars: AIRFLOW_CTX_DAG_OWNER='navdeep' AIRFLOW_CTX_DAG_ID='shopstream_pipeline' AIRFLOW_CTX_TASK_ID='log_pipeline_stats' AIRFLOW_CTX_EXECUTION_DATE='2026-04-06T06:00:00+00:00' AIRFLOW_CTX_TRY_NUMBER='1' AIRFLOW_CTX_DAG_RUN_ID='scheduled__2026-04-06T06:00:00+00:00'
[2026-04-07T18:16:50.831+0000] {taskinstance.py:430} INFO - ::endgroup::
[2026-04-07T18:16:51.045+0000] {logging_mixin.py:188} INFO - 
    ╔══════════════════════════════════╗
    ║   ShopStream Pipeline Stats      ║
    ╠══════════════════════════════════╣
    ║  Completed orders :      3,473  ║
    ║  Total revenue    : $5,113,032.80  ║
    ║  Unique customers :        964  ║
    ╚══════════════════════════════════╝
    
[2026-04-07T18:16:51.052+0000] {python.py:237} INFO - Done. Returned value was: None
[2026-04-07T18:16:51.054+0000] {taskinstance.py:441} INFO - ::group::Post task execution logs
[2026-04-07T18:16:51.078+0000] {taskinstance.py:1206} INFO - Marking task as SUCCESS. dag_id=shopstream_pipeline, task_id=log_pipeline_stats, run_id=scheduled__2026-04-06T06:00:00+00:00, execution_date=20260406T060000, start_date=20260407T181650, end_date=20260407T181651
[2026-04-07T18:16:51.152+0000] {local_task_job_runner.py:240} INFO - Task exited with return code 0
[2026-04-07T18:16:51.204+0000] {taskinstance.py:3498} INFO - 0 downstream tasks scheduled from follow-on schedule check
[2026-04-07T18:16:51.212+0000] {local_task_job_runner.py:222} INFO - ::endgroup::
