[2026-04-07T17:26:27.139+0000] {local_task_job_runner.py:120} INFO - ::group::Pre task execution logs
[2026-04-07T17:26:27.224+0000] {taskinstance.py:2076} INFO - Dependencies all met for dep_context=non-requeueable deps ti=<TaskInstance: shopstream_pipeline.run_pyspark_transforms manual__2026-04-07T17:24:04.940235+00:00 [queued]>
[2026-04-07T17:26:27.251+0000] {taskinstance.py:2076} INFO - Dependencies all met for dep_context=requeueable deps ti=<TaskInstance: shopstream_pipeline.run_pyspark_transforms manual__2026-04-07T17:24:04.940235+00:00 [queued]>
[2026-04-07T17:26:27.252+0000] {taskinstance.py:2306} INFO - Starting attempt 2 of 3
[2026-04-07T17:26:27.274+0000] {taskinstance.py:2330} INFO - Executing <Task(PythonOperator): run_pyspark_transforms> on 2026-04-07 17:24:04.940235+00:00
[2026-04-07T17:26:27.284+0000] {standard_task_runner.py:90} INFO - Running: ['***', 'tasks', 'run', 'shopstream_pipeline', 'run_pyspark_transforms', 'manual__2026-04-07T17:24:04.940235+00:00', '--job-id', '7', '--raw', '--subdir', 'DAGS_FOLDER/shopstream_pipeline.py', '--cfg-path', '/tmp/tmpdzjhagib']
[2026-04-07T17:26:27.289+0000] {standard_task_runner.py:91} INFO - Job 7: Subtask run_pyspark_transforms
[2026-04-07T17:26:27.289+0000] {logging_mixin.py:188} WARNING - /home/***/.local/lib/python3.12/site-packages/***/task/task_runner/standard_task_runner.py:61 DeprecationWarning: This process (pid=451) is multi-threaded, use of fork() may lead to deadlocks in the child.
[2026-04-07T17:26:27.290+0000] {standard_task_runner.py:63} INFO - Started process 452 to run task
[2026-04-07T17:26:27.413+0000] {task_command.py:426} INFO - Running <TaskInstance: shopstream_pipeline.run_pyspark_transforms manual__2026-04-07T17:24:04.940235+00:00 [running]> on host 51b586b7f65d
[2026-04-07T17:26:27.562+0000] {taskinstance.py:2648} INFO - Exporting env vars: AIRFLOW_CTX_DAG_OWNER='navdeep' AIRFLOW_CTX_DAG_ID='shopstream_pipeline' AIRFLOW_CTX_TASK_ID='run_pyspark_transforms' AIRFLOW_CTX_EXECUTION_DATE='2026-04-07T17:24:04.940235+00:00' AIRFLOW_CTX_TRY_NUMBER='2' AIRFLOW_CTX_DAG_RUN_ID='manual__2026-04-07T17:24:04.940235+00:00'
[2026-04-07T17:26:27.564+0000] {taskinstance.py:430} INFO - ::endgroup::
[2026-04-07T17:26:27.773+0000] {taskinstance.py:441} INFO - ::group::Post task execution logs
[2026-04-07T17:26:27.776+0000] {taskinstance.py:2905} ERROR - Task failed with exception
Traceback (most recent call last):
  File "/home/airflow/.local/lib/python3.12/site-packages/airflow/models/taskinstance.py", line 465, in _execute_task
    result = _execute_callable(context=context, **execute_callable_kwargs)
             ^^^^^^^^^^^^^^^^^^^^^^^^^^^^^^^^^^^^^^^^^^^^^^^^^^^^^^^^^^^^^
  File "/home/airflow/.local/lib/python3.12/site-packages/airflow/models/taskinstance.py", line 432, in _execute_callable
    return execute_callable(context=context, **execute_callable_kwargs)
           ^^^^^^^^^^^^^^^^^^^^^^^^^^^^^^^^^^^^^^^^^^^^^^^^^^^^^^^^^^^^
  File "/home/airflow/.local/lib/python3.12/site-packages/airflow/models/baseoperator.py", line 400, in wrapper
    return func(self, *args, **kwargs)
           ^^^^^^^^^^^^^^^^^^^^^^^^^^^
  File "/home/airflow/.local/lib/python3.12/site-packages/airflow/operators/python.py", line 235, in execute
    return_value = self.execute_callable()
                   ^^^^^^^^^^^^^^^^^^^^^^^
  File "/home/airflow/.local/lib/python3.12/site-packages/airflow/operators/python.py", line 252, in execute_callable
    return self.python_callable(*self.op_args, **self.op_kwargs)
           ^^^^^^^^^^^^^^^^^^^^^^^^^^^^^^^^^^^^^^^^^^^^^^^^^^^^^
  File "/opt/airflow/dags/shopstream_pipeline.py", line 31, in run_transformation
    raise Exception(f"Transformation failed:\n{result.stderr}")
Exception: Transformation failed:
Traceback (most recent call last):
  File "/opt/***/pipelines/transform.py", line 1, in <module>
    from pyspark.sql import SparkSession
ModuleNotFoundError: No module named 'pyspark'

[2026-04-07T17:26:27.826+0000] {taskinstance.py:1206} INFO - Marking task as UP_FOR_RETRY. dag_id=shopstream_pipeline, task_id=run_pyspark_transforms, run_id=manual__2026-04-07T17:24:04.940235+00:00, execution_date=20260407T172404, start_date=20260407T172627, end_date=20260407T172627
[2026-04-07T17:26:27.847+0000] {standard_task_runner.py:110} ERROR - Failed to execute job 7 for task run_pyspark_transforms (Transformation failed:
Traceback (most recent call last):
  File "/opt/***/pipelines/transform.py", line 1, in <module>
    from pyspark.sql import SparkSession
ModuleNotFoundError: No module named 'pyspark'
; 452)
[2026-04-07T17:26:27.868+0000] {local_task_job_runner.py:240} INFO - Task exited with return code 1
[2026-04-07T17:26:27.914+0000] {taskinstance.py:3498} INFO - 0 downstream tasks scheduled from follow-on schedule check
[2026-04-07T17:26:27.918+0000] {local_task_job_runner.py:222} INFO - ::endgroup::
