[2026-04-07T06:35:47.724+0000] {processor.py:161} INFO - Started process (PID=172) to work on /opt/airflow/dags/shopstream_pipeline.py
[2026-04-07T06:35:47.726+0000] {processor.py:830} INFO - Processing file /opt/airflow/dags/shopstream_pipeline.py for tasks to queue
[2026-04-07T06:35:47.730+0000] {logging_mixin.py:188} INFO - [2026-04-07T06:35:47.730+0000] {dagbag.py:545} INFO - Filling up the DagBag from /opt/airflow/dags/shopstream_pipeline.py
[2026-04-07T06:35:47.818+0000] {processor.py:840} INFO - DAG(s) 'shopstream_pipeline' retrieved from /opt/airflow/dags/shopstream_pipeline.py
[2026-04-07T06:35:48.178+0000] {logging_mixin.py:188} INFO - [2026-04-07T06:35:48.177+0000] {override.py:1829} INFO - Created Permission View: can delete on DAG:shopstream_pipeline
[2026-04-07T06:35:48.193+0000] {logging_mixin.py:188} INFO - [2026-04-07T06:35:48.192+0000] {override.py:1829} INFO - Created Permission View: can edit on DAG:shopstream_pipeline
[2026-04-07T06:35:48.202+0000] {logging_mixin.py:188} INFO - [2026-04-07T06:35:48.202+0000] {override.py:1829} INFO - Created Permission View: can read on DAG:shopstream_pipeline
[2026-04-07T06:35:48.204+0000] {logging_mixin.py:188} INFO - [2026-04-07T06:35:48.203+0000] {dag.py:3096} INFO - Sync 1 DAGs
[2026-04-07T06:35:48.219+0000] {logging_mixin.py:188} INFO - [2026-04-07T06:35:48.218+0000] {dag.py:3118} INFO - Creating ORM DAG for shopstream_pipeline
[2026-04-07T06:35:48.233+0000] {logging_mixin.py:188} INFO - [2026-04-07T06:35:48.233+0000] {dag.py:3954} INFO - Setting next_dagrun for shopstream_pipeline to 2026-04-06 06:00:00+00:00, run_after=2026-04-07 06:00:00+00:00
[2026-04-07T06:35:48.267+0000] {processor.py:183} INFO - Processing /opt/airflow/dags/shopstream_pipeline.py took 0.554 seconds
[2026-04-07T06:36:18.461+0000] {processor.py:161} INFO - Started process (PID=177) to work on /opt/airflow/dags/shopstream_pipeline.py
[2026-04-07T06:36:18.463+0000] {processor.py:830} INFO - Processing file /opt/airflow/dags/shopstream_pipeline.py for tasks to queue
[2026-04-07T06:36:18.465+0000] {logging_mixin.py:188} INFO - [2026-04-07T06:36:18.464+0000] {dagbag.py:545} INFO - Filling up the DagBag from /opt/airflow/dags/shopstream_pipeline.py
[2026-04-07T06:36:18.491+0000] {processor.py:840} INFO - DAG(s) 'shopstream_pipeline' retrieved from /opt/airflow/dags/shopstream_pipeline.py
[2026-04-07T06:36:18.523+0000] {logging_mixin.py:188} INFO - [2026-04-07T06:36:18.522+0000] {dag.py:3096} INFO - Sync 1 DAGs
[2026-04-07T06:36:18.542+0000] {logging_mixin.py:188} INFO - [2026-04-07T06:36:18.541+0000] {dag.py:3954} INFO - Setting next_dagrun for shopstream_pipeline to 2026-04-06 06:00:00+00:00, run_after=2026-04-07 06:00:00+00:00
[2026-04-07T06:36:18.562+0000] {processor.py:183} INFO - Processing /opt/airflow/dags/shopstream_pipeline.py took 0.107 seconds
[2026-04-07T06:36:48.619+0000] {processor.py:161} INFO - Started process (PID=182) to work on /opt/airflow/dags/shopstream_pipeline.py
[2026-04-07T06:36:48.621+0000] {processor.py:830} INFO - Processing file /opt/airflow/dags/shopstream_pipeline.py for tasks to queue
[2026-04-07T06:36:48.623+0000] {logging_mixin.py:188} INFO - [2026-04-07T06:36:48.623+0000] {dagbag.py:545} INFO - Filling up the DagBag from /opt/airflow/dags/shopstream_pipeline.py
[2026-04-07T06:36:48.649+0000] {processor.py:840} INFO - DAG(s) 'shopstream_pipeline' retrieved from /opt/airflow/dags/shopstream_pipeline.py
[2026-04-07T06:36:48.677+0000] {logging_mixin.py:188} INFO - [2026-04-07T06:36:48.677+0000] {dag.py:3096} INFO - Sync 1 DAGs
[2026-04-07T06:36:48.697+0000] {logging_mixin.py:188} INFO - [2026-04-07T06:36:48.697+0000] {dag.py:3954} INFO - Setting next_dagrun for shopstream_pipeline to 2026-04-06 06:00:00+00:00, run_after=2026-04-07 06:00:00+00:00
[2026-04-07T06:36:48.721+0000] {processor.py:183} INFO - Processing /opt/airflow/dags/shopstream_pipeline.py took 0.109 seconds
[2026-04-07T06:37:18.914+0000] {processor.py:161} INFO - Started process (PID=187) to work on /opt/airflow/dags/shopstream_pipeline.py
[2026-04-07T06:37:18.915+0000] {processor.py:830} INFO - Processing file /opt/airflow/dags/shopstream_pipeline.py for tasks to queue
[2026-04-07T06:37:18.918+0000] {logging_mixin.py:188} INFO - [2026-04-07T06:37:18.918+0000] {dagbag.py:545} INFO - Filling up the DagBag from /opt/airflow/dags/shopstream_pipeline.py
[2026-04-07T06:37:18.952+0000] {processor.py:840} INFO - DAG(s) 'shopstream_pipeline' retrieved from /opt/airflow/dags/shopstream_pipeline.py
[2026-04-07T06:37:18.993+0000] {logging_mixin.py:188} INFO - [2026-04-07T06:37:18.993+0000] {dag.py:3096} INFO - Sync 1 DAGs
[2026-04-07T06:37:19.028+0000] {logging_mixin.py:188} INFO - [2026-04-07T06:37:19.027+0000] {dag.py:3954} INFO - Setting next_dagrun for shopstream_pipeline to 2026-04-06 06:00:00+00:00, run_after=2026-04-07 06:00:00+00:00
[2026-04-07T06:37:19.053+0000] {processor.py:183} INFO - Processing /opt/airflow/dags/shopstream_pipeline.py took 0.146 seconds
[2026-04-07T06:37:49.157+0000] {processor.py:161} INFO - Started process (PID=192) to work on /opt/airflow/dags/shopstream_pipeline.py
[2026-04-07T06:37:49.158+0000] {processor.py:830} INFO - Processing file /opt/airflow/dags/shopstream_pipeline.py for tasks to queue
[2026-04-07T06:37:49.161+0000] {logging_mixin.py:188} INFO - [2026-04-07T06:37:49.161+0000] {dagbag.py:545} INFO - Filling up the DagBag from /opt/airflow/dags/shopstream_pipeline.py
[2026-04-07T06:37:49.191+0000] {processor.py:840} INFO - DAG(s) 'shopstream_pipeline' retrieved from /opt/airflow/dags/shopstream_pipeline.py
[2026-04-07T06:37:49.226+0000] {logging_mixin.py:188} INFO - [2026-04-07T06:37:49.226+0000] {dag.py:3096} INFO - Sync 1 DAGs
[2026-04-07T06:37:49.249+0000] {logging_mixin.py:188} INFO - [2026-04-07T06:37:49.249+0000] {dag.py:3954} INFO - Setting next_dagrun for shopstream_pipeline to 2026-04-06 06:00:00+00:00, run_after=2026-04-07 06:00:00+00:00
[2026-04-07T06:37:49.268+0000] {processor.py:183} INFO - Processing /opt/airflow/dags/shopstream_pipeline.py took 0.119 seconds
[2026-04-07T06:38:19.392+0000] {processor.py:161} INFO - Started process (PID=197) to work on /opt/airflow/dags/shopstream_pipeline.py
[2026-04-07T06:38:19.394+0000] {processor.py:830} INFO - Processing file /opt/airflow/dags/shopstream_pipeline.py for tasks to queue
[2026-04-07T06:38:19.397+0000] {logging_mixin.py:188} INFO - [2026-04-07T06:38:19.396+0000] {dagbag.py:545} INFO - Filling up the DagBag from /opt/airflow/dags/shopstream_pipeline.py
[2026-04-07T06:38:19.428+0000] {processor.py:840} INFO - DAG(s) 'shopstream_pipeline' retrieved from /opt/airflow/dags/shopstream_pipeline.py
[2026-04-07T06:38:19.461+0000] {logging_mixin.py:188} INFO - [2026-04-07T06:38:19.461+0000] {dag.py:3096} INFO - Sync 1 DAGs
[2026-04-07T06:38:19.486+0000] {logging_mixin.py:188} INFO - [2026-04-07T06:38:19.485+0000] {dag.py:3954} INFO - Setting next_dagrun for shopstream_pipeline to 2026-04-06 06:00:00+00:00, run_after=2026-04-07 06:00:00+00:00
[2026-04-07T06:38:19.509+0000] {processor.py:183} INFO - Processing /opt/airflow/dags/shopstream_pipeline.py took 0.125 seconds
[2026-04-07T06:38:49.637+0000] {processor.py:161} INFO - Started process (PID=221) to work on /opt/airflow/dags/shopstream_pipeline.py
[2026-04-07T06:38:49.639+0000] {processor.py:830} INFO - Processing file /opt/airflow/dags/shopstream_pipeline.py for tasks to queue
[2026-04-07T06:38:49.641+0000] {logging_mixin.py:188} INFO - [2026-04-07T06:38:49.641+0000] {dagbag.py:545} INFO - Filling up the DagBag from /opt/airflow/dags/shopstream_pipeline.py
[2026-04-07T06:38:49.681+0000] {processor.py:840} INFO - DAG(s) 'shopstream_pipeline' retrieved from /opt/airflow/dags/shopstream_pipeline.py
[2026-04-07T06:38:49.728+0000] {logging_mixin.py:188} INFO - [2026-04-07T06:38:49.728+0000] {dag.py:3096} INFO - Sync 1 DAGs
[2026-04-07T06:38:49.765+0000] {logging_mixin.py:188} INFO - [2026-04-07T06:38:49.764+0000] {dag.py:3954} INFO - Setting next_dagrun for shopstream_pipeline to 2026-04-07 06:00:00+00:00, run_after=2026-04-08 06:00:00+00:00
[2026-04-07T06:38:49.809+0000] {processor.py:183} INFO - Processing /opt/airflow/dags/shopstream_pipeline.py took 0.176 seconds
[2026-04-07T06:39:19.940+0000] {processor.py:161} INFO - Started process (PID=245) to work on /opt/airflow/dags/shopstream_pipeline.py
[2026-04-07T06:39:19.942+0000] {processor.py:830} INFO - Processing file /opt/airflow/dags/shopstream_pipeline.py for tasks to queue
[2026-04-07T06:39:19.944+0000] {logging_mixin.py:188} INFO - [2026-04-07T06:39:19.943+0000] {dagbag.py:545} INFO - Filling up the DagBag from /opt/airflow/dags/shopstream_pipeline.py
[2026-04-07T06:39:19.968+0000] {processor.py:840} INFO - DAG(s) 'shopstream_pipeline' retrieved from /opt/airflow/dags/shopstream_pipeline.py
[2026-04-07T06:39:19.998+0000] {logging_mixin.py:188} INFO - [2026-04-07T06:39:19.997+0000] {dag.py:3096} INFO - Sync 1 DAGs
[2026-04-07T06:39:20.018+0000] {logging_mixin.py:188} INFO - [2026-04-07T06:39:20.018+0000] {dag.py:3954} INFO - Setting next_dagrun for shopstream_pipeline to 2026-04-07 06:00:00+00:00, run_after=2026-04-08 06:00:00+00:00
[2026-04-07T06:39:20.036+0000] {processor.py:183} INFO - Processing /opt/airflow/dags/shopstream_pipeline.py took 0.101 seconds
[2026-04-07T06:39:50.146+0000] {processor.py:161} INFO - Started process (PID=250) to work on /opt/airflow/dags/shopstream_pipeline.py
[2026-04-07T06:39:50.148+0000] {processor.py:830} INFO - Processing file /opt/airflow/dags/shopstream_pipeline.py for tasks to queue
[2026-04-07T06:39:50.151+0000] {logging_mixin.py:188} INFO - [2026-04-07T06:39:50.151+0000] {dagbag.py:545} INFO - Filling up the DagBag from /opt/airflow/dags/shopstream_pipeline.py
[2026-04-07T06:39:50.187+0000] {processor.py:840} INFO - DAG(s) 'shopstream_pipeline' retrieved from /opt/airflow/dags/shopstream_pipeline.py
[2026-04-07T06:39:50.237+0000] {logging_mixin.py:188} INFO - [2026-04-07T06:39:50.236+0000] {dag.py:3096} INFO - Sync 1 DAGs
[2026-04-07T06:39:50.274+0000] {logging_mixin.py:188} INFO - [2026-04-07T06:39:50.274+0000] {dag.py:3954} INFO - Setting next_dagrun for shopstream_pipeline to 2026-04-07 06:00:00+00:00, run_after=2026-04-08 06:00:00+00:00
[2026-04-07T06:39:50.303+0000] {processor.py:183} INFO - Processing /opt/airflow/dags/shopstream_pipeline.py took 0.165 seconds
[2026-04-07T06:40:20.447+0000] {processor.py:161} INFO - Started process (PID=255) to work on /opt/airflow/dags/shopstream_pipeline.py
[2026-04-07T06:40:20.449+0000] {processor.py:830} INFO - Processing file /opt/airflow/dags/shopstream_pipeline.py for tasks to queue
[2026-04-07T06:40:20.453+0000] {logging_mixin.py:188} INFO - [2026-04-07T06:40:20.452+0000] {dagbag.py:545} INFO - Filling up the DagBag from /opt/airflow/dags/shopstream_pipeline.py
[2026-04-07T06:40:20.481+0000] {processor.py:840} INFO - DAG(s) 'shopstream_pipeline' retrieved from /opt/airflow/dags/shopstream_pipeline.py
[2026-04-07T06:40:20.517+0000] {logging_mixin.py:188} INFO - [2026-04-07T06:40:20.516+0000] {dag.py:3096} INFO - Sync 1 DAGs
[2026-04-07T06:40:20.540+0000] {logging_mixin.py:188} INFO - [2026-04-07T06:40:20.539+0000] {dag.py:3954} INFO - Setting next_dagrun for shopstream_pipeline to 2026-04-07 06:00:00+00:00, run_after=2026-04-08 06:00:00+00:00
[2026-04-07T06:40:20.564+0000] {processor.py:183} INFO - Processing /opt/airflow/dags/shopstream_pipeline.py took 0.123 seconds
[2026-04-07T06:40:50.745+0000] {processor.py:161} INFO - Started process (PID=278) to work on /opt/airflow/dags/shopstream_pipeline.py
[2026-04-07T06:40:50.747+0000] {processor.py:830} INFO - Processing file /opt/airflow/dags/shopstream_pipeline.py for tasks to queue
[2026-04-07T06:40:50.749+0000] {logging_mixin.py:188} INFO - [2026-04-07T06:40:50.749+0000] {dagbag.py:545} INFO - Filling up the DagBag from /opt/airflow/dags/shopstream_pipeline.py
[2026-04-07T06:40:50.778+0000] {processor.py:840} INFO - DAG(s) 'shopstream_pipeline' retrieved from /opt/airflow/dags/shopstream_pipeline.py
[2026-04-07T06:40:50.812+0000] {logging_mixin.py:188} INFO - [2026-04-07T06:40:50.812+0000] {dag.py:3096} INFO - Sync 1 DAGs
[2026-04-07T06:40:50.837+0000] {logging_mixin.py:188} INFO - [2026-04-07T06:40:50.837+0000] {dag.py:3954} INFO - Setting next_dagrun for shopstream_pipeline to 2026-04-07 06:00:00+00:00, run_after=2026-04-08 06:00:00+00:00
[2026-04-07T06:40:50.860+0000] {processor.py:183} INFO - Processing /opt/airflow/dags/shopstream_pipeline.py took 0.120 seconds
[2026-04-07T06:41:20.923+0000] {processor.py:161} INFO - Started process (PID=303) to work on /opt/airflow/dags/shopstream_pipeline.py
[2026-04-07T06:41:20.925+0000] {processor.py:830} INFO - Processing file /opt/airflow/dags/shopstream_pipeline.py for tasks to queue
[2026-04-07T06:41:20.927+0000] {logging_mixin.py:188} INFO - [2026-04-07T06:41:20.927+0000] {dagbag.py:545} INFO - Filling up the DagBag from /opt/airflow/dags/shopstream_pipeline.py
[2026-04-07T06:41:20.953+0000] {processor.py:840} INFO - DAG(s) 'shopstream_pipeline' retrieved from /opt/airflow/dags/shopstream_pipeline.py
[2026-04-07T06:41:20.983+0000] {logging_mixin.py:188} INFO - [2026-04-07T06:41:20.983+0000] {dag.py:3096} INFO - Sync 1 DAGs
[2026-04-07T06:41:21.004+0000] {logging_mixin.py:188} INFO - [2026-04-07T06:41:21.003+0000] {dag.py:3954} INFO - Setting next_dagrun for shopstream_pipeline to 2026-04-07 06:00:00+00:00, run_after=2026-04-08 06:00:00+00:00
[2026-04-07T06:41:21.023+0000] {processor.py:183} INFO - Processing /opt/airflow/dags/shopstream_pipeline.py took 0.106 seconds
[2026-04-07T06:41:51.167+0000] {processor.py:161} INFO - Started process (PID=327) to work on /opt/airflow/dags/shopstream_pipeline.py
[2026-04-07T06:41:51.169+0000] {processor.py:830} INFO - Processing file /opt/airflow/dags/shopstream_pipeline.py for tasks to queue
[2026-04-07T06:41:51.171+0000] {logging_mixin.py:188} INFO - [2026-04-07T06:41:51.171+0000] {dagbag.py:545} INFO - Filling up the DagBag from /opt/airflow/dags/shopstream_pipeline.py
[2026-04-07T06:41:51.199+0000] {processor.py:840} INFO - DAG(s) 'shopstream_pipeline' retrieved from /opt/airflow/dags/shopstream_pipeline.py
[2026-04-07T06:41:51.225+0000] {logging_mixin.py:188} INFO - [2026-04-07T06:41:51.224+0000] {dag.py:3096} INFO - Sync 1 DAGs
[2026-04-07T06:41:51.244+0000] {logging_mixin.py:188} INFO - [2026-04-07T06:41:51.244+0000] {dag.py:3954} INFO - Setting next_dagrun for shopstream_pipeline to 2026-04-07 06:00:00+00:00, run_after=2026-04-08 06:00:00+00:00
[2026-04-07T06:41:51.266+0000] {processor.py:183} INFO - Processing /opt/airflow/dags/shopstream_pipeline.py took 0.106 seconds
[2026-04-07T06:42:21.369+0000] {processor.py:161} INFO - Started process (PID=332) to work on /opt/airflow/dags/shopstream_pipeline.py
[2026-04-07T06:42:21.370+0000] {processor.py:830} INFO - Processing file /opt/airflow/dags/shopstream_pipeline.py for tasks to queue
[2026-04-07T06:42:21.372+0000] {logging_mixin.py:188} INFO - [2026-04-07T06:42:21.372+0000] {dagbag.py:545} INFO - Filling up the DagBag from /opt/airflow/dags/shopstream_pipeline.py
[2026-04-07T06:42:21.399+0000] {processor.py:840} INFO - DAG(s) 'shopstream_pipeline' retrieved from /opt/airflow/dags/shopstream_pipeline.py
[2026-04-07T06:42:21.425+0000] {logging_mixin.py:188} INFO - [2026-04-07T06:42:21.425+0000] {dag.py:3096} INFO - Sync 1 DAGs
[2026-04-07T06:42:21.444+0000] {logging_mixin.py:188} INFO - [2026-04-07T06:42:21.443+0000] {dag.py:3954} INFO - Setting next_dagrun for shopstream_pipeline to 2026-04-07 06:00:00+00:00, run_after=2026-04-08 06:00:00+00:00
[2026-04-07T06:42:21.463+0000] {processor.py:183} INFO - Processing /opt/airflow/dags/shopstream_pipeline.py took 0.100 seconds
[2026-04-07T06:42:51.572+0000] {processor.py:161} INFO - Started process (PID=337) to work on /opt/airflow/dags/shopstream_pipeline.py
[2026-04-07T06:42:51.573+0000] {processor.py:830} INFO - Processing file /opt/airflow/dags/shopstream_pipeline.py for tasks to queue
[2026-04-07T06:42:51.575+0000] {logging_mixin.py:188} INFO - [2026-04-07T06:42:51.575+0000] {dagbag.py:545} INFO - Filling up the DagBag from /opt/airflow/dags/shopstream_pipeline.py
[2026-04-07T06:42:51.600+0000] {processor.py:840} INFO - DAG(s) 'shopstream_pipeline' retrieved from /opt/airflow/dags/shopstream_pipeline.py
[2026-04-07T06:42:51.628+0000] {logging_mixin.py:188} INFO - [2026-04-07T06:42:51.628+0000] {dag.py:3096} INFO - Sync 1 DAGs
[2026-04-07T06:42:51.647+0000] {logging_mixin.py:188} INFO - [2026-04-07T06:42:51.647+0000] {dag.py:3954} INFO - Setting next_dagrun for shopstream_pipeline to 2026-04-07 06:00:00+00:00, run_after=2026-04-08 06:00:00+00:00
[2026-04-07T06:42:51.665+0000] {processor.py:183} INFO - Processing /opt/airflow/dags/shopstream_pipeline.py took 0.099 seconds
[2026-04-07T06:43:21.771+0000] {processor.py:161} INFO - Started process (PID=380) to work on /opt/airflow/dags/shopstream_pipeline.py
[2026-04-07T06:43:21.772+0000] {processor.py:830} INFO - Processing file /opt/airflow/dags/shopstream_pipeline.py for tasks to queue
[2026-04-07T06:43:21.774+0000] {logging_mixin.py:188} INFO - [2026-04-07T06:43:21.774+0000] {dagbag.py:545} INFO - Filling up the DagBag from /opt/airflow/dags/shopstream_pipeline.py
[2026-04-07T06:43:21.802+0000] {processor.py:840} INFO - DAG(s) 'shopstream_pipeline' retrieved from /opt/airflow/dags/shopstream_pipeline.py
[2026-04-07T06:43:21.831+0000] {logging_mixin.py:188} INFO - [2026-04-07T06:43:21.831+0000] {dag.py:3096} INFO - Sync 1 DAGs
[2026-04-07T06:43:21.851+0000] {logging_mixin.py:188} INFO - [2026-04-07T06:43:21.851+0000] {dag.py:3954} INFO - Setting next_dagrun for shopstream_pipeline to 2026-04-07 06:00:00+00:00, run_after=2026-04-08 06:00:00+00:00
[2026-04-07T06:43:21.872+0000] {processor.py:183} INFO - Processing /opt/airflow/dags/shopstream_pipeline.py took 0.106 seconds
[2026-04-07T06:43:52.068+0000] {processor.py:161} INFO - Started process (PID=404) to work on /opt/airflow/dags/shopstream_pipeline.py
[2026-04-07T06:43:52.070+0000] {processor.py:830} INFO - Processing file /opt/airflow/dags/shopstream_pipeline.py for tasks to queue
[2026-04-07T06:43:52.074+0000] {logging_mixin.py:188} INFO - [2026-04-07T06:43:52.073+0000] {dagbag.py:545} INFO - Filling up the DagBag from /opt/airflow/dags/shopstream_pipeline.py
[2026-04-07T06:43:52.150+0000] {processor.py:840} INFO - DAG(s) 'shopstream_pipeline' retrieved from /opt/airflow/dags/shopstream_pipeline.py
[2026-04-07T06:43:52.227+0000] {logging_mixin.py:188} INFO - [2026-04-07T06:43:52.227+0000] {dag.py:3096} INFO - Sync 1 DAGs
[2026-04-07T06:43:52.284+0000] {logging_mixin.py:188} INFO - [2026-04-07T06:43:52.283+0000] {dag.py:3954} INFO - Setting next_dagrun for shopstream_pipeline to 2026-04-07 06:00:00+00:00, run_after=2026-04-08 06:00:00+00:00
[2026-04-07T06:43:52.340+0000] {processor.py:183} INFO - Processing /opt/airflow/dags/shopstream_pipeline.py took 0.285 seconds
[2026-04-07T06:44:22.691+0000] {processor.py:161} INFO - Started process (PID=409) to work on /opt/airflow/dags/shopstream_pipeline.py
[2026-04-07T06:44:22.693+0000] {processor.py:830} INFO - Processing file /opt/airflow/dags/shopstream_pipeline.py for tasks to queue
[2026-04-07T06:44:22.698+0000] {logging_mixin.py:188} INFO - [2026-04-07T06:44:22.697+0000] {dagbag.py:545} INFO - Filling up the DagBag from /opt/airflow/dags/shopstream_pipeline.py
[2026-04-07T06:44:22.787+0000] {processor.py:840} INFO - DAG(s) 'shopstream_pipeline' retrieved from /opt/airflow/dags/shopstream_pipeline.py
[2026-04-07T06:44:22.867+0000] {logging_mixin.py:188} INFO - [2026-04-07T06:44:22.866+0000] {dag.py:3096} INFO - Sync 1 DAGs
[2026-04-07T06:44:22.949+0000] {logging_mixin.py:188} INFO - [2026-04-07T06:44:22.948+0000] {dag.py:3954} INFO - Setting next_dagrun for shopstream_pipeline to 2026-04-07 06:00:00+00:00, run_after=2026-04-08 06:00:00+00:00
[2026-04-07T06:44:23.021+0000] {processor.py:183} INFO - Processing /opt/airflow/dags/shopstream_pipeline.py took 0.340 seconds
[2026-04-07T06:44:53.497+0000] {processor.py:161} INFO - Started process (PID=414) to work on /opt/airflow/dags/shopstream_pipeline.py
[2026-04-07T06:44:53.500+0000] {processor.py:830} INFO - Processing file /opt/airflow/dags/shopstream_pipeline.py for tasks to queue
[2026-04-07T06:44:53.512+0000] {logging_mixin.py:188} INFO - [2026-04-07T06:44:53.511+0000] {dagbag.py:545} INFO - Filling up the DagBag from /opt/airflow/dags/shopstream_pipeline.py
[2026-04-07T06:44:53.595+0000] {processor.py:840} INFO - DAG(s) 'shopstream_pipeline' retrieved from /opt/airflow/dags/shopstream_pipeline.py
[2026-04-07T06:44:53.692+0000] {logging_mixin.py:188} INFO - [2026-04-07T06:44:53.692+0000] {dag.py:3096} INFO - Sync 1 DAGs
[2026-04-07T06:44:53.747+0000] {logging_mixin.py:188} INFO - [2026-04-07T06:44:53.747+0000] {dag.py:3954} INFO - Setting next_dagrun for shopstream_pipeline to 2026-04-07 06:00:00+00:00, run_after=2026-04-08 06:00:00+00:00
[2026-04-07T06:44:53.789+0000] {processor.py:183} INFO - Processing /opt/airflow/dags/shopstream_pipeline.py took 0.300 seconds
[2026-04-07T06:45:24.230+0000] {processor.py:161} INFO - Started process (PID=419) to work on /opt/airflow/dags/shopstream_pipeline.py
[2026-04-07T06:45:24.235+0000] {processor.py:830} INFO - Processing file /opt/airflow/dags/shopstream_pipeline.py for tasks to queue
[2026-04-07T06:45:24.241+0000] {logging_mixin.py:188} INFO - [2026-04-07T06:45:24.240+0000] {dagbag.py:545} INFO - Filling up the DagBag from /opt/airflow/dags/shopstream_pipeline.py
[2026-04-07T06:45:24.352+0000] {processor.py:840} INFO - DAG(s) 'shopstream_pipeline' retrieved from /opt/airflow/dags/shopstream_pipeline.py
[2026-04-07T06:45:24.406+0000] {logging_mixin.py:188} INFO - [2026-04-07T06:45:24.406+0000] {dag.py:3096} INFO - Sync 1 DAGs
[2026-04-07T06:45:24.437+0000] {logging_mixin.py:188} INFO - [2026-04-07T06:45:24.437+0000] {dag.py:3954} INFO - Setting next_dagrun for shopstream_pipeline to 2026-04-07 06:00:00+00:00, run_after=2026-04-08 06:00:00+00:00
[2026-04-07T06:45:24.478+0000] {processor.py:183} INFO - Processing /opt/airflow/dags/shopstream_pipeline.py took 0.259 seconds
[2026-04-07T06:45:54.976+0000] {processor.py:161} INFO - Started process (PID=443) to work on /opt/airflow/dags/shopstream_pipeline.py
[2026-04-07T06:45:54.979+0000] {processor.py:830} INFO - Processing file /opt/airflow/dags/shopstream_pipeline.py for tasks to queue
[2026-04-07T06:45:54.983+0000] {logging_mixin.py:188} INFO - [2026-04-07T06:45:54.983+0000] {dagbag.py:545} INFO - Filling up the DagBag from /opt/airflow/dags/shopstream_pipeline.py
[2026-04-07T06:45:55.025+0000] {processor.py:840} INFO - DAG(s) 'shopstream_pipeline' retrieved from /opt/airflow/dags/shopstream_pipeline.py
[2026-04-07T06:45:55.063+0000] {logging_mixin.py:188} INFO - [2026-04-07T06:45:55.062+0000] {dag.py:3096} INFO - Sync 1 DAGs
[2026-04-07T06:45:55.102+0000] {logging_mixin.py:188} INFO - [2026-04-07T06:45:55.102+0000] {dag.py:3954} INFO - Setting next_dagrun for shopstream_pipeline to 2026-04-07 06:00:00+00:00, run_after=2026-04-08 06:00:00+00:00
[2026-04-07T06:45:55.141+0000] {processor.py:183} INFO - Processing /opt/airflow/dags/shopstream_pipeline.py took 0.176 seconds
[2026-04-07T06:46:25.297+0000] {processor.py:161} INFO - Started process (PID=448) to work on /opt/airflow/dags/shopstream_pipeline.py
[2026-04-07T06:46:25.300+0000] {processor.py:830} INFO - Processing file /opt/airflow/dags/shopstream_pipeline.py for tasks to queue
[2026-04-07T06:46:25.304+0000] {logging_mixin.py:188} INFO - [2026-04-07T06:46:25.304+0000] {dagbag.py:545} INFO - Filling up the DagBag from /opt/airflow/dags/shopstream_pipeline.py
[2026-04-07T06:46:25.367+0000] {processor.py:840} INFO - DAG(s) 'shopstream_pipeline' retrieved from /opt/airflow/dags/shopstream_pipeline.py
[2026-04-07T06:46:25.438+0000] {logging_mixin.py:188} INFO - [2026-04-07T06:46:25.438+0000] {dag.py:3096} INFO - Sync 1 DAGs
[2026-04-07T06:46:25.469+0000] {logging_mixin.py:188} INFO - [2026-04-07T06:46:25.468+0000] {dag.py:3954} INFO - Setting next_dagrun for shopstream_pipeline to 2026-04-07 06:00:00+00:00, run_after=2026-04-08 06:00:00+00:00
[2026-04-07T06:46:25.505+0000] {processor.py:183} INFO - Processing /opt/airflow/dags/shopstream_pipeline.py took 0.218 seconds
[2026-04-07T06:46:56.297+0000] {processor.py:161} INFO - Started process (PID=453) to work on /opt/airflow/dags/shopstream_pipeline.py
[2026-04-07T06:46:56.301+0000] {processor.py:830} INFO - Processing file /opt/airflow/dags/shopstream_pipeline.py for tasks to queue
[2026-04-07T06:46:56.306+0000] {logging_mixin.py:188} INFO - [2026-04-07T06:46:56.305+0000] {dagbag.py:545} INFO - Filling up the DagBag from /opt/airflow/dags/shopstream_pipeline.py
[2026-04-07T06:46:56.412+0000] {processor.py:840} INFO - DAG(s) 'shopstream_pipeline' retrieved from /opt/airflow/dags/shopstream_pipeline.py
[2026-04-07T06:46:56.472+0000] {logging_mixin.py:188} INFO - [2026-04-07T06:46:56.472+0000] {dag.py:3096} INFO - Sync 1 DAGs
[2026-04-07T06:46:56.507+0000] {logging_mixin.py:188} INFO - [2026-04-07T06:46:56.507+0000] {dag.py:3954} INFO - Setting next_dagrun for shopstream_pipeline to 2026-04-07 06:00:00+00:00, run_after=2026-04-08 06:00:00+00:00
[2026-04-07T06:46:56.567+0000] {processor.py:183} INFO - Processing /opt/airflow/dags/shopstream_pipeline.py took 0.284 seconds
[2026-04-07T06:47:26.819+0000] {processor.py:161} INFO - Started process (PID=458) to work on /opt/airflow/dags/shopstream_pipeline.py
[2026-04-07T06:47:26.822+0000] {processor.py:830} INFO - Processing file /opt/airflow/dags/shopstream_pipeline.py for tasks to queue
[2026-04-07T06:47:26.825+0000] {logging_mixin.py:188} INFO - [2026-04-07T06:47:26.824+0000] {dagbag.py:545} INFO - Filling up the DagBag from /opt/airflow/dags/shopstream_pipeline.py
[2026-04-07T06:47:26.877+0000] {processor.py:840} INFO - DAG(s) 'shopstream_pipeline' retrieved from /opt/airflow/dags/shopstream_pipeline.py
[2026-04-07T06:47:26.947+0000] {logging_mixin.py:188} INFO - [2026-04-07T06:47:26.946+0000] {dag.py:3096} INFO - Sync 1 DAGs
[2026-04-07T06:47:26.983+0000] {logging_mixin.py:188} INFO - [2026-04-07T06:47:26.982+0000] {dag.py:3954} INFO - Setting next_dagrun for shopstream_pipeline to 2026-04-07 06:00:00+00:00, run_after=2026-04-08 06:00:00+00:00
[2026-04-07T06:47:27.016+0000] {processor.py:183} INFO - Processing /opt/airflow/dags/shopstream_pipeline.py took 0.208 seconds
[2026-04-07T06:47:57.389+0000] {processor.py:161} INFO - Started process (PID=463) to work on /opt/airflow/dags/shopstream_pipeline.py
[2026-04-07T06:47:57.394+0000] {processor.py:830} INFO - Processing file /opt/airflow/dags/shopstream_pipeline.py for tasks to queue
[2026-04-07T06:47:57.402+0000] {logging_mixin.py:188} INFO - [2026-04-07T06:47:57.401+0000] {dagbag.py:545} INFO - Filling up the DagBag from /opt/airflow/dags/shopstream_pipeline.py
[2026-04-07T06:47:57.525+0000] {processor.py:840} INFO - DAG(s) 'shopstream_pipeline' retrieved from /opt/airflow/dags/shopstream_pipeline.py
[2026-04-07T06:47:57.615+0000] {logging_mixin.py:188} INFO - [2026-04-07T06:47:57.615+0000] {dag.py:3096} INFO - Sync 1 DAGs
[2026-04-07T06:47:57.651+0000] {logging_mixin.py:188} INFO - [2026-04-07T06:47:57.650+0000] {dag.py:3954} INFO - Setting next_dagrun for shopstream_pipeline to 2026-04-07 06:00:00+00:00, run_after=2026-04-08 06:00:00+00:00
[2026-04-07T06:47:57.702+0000] {processor.py:183} INFO - Processing /opt/airflow/dags/shopstream_pipeline.py took 0.333 seconds
[2026-04-07T06:48:28.190+0000] {processor.py:161} INFO - Started process (PID=468) to work on /opt/airflow/dags/shopstream_pipeline.py
[2026-04-07T06:48:28.193+0000] {processor.py:830} INFO - Processing file /opt/airflow/dags/shopstream_pipeline.py for tasks to queue
[2026-04-07T06:48:28.197+0000] {logging_mixin.py:188} INFO - [2026-04-07T06:48:28.197+0000] {dagbag.py:545} INFO - Filling up the DagBag from /opt/airflow/dags/shopstream_pipeline.py
[2026-04-07T06:48:28.270+0000] {processor.py:840} INFO - DAG(s) 'shopstream_pipeline' retrieved from /opt/airflow/dags/shopstream_pipeline.py
[2026-04-07T06:48:28.335+0000] {logging_mixin.py:188} INFO - [2026-04-07T06:48:28.335+0000] {dag.py:3096} INFO - Sync 1 DAGs
[2026-04-07T06:48:28.377+0000] {logging_mixin.py:188} INFO - [2026-04-07T06:48:28.377+0000] {dag.py:3954} INFO - Setting next_dagrun for shopstream_pipeline to 2026-04-07 06:00:00+00:00, run_after=2026-04-08 06:00:00+00:00
[2026-04-07T06:48:28.420+0000] {processor.py:183} INFO - Processing /opt/airflow/dags/shopstream_pipeline.py took 0.240 seconds
[2026-04-07T06:48:58.784+0000] {processor.py:161} INFO - Started process (PID=473) to work on /opt/airflow/dags/shopstream_pipeline.py
[2026-04-07T06:48:58.786+0000] {processor.py:830} INFO - Processing file /opt/airflow/dags/shopstream_pipeline.py for tasks to queue
[2026-04-07T06:48:58.790+0000] {logging_mixin.py:188} INFO - [2026-04-07T06:48:58.789+0000] {dagbag.py:545} INFO - Filling up the DagBag from /opt/airflow/dags/shopstream_pipeline.py
[2026-04-07T06:48:58.852+0000] {processor.py:840} INFO - DAG(s) 'shopstream_pipeline' retrieved from /opt/airflow/dags/shopstream_pipeline.py
[2026-04-07T06:48:58.909+0000] {logging_mixin.py:188} INFO - [2026-04-07T06:48:58.909+0000] {dag.py:3096} INFO - Sync 1 DAGs
[2026-04-07T06:48:58.950+0000] {logging_mixin.py:188} INFO - [2026-04-07T06:48:58.950+0000] {dag.py:3954} INFO - Setting next_dagrun for shopstream_pipeline to 2026-04-07 06:00:00+00:00, run_after=2026-04-08 06:00:00+00:00
[2026-04-07T06:48:58.990+0000] {processor.py:183} INFO - Processing /opt/airflow/dags/shopstream_pipeline.py took 0.215 seconds
[2026-04-07T06:49:29.703+0000] {processor.py:161} INFO - Started process (PID=478) to work on /opt/airflow/dags/shopstream_pipeline.py
[2026-04-07T06:49:29.706+0000] {processor.py:830} INFO - Processing file /opt/airflow/dags/shopstream_pipeline.py for tasks to queue
[2026-04-07T06:49:29.711+0000] {logging_mixin.py:188} INFO - [2026-04-07T06:49:29.710+0000] {dagbag.py:545} INFO - Filling up the DagBag from /opt/airflow/dags/shopstream_pipeline.py
[2026-04-07T06:49:29.762+0000] {processor.py:840} INFO - DAG(s) 'shopstream_pipeline' retrieved from /opt/airflow/dags/shopstream_pipeline.py
[2026-04-07T06:49:29.826+0000] {logging_mixin.py:188} INFO - [2026-04-07T06:49:29.826+0000] {dag.py:3096} INFO - Sync 1 DAGs
[2026-04-07T06:49:29.866+0000] {logging_mixin.py:188} INFO - [2026-04-07T06:49:29.866+0000] {dag.py:3954} INFO - Setting next_dagrun for shopstream_pipeline to 2026-04-07 06:00:00+00:00, run_after=2026-04-08 06:00:00+00:00
[2026-04-07T06:49:29.914+0000] {processor.py:183} INFO - Processing /opt/airflow/dags/shopstream_pipeline.py took 0.221 seconds
[2026-04-07T06:50:00.151+0000] {processor.py:161} INFO - Started process (PID=483) to work on /opt/airflow/dags/shopstream_pipeline.py
[2026-04-07T06:50:00.154+0000] {processor.py:830} INFO - Processing file /opt/airflow/dags/shopstream_pipeline.py for tasks to queue
[2026-04-07T06:50:00.158+0000] {logging_mixin.py:188} INFO - [2026-04-07T06:50:00.158+0000] {dagbag.py:545} INFO - Filling up the DagBag from /opt/airflow/dags/shopstream_pipeline.py
[2026-04-07T06:50:00.230+0000] {processor.py:840} INFO - DAG(s) 'shopstream_pipeline' retrieved from /opt/airflow/dags/shopstream_pipeline.py
[2026-04-07T06:50:00.288+0000] {logging_mixin.py:188} INFO - [2026-04-07T06:50:00.288+0000] {dag.py:3096} INFO - Sync 1 DAGs
[2026-04-07T06:50:00.331+0000] {logging_mixin.py:188} INFO - [2026-04-07T06:50:00.330+0000] {dag.py:3954} INFO - Setting next_dagrun for shopstream_pipeline to 2026-04-07 06:00:00+00:00, run_after=2026-04-08 06:00:00+00:00
[2026-04-07T06:50:00.370+0000] {processor.py:183} INFO - Processing /opt/airflow/dags/shopstream_pipeline.py took 0.231 seconds
[2026-04-07T06:50:31.152+0000] {processor.py:161} INFO - Started process (PID=488) to work on /opt/airflow/dags/shopstream_pipeline.py
[2026-04-07T06:50:31.156+0000] {processor.py:830} INFO - Processing file /opt/airflow/dags/shopstream_pipeline.py for tasks to queue
[2026-04-07T06:50:31.163+0000] {logging_mixin.py:188} INFO - [2026-04-07T06:50:31.162+0000] {dagbag.py:545} INFO - Filling up the DagBag from /opt/airflow/dags/shopstream_pipeline.py
[2026-04-07T06:50:31.364+0000] {processor.py:840} INFO - DAG(s) 'shopstream_pipeline' retrieved from /opt/airflow/dags/shopstream_pipeline.py
[2026-04-07T06:50:31.458+0000] {logging_mixin.py:188} INFO - [2026-04-07T06:50:31.458+0000] {dag.py:3096} INFO - Sync 1 DAGs
[2026-04-07T06:50:31.520+0000] {logging_mixin.py:188} INFO - [2026-04-07T06:50:31.519+0000] {dag.py:3954} INFO - Setting next_dagrun for shopstream_pipeline to 2026-04-07 06:00:00+00:00, run_after=2026-04-08 06:00:00+00:00
[2026-04-07T06:50:31.580+0000] {processor.py:183} INFO - Processing /opt/airflow/dags/shopstream_pipeline.py took 0.442 seconds
[2026-04-07T06:51:02.048+0000] {processor.py:161} INFO - Started process (PID=493) to work on /opt/airflow/dags/shopstream_pipeline.py
[2026-04-07T06:51:02.050+0000] {processor.py:830} INFO - Processing file /opt/airflow/dags/shopstream_pipeline.py for tasks to queue
[2026-04-07T06:51:02.053+0000] {logging_mixin.py:188} INFO - [2026-04-07T06:51:02.052+0000] {dagbag.py:545} INFO - Filling up the DagBag from /opt/airflow/dags/shopstream_pipeline.py
[2026-04-07T06:51:02.091+0000] {processor.py:840} INFO - DAG(s) 'shopstream_pipeline' retrieved from /opt/airflow/dags/shopstream_pipeline.py
[2026-04-07T06:51:02.168+0000] {logging_mixin.py:188} INFO - [2026-04-07T06:51:02.168+0000] {dag.py:3096} INFO - Sync 1 DAGs
[2026-04-07T06:51:02.224+0000] {logging_mixin.py:188} INFO - [2026-04-07T06:51:02.223+0000] {dag.py:3954} INFO - Setting next_dagrun for shopstream_pipeline to 2026-04-07 06:00:00+00:00, run_after=2026-04-08 06:00:00+00:00
[2026-04-07T06:51:02.274+0000] {processor.py:183} INFO - Processing /opt/airflow/dags/shopstream_pipeline.py took 0.236 seconds
[2026-04-07T06:51:32.564+0000] {processor.py:161} INFO - Started process (PID=498) to work on /opt/airflow/dags/shopstream_pipeline.py
[2026-04-07T06:51:32.567+0000] {processor.py:830} INFO - Processing file /opt/airflow/dags/shopstream_pipeline.py for tasks to queue
[2026-04-07T06:51:32.571+0000] {logging_mixin.py:188} INFO - [2026-04-07T06:51:32.571+0000] {dagbag.py:545} INFO - Filling up the DagBag from /opt/airflow/dags/shopstream_pipeline.py
[2026-04-07T06:51:32.643+0000] {processor.py:840} INFO - DAG(s) 'shopstream_pipeline' retrieved from /opt/airflow/dags/shopstream_pipeline.py
[2026-04-07T06:51:32.707+0000] {logging_mixin.py:188} INFO - [2026-04-07T06:51:32.707+0000] {dag.py:3096} INFO - Sync 1 DAGs
[2026-04-07T06:51:32.748+0000] {logging_mixin.py:188} INFO - [2026-04-07T06:51:32.748+0000] {dag.py:3954} INFO - Setting next_dagrun for shopstream_pipeline to 2026-04-07 06:00:00+00:00, run_after=2026-04-08 06:00:00+00:00
[2026-04-07T06:51:32.790+0000] {processor.py:183} INFO - Processing /opt/airflow/dags/shopstream_pipeline.py took 0.240 seconds
[2026-04-07T06:52:03.042+0000] {processor.py:161} INFO - Started process (PID=503) to work on /opt/airflow/dags/shopstream_pipeline.py
[2026-04-07T06:52:03.044+0000] {processor.py:830} INFO - Processing file /opt/airflow/dags/shopstream_pipeline.py for tasks to queue
[2026-04-07T06:52:03.049+0000] {logging_mixin.py:188} INFO - [2026-04-07T06:52:03.049+0000] {dagbag.py:545} INFO - Filling up the DagBag from /opt/airflow/dags/shopstream_pipeline.py
[2026-04-07T06:52:03.101+0000] {processor.py:840} INFO - DAG(s) 'shopstream_pipeline' retrieved from /opt/airflow/dags/shopstream_pipeline.py
[2026-04-07T06:52:03.153+0000] {logging_mixin.py:188} INFO - [2026-04-07T06:52:03.152+0000] {dag.py:3096} INFO - Sync 1 DAGs
[2026-04-07T06:52:03.192+0000] {logging_mixin.py:188} INFO - [2026-04-07T06:52:03.192+0000] {dag.py:3954} INFO - Setting next_dagrun for shopstream_pipeline to 2026-04-07 06:00:00+00:00, run_after=2026-04-08 06:00:00+00:00
[2026-04-07T06:52:03.229+0000] {processor.py:183} INFO - Processing /opt/airflow/dags/shopstream_pipeline.py took 0.196 seconds
[2026-04-07T06:52:33.919+0000] {processor.py:161} INFO - Started process (PID=508) to work on /opt/airflow/dags/shopstream_pipeline.py
[2026-04-07T06:52:33.921+0000] {processor.py:830} INFO - Processing file /opt/airflow/dags/shopstream_pipeline.py for tasks to queue
[2026-04-07T06:52:33.925+0000] {logging_mixin.py:188} INFO - [2026-04-07T06:52:33.924+0000] {dagbag.py:545} INFO - Filling up the DagBag from /opt/airflow/dags/shopstream_pipeline.py
[2026-04-07T06:52:33.969+0000] {processor.py:840} INFO - DAG(s) 'shopstream_pipeline' retrieved from /opt/airflow/dags/shopstream_pipeline.py
[2026-04-07T06:52:34.031+0000] {logging_mixin.py:188} INFO - [2026-04-07T06:52:34.031+0000] {dag.py:3096} INFO - Sync 1 DAGs
[2026-04-07T06:52:34.084+0000] {logging_mixin.py:188} INFO - [2026-04-07T06:52:34.083+0000] {dag.py:3954} INFO - Setting next_dagrun for shopstream_pipeline to 2026-04-07 06:00:00+00:00, run_after=2026-04-08 06:00:00+00:00
[2026-04-07T06:52:34.130+0000] {processor.py:183} INFO - Processing /opt/airflow/dags/shopstream_pipeline.py took 0.223 seconds
[2026-04-07T06:56:54.324+0000] {processor.py:161} INFO - Started process (PID=513) to work on /opt/airflow/dags/shopstream_pipeline.py
[2026-04-07T06:56:54.330+0000] {processor.py:830} INFO - Processing file /opt/airflow/dags/shopstream_pipeline.py for tasks to queue
[2026-04-07T06:56:54.338+0000] {logging_mixin.py:188} INFO - [2026-04-07T06:56:54.337+0000] {dagbag.py:545} INFO - Filling up the DagBag from /opt/airflow/dags/shopstream_pipeline.py
[2026-04-07T06:56:54.409+0000] {processor.py:840} INFO - DAG(s) 'shopstream_pipeline' retrieved from /opt/airflow/dags/shopstream_pipeline.py
[2026-04-07T06:56:54.499+0000] {logging_mixin.py:188} INFO - [2026-04-07T06:56:54.498+0000] {dag.py:3096} INFO - Sync 1 DAGs
[2026-04-07T06:56:54.575+0000] {logging_mixin.py:188} INFO - [2026-04-07T06:56:54.574+0000] {dag.py:3954} INFO - Setting next_dagrun for shopstream_pipeline to 2026-04-07 06:00:00+00:00, run_after=2026-04-08 06:00:00+00:00
[2026-04-07T06:56:54.624+0000] {processor.py:183} INFO - Processing /opt/airflow/dags/shopstream_pipeline.py took 0.315 seconds
[2026-04-07T06:57:24.938+0000] {processor.py:161} INFO - Started process (PID=518) to work on /opt/airflow/dags/shopstream_pipeline.py
[2026-04-07T06:57:24.943+0000] {processor.py:830} INFO - Processing file /opt/airflow/dags/shopstream_pipeline.py for tasks to queue
[2026-04-07T06:57:24.952+0000] {logging_mixin.py:188} INFO - [2026-04-07T06:57:24.950+0000] {dagbag.py:545} INFO - Filling up the DagBag from /opt/airflow/dags/shopstream_pipeline.py
[2026-04-07T06:57:25.065+0000] {processor.py:840} INFO - DAG(s) 'shopstream_pipeline' retrieved from /opt/airflow/dags/shopstream_pipeline.py
[2026-04-07T06:57:25.180+0000] {logging_mixin.py:188} INFO - [2026-04-07T06:57:25.179+0000] {dag.py:3096} INFO - Sync 1 DAGs
[2026-04-07T06:57:25.277+0000] {logging_mixin.py:188} INFO - [2026-04-07T06:57:25.276+0000] {dag.py:3954} INFO - Setting next_dagrun for shopstream_pipeline to 2026-04-07 06:00:00+00:00, run_after=2026-04-08 06:00:00+00:00
[2026-04-07T06:57:25.362+0000] {processor.py:183} INFO - Processing /opt/airflow/dags/shopstream_pipeline.py took 0.442 seconds
[2026-04-07T06:57:55.674+0000] {processor.py:161} INFO - Started process (PID=523) to work on /opt/airflow/dags/shopstream_pipeline.py
[2026-04-07T06:57:55.677+0000] {processor.py:830} INFO - Processing file /opt/airflow/dags/shopstream_pipeline.py for tasks to queue
[2026-04-07T06:57:55.682+0000] {logging_mixin.py:188} INFO - [2026-04-07T06:57:55.681+0000] {dagbag.py:545} INFO - Filling up the DagBag from /opt/airflow/dags/shopstream_pipeline.py
[2026-04-07T06:57:55.771+0000] {processor.py:840} INFO - DAG(s) 'shopstream_pipeline' retrieved from /opt/airflow/dags/shopstream_pipeline.py
[2026-04-07T06:57:55.843+0000] {logging_mixin.py:188} INFO - [2026-04-07T06:57:55.842+0000] {dag.py:3096} INFO - Sync 1 DAGs
[2026-04-07T06:57:55.902+0000] {logging_mixin.py:188} INFO - [2026-04-07T06:57:55.901+0000] {dag.py:3954} INFO - Setting next_dagrun for shopstream_pipeline to 2026-04-07 06:00:00+00:00, run_after=2026-04-08 06:00:00+00:00
[2026-04-07T06:57:55.973+0000] {processor.py:183} INFO - Processing /opt/airflow/dags/shopstream_pipeline.py took 0.310 seconds
[2026-04-07T06:58:26.348+0000] {processor.py:161} INFO - Started process (PID=528) to work on /opt/airflow/dags/shopstream_pipeline.py
[2026-04-07T06:58:26.350+0000] {processor.py:830} INFO - Processing file /opt/airflow/dags/shopstream_pipeline.py for tasks to queue
[2026-04-07T06:58:26.354+0000] {logging_mixin.py:188} INFO - [2026-04-07T06:58:26.354+0000] {dagbag.py:545} INFO - Filling up the DagBag from /opt/airflow/dags/shopstream_pipeline.py
[2026-04-07T06:58:26.403+0000] {processor.py:840} INFO - DAG(s) 'shopstream_pipeline' retrieved from /opt/airflow/dags/shopstream_pipeline.py
[2026-04-07T06:58:26.468+0000] {logging_mixin.py:188} INFO - [2026-04-07T06:58:26.468+0000] {dag.py:3096} INFO - Sync 1 DAGs
[2026-04-07T06:58:26.525+0000] {logging_mixin.py:188} INFO - [2026-04-07T06:58:26.524+0000] {dag.py:3954} INFO - Setting next_dagrun for shopstream_pipeline to 2026-04-07 06:00:00+00:00, run_after=2026-04-08 06:00:00+00:00
[2026-04-07T06:58:26.557+0000] {processor.py:183} INFO - Processing /opt/airflow/dags/shopstream_pipeline.py took 0.220 seconds
[2026-04-07T06:58:56.814+0000] {processor.py:161} INFO - Started process (PID=533) to work on /opt/airflow/dags/shopstream_pipeline.py
[2026-04-07T06:58:56.820+0000] {processor.py:830} INFO - Processing file /opt/airflow/dags/shopstream_pipeline.py for tasks to queue
[2026-04-07T06:58:56.824+0000] {logging_mixin.py:188} INFO - [2026-04-07T06:58:56.823+0000] {dagbag.py:545} INFO - Filling up the DagBag from /opt/airflow/dags/shopstream_pipeline.py
[2026-04-07T06:58:56.867+0000] {processor.py:840} INFO - DAG(s) 'shopstream_pipeline' retrieved from /opt/airflow/dags/shopstream_pipeline.py
[2026-04-07T06:58:56.925+0000] {logging_mixin.py:188} INFO - [2026-04-07T06:58:56.925+0000] {dag.py:3096} INFO - Sync 1 DAGs
[2026-04-07T06:58:56.963+0000] {logging_mixin.py:188} INFO - [2026-04-07T06:58:56.963+0000] {dag.py:3954} INFO - Setting next_dagrun for shopstream_pipeline to 2026-04-07 06:00:00+00:00, run_after=2026-04-08 06:00:00+00:00
[2026-04-07T06:58:57.005+0000] {processor.py:183} INFO - Processing /opt/airflow/dags/shopstream_pipeline.py took 0.202 seconds
[2026-04-07T06:59:27.685+0000] {processor.py:161} INFO - Started process (PID=538) to work on /opt/airflow/dags/shopstream_pipeline.py
[2026-04-07T06:59:27.687+0000] {processor.py:830} INFO - Processing file /opt/airflow/dags/shopstream_pipeline.py for tasks to queue
[2026-04-07T06:59:27.690+0000] {logging_mixin.py:188} INFO - [2026-04-07T06:59:27.690+0000] {dagbag.py:545} INFO - Filling up the DagBag from /opt/airflow/dags/shopstream_pipeline.py
[2026-04-07T06:59:27.736+0000] {processor.py:840} INFO - DAG(s) 'shopstream_pipeline' retrieved from /opt/airflow/dags/shopstream_pipeline.py
[2026-04-07T06:59:27.788+0000] {logging_mixin.py:188} INFO - [2026-04-07T06:59:27.787+0000] {dag.py:3096} INFO - Sync 1 DAGs
[2026-04-07T06:59:27.832+0000] {logging_mixin.py:188} INFO - [2026-04-07T06:59:27.832+0000] {dag.py:3954} INFO - Setting next_dagrun for shopstream_pipeline to 2026-04-07 06:00:00+00:00, run_after=2026-04-08 06:00:00+00:00
[2026-04-07T06:59:27.872+0000] {processor.py:183} INFO - Processing /opt/airflow/dags/shopstream_pipeline.py took 0.194 seconds
[2026-04-07T06:59:58.183+0000] {processor.py:161} INFO - Started process (PID=543) to work on /opt/airflow/dags/shopstream_pipeline.py
[2026-04-07T06:59:58.186+0000] {processor.py:830} INFO - Processing file /opt/airflow/dags/shopstream_pipeline.py for tasks to queue
[2026-04-07T06:59:58.190+0000] {logging_mixin.py:188} INFO - [2026-04-07T06:59:58.189+0000] {dagbag.py:545} INFO - Filling up the DagBag from /opt/airflow/dags/shopstream_pipeline.py
[2026-04-07T06:59:58.256+0000] {processor.py:840} INFO - DAG(s) 'shopstream_pipeline' retrieved from /opt/airflow/dags/shopstream_pipeline.py
[2026-04-07T06:59:58.314+0000] {logging_mixin.py:188} INFO - [2026-04-07T06:59:58.313+0000] {dag.py:3096} INFO - Sync 1 DAGs
[2026-04-07T06:59:58.354+0000] {logging_mixin.py:188} INFO - [2026-04-07T06:59:58.354+0000] {dag.py:3954} INFO - Setting next_dagrun for shopstream_pipeline to 2026-04-07 06:00:00+00:00, run_after=2026-04-08 06:00:00+00:00
[2026-04-07T06:59:58.404+0000] {processor.py:183} INFO - Processing /opt/airflow/dags/shopstream_pipeline.py took 0.235 seconds
[2026-04-07T07:00:29.160+0000] {processor.py:161} INFO - Started process (PID=548) to work on /opt/airflow/dags/shopstream_pipeline.py
[2026-04-07T07:00:29.165+0000] {processor.py:830} INFO - Processing file /opt/airflow/dags/shopstream_pipeline.py for tasks to queue
[2026-04-07T07:00:29.173+0000] {logging_mixin.py:188} INFO - [2026-04-07T07:00:29.171+0000] {dagbag.py:545} INFO - Filling up the DagBag from /opt/airflow/dags/shopstream_pipeline.py
[2026-04-07T07:00:29.264+0000] {processor.py:840} INFO - DAG(s) 'shopstream_pipeline' retrieved from /opt/airflow/dags/shopstream_pipeline.py
[2026-04-07T07:00:29.387+0000] {logging_mixin.py:188} INFO - [2026-04-07T07:00:29.387+0000] {dag.py:3096} INFO - Sync 1 DAGs
[2026-04-07T07:00:29.438+0000] {logging_mixin.py:188} INFO - [2026-04-07T07:00:29.438+0000] {dag.py:3954} INFO - Setting next_dagrun for shopstream_pipeline to 2026-04-07 06:00:00+00:00, run_after=2026-04-08 06:00:00+00:00
[2026-04-07T07:00:29.481+0000] {processor.py:183} INFO - Processing /opt/airflow/dags/shopstream_pipeline.py took 0.348 seconds
[2026-04-07T07:00:59.651+0000] {processor.py:161} INFO - Started process (PID=553) to work on /opt/airflow/dags/shopstream_pipeline.py
[2026-04-07T07:00:59.654+0000] {processor.py:830} INFO - Processing file /opt/airflow/dags/shopstream_pipeline.py for tasks to queue
[2026-04-07T07:00:59.657+0000] {logging_mixin.py:188} INFO - [2026-04-07T07:00:59.657+0000] {dagbag.py:545} INFO - Filling up the DagBag from /opt/airflow/dags/shopstream_pipeline.py
[2026-04-07T07:00:59.728+0000] {processor.py:840} INFO - DAG(s) 'shopstream_pipeline' retrieved from /opt/airflow/dags/shopstream_pipeline.py
[2026-04-07T07:00:59.787+0000] {logging_mixin.py:188} INFO - [2026-04-07T07:00:59.786+0000] {dag.py:3096} INFO - Sync 1 DAGs
[2026-04-07T07:00:59.819+0000] {logging_mixin.py:188} INFO - [2026-04-07T07:00:59.818+0000] {dag.py:3954} INFO - Setting next_dagrun for shopstream_pipeline to 2026-04-07 06:00:00+00:00, run_after=2026-04-08 06:00:00+00:00
[2026-04-07T07:00:59.858+0000] {processor.py:183} INFO - Processing /opt/airflow/dags/shopstream_pipeline.py took 0.217 seconds
[2026-04-07T07:01:30.098+0000] {processor.py:161} INFO - Started process (PID=558) to work on /opt/airflow/dags/shopstream_pipeline.py
[2026-04-07T07:01:30.101+0000] {processor.py:830} INFO - Processing file /opt/airflow/dags/shopstream_pipeline.py for tasks to queue
[2026-04-07T07:01:30.105+0000] {logging_mixin.py:188} INFO - [2026-04-07T07:01:30.105+0000] {dagbag.py:545} INFO - Filling up the DagBag from /opt/airflow/dags/shopstream_pipeline.py
[2026-04-07T07:01:30.176+0000] {processor.py:840} INFO - DAG(s) 'shopstream_pipeline' retrieved from /opt/airflow/dags/shopstream_pipeline.py
[2026-04-07T07:01:30.245+0000] {logging_mixin.py:188} INFO - [2026-04-07T07:01:30.245+0000] {dag.py:3096} INFO - Sync 1 DAGs
[2026-04-07T07:01:30.297+0000] {logging_mixin.py:188} INFO - [2026-04-07T07:01:30.296+0000] {dag.py:3954} INFO - Setting next_dagrun for shopstream_pipeline to 2026-04-07 06:00:00+00:00, run_after=2026-04-08 06:00:00+00:00
[2026-04-07T07:01:30.346+0000] {processor.py:183} INFO - Processing /opt/airflow/dags/shopstream_pipeline.py took 0.261 seconds
[2026-04-07T07:02:00.691+0000] {processor.py:161} INFO - Started process (PID=563) to work on /opt/airflow/dags/shopstream_pipeline.py
[2026-04-07T07:02:00.695+0000] {processor.py:830} INFO - Processing file /opt/airflow/dags/shopstream_pipeline.py for tasks to queue
[2026-04-07T07:02:00.701+0000] {logging_mixin.py:188} INFO - [2026-04-07T07:02:00.700+0000] {dagbag.py:545} INFO - Filling up the DagBag from /opt/airflow/dags/shopstream_pipeline.py
[2026-04-07T07:02:00.763+0000] {processor.py:840} INFO - DAG(s) 'shopstream_pipeline' retrieved from /opt/airflow/dags/shopstream_pipeline.py
[2026-04-07T07:02:00.814+0000] {logging_mixin.py:188} INFO - [2026-04-07T07:02:00.814+0000] {dag.py:3096} INFO - Sync 1 DAGs
[2026-04-07T07:02:00.847+0000] {logging_mixin.py:188} INFO - [2026-04-07T07:02:00.847+0000] {dag.py:3954} INFO - Setting next_dagrun for shopstream_pipeline to 2026-04-07 06:00:00+00:00, run_after=2026-04-08 06:00:00+00:00
[2026-04-07T07:02:00.883+0000] {processor.py:183} INFO - Processing /opt/airflow/dags/shopstream_pipeline.py took 0.209 seconds
[2026-04-07T07:02:31.660+0000] {processor.py:161} INFO - Started process (PID=568) to work on /opt/airflow/dags/shopstream_pipeline.py
[2026-04-07T07:02:31.663+0000] {processor.py:830} INFO - Processing file /opt/airflow/dags/shopstream_pipeline.py for tasks to queue
[2026-04-07T07:02:31.671+0000] {logging_mixin.py:188} INFO - [2026-04-07T07:02:31.670+0000] {dagbag.py:545} INFO - Filling up the DagBag from /opt/airflow/dags/shopstream_pipeline.py
[2026-04-07T07:02:31.767+0000] {processor.py:840} INFO - DAG(s) 'shopstream_pipeline' retrieved from /opt/airflow/dags/shopstream_pipeline.py
[2026-04-07T07:02:31.841+0000] {logging_mixin.py:188} INFO - [2026-04-07T07:02:31.841+0000] {dag.py:3096} INFO - Sync 1 DAGs
[2026-04-07T07:02:31.881+0000] {logging_mixin.py:188} INFO - [2026-04-07T07:02:31.881+0000] {dag.py:3954} INFO - Setting next_dagrun for shopstream_pipeline to 2026-04-07 06:00:00+00:00, run_after=2026-04-08 06:00:00+00:00
[2026-04-07T07:02:31.928+0000] {processor.py:183} INFO - Processing /opt/airflow/dags/shopstream_pipeline.py took 0.284 seconds
[2026-04-07T07:03:02.849+0000] {processor.py:161} INFO - Started process (PID=573) to work on /opt/airflow/dags/shopstream_pipeline.py
[2026-04-07T07:03:02.853+0000] {processor.py:830} INFO - Processing file /opt/airflow/dags/shopstream_pipeline.py for tasks to queue
[2026-04-07T07:03:02.859+0000] {logging_mixin.py:188} INFO - [2026-04-07T07:03:02.858+0000] {dagbag.py:545} INFO - Filling up the DagBag from /opt/airflow/dags/shopstream_pipeline.py
[2026-04-07T07:03:02.972+0000] {processor.py:840} INFO - DAG(s) 'shopstream_pipeline' retrieved from /opt/airflow/dags/shopstream_pipeline.py
[2026-04-07T07:03:03.069+0000] {logging_mixin.py:188} INFO - [2026-04-07T07:03:03.068+0000] {dag.py:3096} INFO - Sync 1 DAGs
[2026-04-07T07:03:03.242+0000] {logging_mixin.py:188} INFO - [2026-04-07T07:03:03.241+0000] {dag.py:3954} INFO - Setting next_dagrun for shopstream_pipeline to 2026-04-07 06:00:00+00:00, run_after=2026-04-08 06:00:00+00:00
[2026-04-07T07:03:03.320+0000] {processor.py:183} INFO - Processing /opt/airflow/dags/shopstream_pipeline.py took 0.494 seconds
[2026-04-07T07:03:33.654+0000] {processor.py:161} INFO - Started process (PID=578) to work on /opt/airflow/dags/shopstream_pipeline.py
[2026-04-07T07:03:33.660+0000] {processor.py:830} INFO - Processing file /opt/airflow/dags/shopstream_pipeline.py for tasks to queue
[2026-04-07T07:03:33.666+0000] {logging_mixin.py:188} INFO - [2026-04-07T07:03:33.665+0000] {dagbag.py:545} INFO - Filling up the DagBag from /opt/airflow/dags/shopstream_pipeline.py
[2026-04-07T07:03:33.720+0000] {processor.py:840} INFO - DAG(s) 'shopstream_pipeline' retrieved from /opt/airflow/dags/shopstream_pipeline.py
[2026-04-07T07:03:33.781+0000] {logging_mixin.py:188} INFO - [2026-04-07T07:03:33.780+0000] {dag.py:3096} INFO - Sync 1 DAGs
[2026-04-07T07:03:33.826+0000] {logging_mixin.py:188} INFO - [2026-04-07T07:03:33.825+0000] {dag.py:3954} INFO - Setting next_dagrun for shopstream_pipeline to 2026-04-07 06:00:00+00:00, run_after=2026-04-08 06:00:00+00:00
[2026-04-07T07:03:33.861+0000] {processor.py:183} INFO - Processing /opt/airflow/dags/shopstream_pipeline.py took 0.219 seconds
[2026-04-07T07:04:04.849+0000] {processor.py:161} INFO - Started process (PID=589) to work on /opt/airflow/dags/shopstream_pipeline.py
[2026-04-07T07:04:04.851+0000] {processor.py:830} INFO - Processing file /opt/airflow/dags/shopstream_pipeline.py for tasks to queue
[2026-04-07T07:04:04.854+0000] {logging_mixin.py:188} INFO - [2026-04-07T07:04:04.853+0000] {dagbag.py:545} INFO - Filling up the DagBag from /opt/airflow/dags/shopstream_pipeline.py
[2026-04-07T07:04:04.890+0000] {processor.py:840} INFO - DAG(s) 'shopstream_pipeline' retrieved from /opt/airflow/dags/shopstream_pipeline.py
[2026-04-07T07:04:04.940+0000] {logging_mixin.py:188} INFO - [2026-04-07T07:04:04.940+0000] {dag.py:3096} INFO - Sync 1 DAGs
[2026-04-07T07:04:04.982+0000] {logging_mixin.py:188} INFO - [2026-04-07T07:04:04.981+0000] {dag.py:3954} INFO - Setting next_dagrun for shopstream_pipeline to 2026-04-07 06:00:00+00:00, run_after=2026-04-08 06:00:00+00:00
[2026-04-07T07:04:05.027+0000] {processor.py:183} INFO - Processing /opt/airflow/dags/shopstream_pipeline.py took 0.187 seconds
[2026-04-07T07:04:35.147+0000] {processor.py:161} INFO - Started process (PID=594) to work on /opt/airflow/dags/shopstream_pipeline.py
[2026-04-07T07:04:35.150+0000] {processor.py:830} INFO - Processing file /opt/airflow/dags/shopstream_pipeline.py for tasks to queue
[2026-04-07T07:04:35.153+0000] {logging_mixin.py:188} INFO - [2026-04-07T07:04:35.153+0000] {dagbag.py:545} INFO - Filling up the DagBag from /opt/airflow/dags/shopstream_pipeline.py
[2026-04-07T07:04:35.194+0000] {processor.py:840} INFO - DAG(s) 'shopstream_pipeline' retrieved from /opt/airflow/dags/shopstream_pipeline.py
[2026-04-07T07:04:35.235+0000] {logging_mixin.py:188} INFO - [2026-04-07T07:04:35.235+0000] {dag.py:3096} INFO - Sync 1 DAGs
[2026-04-07T07:04:35.269+0000] {logging_mixin.py:188} INFO - [2026-04-07T07:04:35.269+0000] {dag.py:3954} INFO - Setting next_dagrun for shopstream_pipeline to 2026-04-07 06:00:00+00:00, run_after=2026-04-08 06:00:00+00:00
[2026-04-07T07:04:35.303+0000] {processor.py:183} INFO - Processing /opt/airflow/dags/shopstream_pipeline.py took 0.163 seconds
[2026-04-07T07:05:05.459+0000] {processor.py:161} INFO - Started process (PID=599) to work on /opt/airflow/dags/shopstream_pipeline.py
[2026-04-07T07:05:05.461+0000] {processor.py:830} INFO - Processing file /opt/airflow/dags/shopstream_pipeline.py for tasks to queue
[2026-04-07T07:05:05.464+0000] {logging_mixin.py:188} INFO - [2026-04-07T07:05:05.464+0000] {dagbag.py:545} INFO - Filling up the DagBag from /opt/airflow/dags/shopstream_pipeline.py
[2026-04-07T07:05:05.522+0000] {processor.py:840} INFO - DAG(s) 'shopstream_pipeline' retrieved from /opt/airflow/dags/shopstream_pipeline.py
[2026-04-07T07:05:05.587+0000] {logging_mixin.py:188} INFO - [2026-04-07T07:05:05.587+0000] {dag.py:3096} INFO - Sync 1 DAGs
[2026-04-07T07:05:05.624+0000] {logging_mixin.py:188} INFO - [2026-04-07T07:05:05.624+0000] {dag.py:3954} INFO - Setting next_dagrun for shopstream_pipeline to 2026-04-07 06:00:00+00:00, run_after=2026-04-08 06:00:00+00:00
[2026-04-07T07:05:05.662+0000] {processor.py:183} INFO - Processing /opt/airflow/dags/shopstream_pipeline.py took 0.214 seconds
[2026-04-07T07:05:36.006+0000] {processor.py:161} INFO - Started process (PID=604) to work on /opt/airflow/dags/shopstream_pipeline.py
[2026-04-07T07:05:36.011+0000] {processor.py:830} INFO - Processing file /opt/airflow/dags/shopstream_pipeline.py for tasks to queue
[2026-04-07T07:05:36.019+0000] {logging_mixin.py:188} INFO - [2026-04-07T07:05:36.017+0000] {dagbag.py:545} INFO - Filling up the DagBag from /opt/airflow/dags/shopstream_pipeline.py
[2026-04-07T07:05:36.104+0000] {processor.py:840} INFO - DAG(s) 'shopstream_pipeline' retrieved from /opt/airflow/dags/shopstream_pipeline.py
[2026-04-07T07:05:36.177+0000] {logging_mixin.py:188} INFO - [2026-04-07T07:05:36.176+0000] {dag.py:3096} INFO - Sync 1 DAGs
[2026-04-07T07:05:36.224+0000] {logging_mixin.py:188} INFO - [2026-04-07T07:05:36.224+0000] {dag.py:3954} INFO - Setting next_dagrun for shopstream_pipeline to 2026-04-07 06:00:00+00:00, run_after=2026-04-08 06:00:00+00:00
[2026-04-07T07:05:36.282+0000] {processor.py:183} INFO - Processing /opt/airflow/dags/shopstream_pipeline.py took 0.304 seconds
[2026-04-07T07:06:06.545+0000] {processor.py:161} INFO - Started process (PID=609) to work on /opt/airflow/dags/shopstream_pipeline.py
[2026-04-07T07:06:06.548+0000] {processor.py:830} INFO - Processing file /opt/airflow/dags/shopstream_pipeline.py for tasks to queue
[2026-04-07T07:06:06.553+0000] {logging_mixin.py:188} INFO - [2026-04-07T07:06:06.553+0000] {dagbag.py:545} INFO - Filling up the DagBag from /opt/airflow/dags/shopstream_pipeline.py
[2026-04-07T07:06:06.647+0000] {processor.py:840} INFO - DAG(s) 'shopstream_pipeline' retrieved from /opt/airflow/dags/shopstream_pipeline.py
[2026-04-07T07:06:06.713+0000] {logging_mixin.py:188} INFO - [2026-04-07T07:06:06.713+0000] {dag.py:3096} INFO - Sync 1 DAGs
[2026-04-07T07:06:06.756+0000] {logging_mixin.py:188} INFO - [2026-04-07T07:06:06.755+0000] {dag.py:3954} INFO - Setting next_dagrun for shopstream_pipeline to 2026-04-07 06:00:00+00:00, run_after=2026-04-08 06:00:00+00:00
[2026-04-07T07:06:06.794+0000] {processor.py:183} INFO - Processing /opt/airflow/dags/shopstream_pipeline.py took 0.262 seconds
[2026-04-07T14:14:52.393+0000] {processor.py:161} INFO - Started process (PID=614) to work on /opt/airflow/dags/shopstream_pipeline.py
[2026-04-07T14:14:52.398+0000] {processor.py:830} INFO - Processing file /opt/airflow/dags/shopstream_pipeline.py for tasks to queue
[2026-04-07T14:14:52.406+0000] {logging_mixin.py:188} INFO - [2026-04-07T14:14:52.405+0000] {dagbag.py:545} INFO - Filling up the DagBag from /opt/airflow/dags/shopstream_pipeline.py
[2026-04-07T14:14:52.682+0000] {processor.py:840} INFO - DAG(s) 'shopstream_pipeline' retrieved from /opt/airflow/dags/shopstream_pipeline.py
[2026-04-07T14:14:52.732+0000] {logging_mixin.py:188} INFO - [2026-04-07T14:14:52.732+0000] {dag.py:3096} INFO - Sync 1 DAGs
[2026-04-07T14:14:52.772+0000] {logging_mixin.py:188} INFO - [2026-04-07T14:14:52.771+0000] {dag.py:3954} INFO - Setting next_dagrun for shopstream_pipeline to 2026-04-07 06:00:00+00:00, run_after=2026-04-08 06:00:00+00:00
[2026-04-07T14:14:52.818+0000] {processor.py:183} INFO - Processing /opt/airflow/dags/shopstream_pipeline.py took 0.437 seconds
[2026-04-07T17:04:35.926+0000] {processor.py:161} INFO - Started process (PID=619) to work on /opt/airflow/dags/shopstream_pipeline.py
[2026-04-07T17:04:35.931+0000] {processor.py:830} INFO - Processing file /opt/airflow/dags/shopstream_pipeline.py for tasks to queue
[2026-04-07T17:04:35.938+0000] {logging_mixin.py:188} INFO - [2026-04-07T17:04:35.937+0000] {dagbag.py:545} INFO - Filling up the DagBag from /opt/airflow/dags/shopstream_pipeline.py
[2026-04-07T17:04:36.007+0000] {processor.py:840} INFO - DAG(s) 'shopstream_pipeline' retrieved from /opt/airflow/dags/shopstream_pipeline.py
[2026-04-07T17:04:36.060+0000] {logging_mixin.py:188} INFO - [2026-04-07T17:04:36.060+0000] {dag.py:3096} INFO - Sync 1 DAGs
[2026-04-07T17:04:36.102+0000] {logging_mixin.py:188} INFO - [2026-04-07T17:04:36.102+0000] {dag.py:3954} INFO - Setting next_dagrun for shopstream_pipeline to 2026-04-07 06:00:00+00:00, run_after=2026-04-08 06:00:00+00:00
[2026-04-07T17:04:36.141+0000] {processor.py:183} INFO - Processing /opt/airflow/dags/shopstream_pipeline.py took 0.224 seconds
[2026-04-07T17:05:06.430+0000] {processor.py:161} INFO - Started process (PID=624) to work on /opt/airflow/dags/shopstream_pipeline.py
[2026-04-07T17:05:06.432+0000] {processor.py:830} INFO - Processing file /opt/airflow/dags/shopstream_pipeline.py for tasks to queue
[2026-04-07T17:05:06.435+0000] {logging_mixin.py:188} INFO - [2026-04-07T17:05:06.434+0000] {dagbag.py:545} INFO - Filling up the DagBag from /opt/airflow/dags/shopstream_pipeline.py
[2026-04-07T17:05:06.478+0000] {processor.py:840} INFO - DAG(s) 'shopstream_pipeline' retrieved from /opt/airflow/dags/shopstream_pipeline.py
[2026-04-07T17:05:06.521+0000] {logging_mixin.py:188} INFO - [2026-04-07T17:05:06.520+0000] {dag.py:3096} INFO - Sync 1 DAGs
[2026-04-07T17:05:06.551+0000] {logging_mixin.py:188} INFO - [2026-04-07T17:05:06.551+0000] {dag.py:3954} INFO - Setting next_dagrun for shopstream_pipeline to 2026-04-07 06:00:00+00:00, run_after=2026-04-08 06:00:00+00:00
[2026-04-07T17:05:06.588+0000] {processor.py:183} INFO - Processing /opt/airflow/dags/shopstream_pipeline.py took 0.163 seconds
[2026-04-07T17:05:37.449+0000] {processor.py:161} INFO - Started process (PID=629) to work on /opt/airflow/dags/shopstream_pipeline.py
[2026-04-07T17:05:37.450+0000] {processor.py:830} INFO - Processing file /opt/airflow/dags/shopstream_pipeline.py for tasks to queue
[2026-04-07T17:05:37.453+0000] {logging_mixin.py:188} INFO - [2026-04-07T17:05:37.452+0000] {dagbag.py:545} INFO - Filling up the DagBag from /opt/airflow/dags/shopstream_pipeline.py
[2026-04-07T17:05:37.477+0000] {processor.py:840} INFO - DAG(s) 'shopstream_pipeline' retrieved from /opt/airflow/dags/shopstream_pipeline.py
[2026-04-07T17:05:37.518+0000] {logging_mixin.py:188} INFO - [2026-04-07T17:05:37.518+0000] {dag.py:3096} INFO - Sync 1 DAGs
[2026-04-07T17:05:37.550+0000] {logging_mixin.py:188} INFO - [2026-04-07T17:05:37.550+0000] {dag.py:3954} INFO - Setting next_dagrun for shopstream_pipeline to 2026-04-07 06:00:00+00:00, run_after=2026-04-08 06:00:00+00:00
[2026-04-07T17:05:37.571+0000] {processor.py:183} INFO - Processing /opt/airflow/dags/shopstream_pipeline.py took 0.131 seconds
[2026-04-07T17:06:08.522+0000] {processor.py:161} INFO - Started process (PID=634) to work on /opt/airflow/dags/shopstream_pipeline.py
[2026-04-07T17:06:08.525+0000] {processor.py:830} INFO - Processing file /opt/airflow/dags/shopstream_pipeline.py for tasks to queue
[2026-04-07T17:06:08.549+0000] {logging_mixin.py:188} INFO - [2026-04-07T17:06:08.545+0000] {dagbag.py:545} INFO - Filling up the DagBag from /opt/airflow/dags/shopstream_pipeline.py
[2026-04-07T17:06:08.640+0000] {processor.py:840} INFO - DAG(s) 'shopstream_pipeline' retrieved from /opt/airflow/dags/shopstream_pipeline.py
[2026-04-07T17:06:08.702+0000] {logging_mixin.py:188} INFO - [2026-04-07T17:06:08.702+0000] {dag.py:3096} INFO - Sync 1 DAGs
[2026-04-07T17:06:08.746+0000] {logging_mixin.py:188} INFO - [2026-04-07T17:06:08.745+0000] {dag.py:3954} INFO - Setting next_dagrun for shopstream_pipeline to 2026-04-07 06:00:00+00:00, run_after=2026-04-08 06:00:00+00:00
[2026-04-07T17:06:08.788+0000] {processor.py:183} INFO - Processing /opt/airflow/dags/shopstream_pipeline.py took 0.283 seconds
[2026-04-07T17:06:39.528+0000] {processor.py:161} INFO - Started process (PID=639) to work on /opt/airflow/dags/shopstream_pipeline.py
[2026-04-07T17:06:39.531+0000] {processor.py:830} INFO - Processing file /opt/airflow/dags/shopstream_pipeline.py for tasks to queue
[2026-04-07T17:06:39.536+0000] {logging_mixin.py:188} INFO - [2026-04-07T17:06:39.535+0000] {dagbag.py:545} INFO - Filling up the DagBag from /opt/airflow/dags/shopstream_pipeline.py
[2026-04-07T17:06:39.586+0000] {processor.py:840} INFO - DAG(s) 'shopstream_pipeline' retrieved from /opt/airflow/dags/shopstream_pipeline.py
[2026-04-07T17:06:39.647+0000] {logging_mixin.py:188} INFO - [2026-04-07T17:06:39.646+0000] {dag.py:3096} INFO - Sync 1 DAGs
[2026-04-07T17:06:39.692+0000] {logging_mixin.py:188} INFO - [2026-04-07T17:06:39.691+0000] {dag.py:3954} INFO - Setting next_dagrun for shopstream_pipeline to 2026-04-07 06:00:00+00:00, run_after=2026-04-08 06:00:00+00:00
[2026-04-07T17:06:39.723+0000] {processor.py:183} INFO - Processing /opt/airflow/dags/shopstream_pipeline.py took 0.212 seconds
[2026-04-07T17:07:09.961+0000] {processor.py:161} INFO - Started process (PID=644) to work on /opt/airflow/dags/shopstream_pipeline.py
[2026-04-07T17:07:09.966+0000] {processor.py:830} INFO - Processing file /opt/airflow/dags/shopstream_pipeline.py for tasks to queue
[2026-04-07T17:07:09.974+0000] {logging_mixin.py:188} INFO - [2026-04-07T17:07:09.972+0000] {dagbag.py:545} INFO - Filling up the DagBag from /opt/airflow/dags/shopstream_pipeline.py
[2026-04-07T17:07:10.070+0000] {processor.py:840} INFO - DAG(s) 'shopstream_pipeline' retrieved from /opt/airflow/dags/shopstream_pipeline.py
[2026-04-07T17:07:10.153+0000] {logging_mixin.py:188} INFO - [2026-04-07T17:07:10.153+0000] {dag.py:3096} INFO - Sync 1 DAGs
[2026-04-07T17:07:10.192+0000] {logging_mixin.py:188} INFO - [2026-04-07T17:07:10.191+0000] {dag.py:3954} INFO - Setting next_dagrun for shopstream_pipeline to 2026-04-07 06:00:00+00:00, run_after=2026-04-08 06:00:00+00:00
[2026-04-07T17:07:10.260+0000] {processor.py:183} INFO - Processing /opt/airflow/dags/shopstream_pipeline.py took 0.320 seconds
[2026-04-07T17:07:40.999+0000] {processor.py:161} INFO - Started process (PID=649) to work on /opt/airflow/dags/shopstream_pipeline.py
[2026-04-07T17:07:41.002+0000] {processor.py:830} INFO - Processing file /opt/airflow/dags/shopstream_pipeline.py for tasks to queue
[2026-04-07T17:07:41.006+0000] {logging_mixin.py:188} INFO - [2026-04-07T17:07:41.005+0000] {dagbag.py:545} INFO - Filling up the DagBag from /opt/airflow/dags/shopstream_pipeline.py
[2026-04-07T17:07:41.062+0000] {processor.py:840} INFO - DAG(s) 'shopstream_pipeline' retrieved from /opt/airflow/dags/shopstream_pipeline.py
[2026-04-07T17:07:41.122+0000] {logging_mixin.py:188} INFO - [2026-04-07T17:07:41.121+0000] {dag.py:3096} INFO - Sync 1 DAGs
[2026-04-07T17:07:41.159+0000] {logging_mixin.py:188} INFO - [2026-04-07T17:07:41.159+0000] {dag.py:3954} INFO - Setting next_dagrun for shopstream_pipeline to 2026-04-07 06:00:00+00:00, run_after=2026-04-08 06:00:00+00:00
[2026-04-07T17:07:41.190+0000] {processor.py:183} INFO - Processing /opt/airflow/dags/shopstream_pipeline.py took 0.203 seconds
[2026-04-07T17:08:11.316+0000] {processor.py:161} INFO - Started process (PID=654) to work on /opt/airflow/dags/shopstream_pipeline.py
[2026-04-07T17:08:11.323+0000] {processor.py:830} INFO - Processing file /opt/airflow/dags/shopstream_pipeline.py for tasks to queue
[2026-04-07T17:08:11.326+0000] {logging_mixin.py:188} INFO - [2026-04-07T17:08:11.326+0000] {dagbag.py:545} INFO - Filling up the DagBag from /opt/airflow/dags/shopstream_pipeline.py
[2026-04-07T17:08:11.425+0000] {processor.py:840} INFO - DAG(s) 'shopstream_pipeline' retrieved from /opt/airflow/dags/shopstream_pipeline.py
[2026-04-07T17:08:11.483+0000] {logging_mixin.py:188} INFO - [2026-04-07T17:08:11.482+0000] {dag.py:3096} INFO - Sync 1 DAGs
[2026-04-07T17:08:11.520+0000] {logging_mixin.py:188} INFO - [2026-04-07T17:08:11.520+0000] {dag.py:3954} INFO - Setting next_dagrun for shopstream_pipeline to 2026-04-07 06:00:00+00:00, run_after=2026-04-08 06:00:00+00:00
[2026-04-07T17:08:11.563+0000] {processor.py:183} INFO - Processing /opt/airflow/dags/shopstream_pipeline.py took 0.256 seconds
[2026-04-07T17:08:41.792+0000] {processor.py:161} INFO - Started process (PID=659) to work on /opt/airflow/dags/shopstream_pipeline.py
[2026-04-07T17:08:41.796+0000] {processor.py:830} INFO - Processing file /opt/airflow/dags/shopstream_pipeline.py for tasks to queue
[2026-04-07T17:08:41.802+0000] {logging_mixin.py:188} INFO - [2026-04-07T17:08:41.801+0000] {dagbag.py:545} INFO - Filling up the DagBag from /opt/airflow/dags/shopstream_pipeline.py
[2026-04-07T17:08:41.858+0000] {processor.py:840} INFO - DAG(s) 'shopstream_pipeline' retrieved from /opt/airflow/dags/shopstream_pipeline.py
[2026-04-07T17:08:41.907+0000] {logging_mixin.py:188} INFO - [2026-04-07T17:08:41.907+0000] {dag.py:3096} INFO - Sync 1 DAGs
[2026-04-07T17:08:41.939+0000] {logging_mixin.py:188} INFO - [2026-04-07T17:08:41.939+0000] {dag.py:3954} INFO - Setting next_dagrun for shopstream_pipeline to 2026-04-07 06:00:00+00:00, run_after=2026-04-08 06:00:00+00:00
[2026-04-07T17:08:41.976+0000] {processor.py:183} INFO - Processing /opt/airflow/dags/shopstream_pipeline.py took 0.192 seconds
[2026-04-07T17:09:12.099+0000] {processor.py:161} INFO - Started process (PID=664) to work on /opt/airflow/dags/shopstream_pipeline.py
[2026-04-07T17:09:12.102+0000] {processor.py:830} INFO - Processing file /opt/airflow/dags/shopstream_pipeline.py for tasks to queue
[2026-04-07T17:09:12.105+0000] {logging_mixin.py:188} INFO - [2026-04-07T17:09:12.105+0000] {dagbag.py:545} INFO - Filling up the DagBag from /opt/airflow/dags/shopstream_pipeline.py
[2026-04-07T17:09:12.189+0000] {processor.py:840} INFO - DAG(s) 'shopstream_pipeline' retrieved from /opt/airflow/dags/shopstream_pipeline.py
[2026-04-07T17:09:12.263+0000] {logging_mixin.py:188} INFO - [2026-04-07T17:09:12.263+0000] {dag.py:3096} INFO - Sync 1 DAGs
[2026-04-07T17:09:12.305+0000] {logging_mixin.py:188} INFO - [2026-04-07T17:09:12.305+0000] {dag.py:3954} INFO - Setting next_dagrun for shopstream_pipeline to 2026-04-07 06:00:00+00:00, run_after=2026-04-08 06:00:00+00:00
[2026-04-07T17:09:12.344+0000] {processor.py:183} INFO - Processing /opt/airflow/dags/shopstream_pipeline.py took 0.255 seconds
[2026-04-07T17:09:42.520+0000] {processor.py:161} INFO - Started process (PID=669) to work on /opt/airflow/dags/shopstream_pipeline.py
[2026-04-07T17:09:42.522+0000] {processor.py:830} INFO - Processing file /opt/airflow/dags/shopstream_pipeline.py for tasks to queue
[2026-04-07T17:09:42.525+0000] {logging_mixin.py:188} INFO - [2026-04-07T17:09:42.525+0000] {dagbag.py:545} INFO - Filling up the DagBag from /opt/airflow/dags/shopstream_pipeline.py
[2026-04-07T17:09:42.569+0000] {processor.py:840} INFO - DAG(s) 'shopstream_pipeline' retrieved from /opt/airflow/dags/shopstream_pipeline.py
[2026-04-07T17:09:42.612+0000] {logging_mixin.py:188} INFO - [2026-04-07T17:09:42.612+0000] {dag.py:3096} INFO - Sync 1 DAGs
[2026-04-07T17:09:42.638+0000] {logging_mixin.py:188} INFO - [2026-04-07T17:09:42.638+0000] {dag.py:3954} INFO - Setting next_dagrun for shopstream_pipeline to 2026-04-07 06:00:00+00:00, run_after=2026-04-08 06:00:00+00:00
[2026-04-07T17:09:42.664+0000] {processor.py:183} INFO - Processing /opt/airflow/dags/shopstream_pipeline.py took 0.153 seconds
[2026-04-07T17:10:12.798+0000] {processor.py:161} INFO - Started process (PID=674) to work on /opt/airflow/dags/shopstream_pipeline.py
[2026-04-07T17:10:12.800+0000] {processor.py:830} INFO - Processing file /opt/airflow/dags/shopstream_pipeline.py for tasks to queue
[2026-04-07T17:10:12.804+0000] {logging_mixin.py:188} INFO - [2026-04-07T17:10:12.803+0000] {dagbag.py:545} INFO - Filling up the DagBag from /opt/airflow/dags/shopstream_pipeline.py
[2026-04-07T17:10:12.851+0000] {processor.py:840} INFO - DAG(s) 'shopstream_pipeline' retrieved from /opt/airflow/dags/shopstream_pipeline.py
[2026-04-07T17:10:12.908+0000] {logging_mixin.py:188} INFO - [2026-04-07T17:10:12.908+0000] {dag.py:3096} INFO - Sync 1 DAGs
[2026-04-07T17:10:12.943+0000] {logging_mixin.py:188} INFO - [2026-04-07T17:10:12.943+0000] {dag.py:3954} INFO - Setting next_dagrun for shopstream_pipeline to 2026-04-07 06:00:00+00:00, run_after=2026-04-08 06:00:00+00:00
[2026-04-07T17:10:12.974+0000] {processor.py:183} INFO - Processing /opt/airflow/dags/shopstream_pipeline.py took 0.187 seconds
[2026-04-07T17:10:43.187+0000] {processor.py:161} INFO - Started process (PID=679) to work on /opt/airflow/dags/shopstream_pipeline.py
[2026-04-07T17:10:43.189+0000] {processor.py:830} INFO - Processing file /opt/airflow/dags/shopstream_pipeline.py for tasks to queue
[2026-04-07T17:10:43.196+0000] {logging_mixin.py:188} INFO - [2026-04-07T17:10:43.195+0000] {dagbag.py:545} INFO - Filling up the DagBag from /opt/airflow/dags/shopstream_pipeline.py
[2026-04-07T17:10:43.245+0000] {processor.py:840} INFO - DAG(s) 'shopstream_pipeline' retrieved from /opt/airflow/dags/shopstream_pipeline.py
[2026-04-07T17:10:43.310+0000] {logging_mixin.py:188} INFO - [2026-04-07T17:10:43.309+0000] {dag.py:3096} INFO - Sync 1 DAGs
[2026-04-07T17:10:43.341+0000] {logging_mixin.py:188} INFO - [2026-04-07T17:10:43.340+0000] {dag.py:3954} INFO - Setting next_dagrun for shopstream_pipeline to 2026-04-07 06:00:00+00:00, run_after=2026-04-08 06:00:00+00:00
[2026-04-07T17:10:43.368+0000] {processor.py:183} INFO - Processing /opt/airflow/dags/shopstream_pipeline.py took 0.191 seconds
[2026-04-07T17:15:21.441+0000] {processor.py:161} INFO - Started process (PID=189) to work on /opt/airflow/dags/shopstream_pipeline.py
[2026-04-07T17:15:21.443+0000] {processor.py:830} INFO - Processing file /opt/airflow/dags/shopstream_pipeline.py for tasks to queue
[2026-04-07T17:15:21.446+0000] {logging_mixin.py:188} INFO - [2026-04-07T17:15:21.446+0000] {dagbag.py:545} INFO - Filling up the DagBag from /opt/airflow/dags/shopstream_pipeline.py
[2026-04-07T17:15:21.499+0000] {processor.py:840} INFO - DAG(s) 'shopstream_pipeline' retrieved from /opt/airflow/dags/shopstream_pipeline.py
[2026-04-07T17:15:21.833+0000] {logging_mixin.py:188} INFO - [2026-04-07T17:15:21.832+0000] {override.py:1829} INFO - Created Permission View: can read on DAG:shopstream_pipeline
[2026-04-07T17:15:21.850+0000] {logging_mixin.py:188} INFO - [2026-04-07T17:15:21.850+0000] {override.py:1829} INFO - Created Permission View: can delete on DAG:shopstream_pipeline
[2026-04-07T17:15:21.860+0000] {logging_mixin.py:188} INFO - [2026-04-07T17:15:21.859+0000] {override.py:1829} INFO - Created Permission View: can edit on DAG:shopstream_pipeline
[2026-04-07T17:15:21.861+0000] {logging_mixin.py:188} INFO - [2026-04-07T17:15:21.861+0000] {dag.py:3096} INFO - Sync 1 DAGs
[2026-04-07T17:15:21.875+0000] {logging_mixin.py:188} INFO - [2026-04-07T17:15:21.874+0000] {dag.py:3118} INFO - Creating ORM DAG for shopstream_pipeline
[2026-04-07T17:15:21.889+0000] {logging_mixin.py:188} INFO - [2026-04-07T17:15:21.889+0000] {dag.py:3954} INFO - Setting next_dagrun for shopstream_pipeline to 2026-04-06 06:00:00+00:00, run_after=2026-04-07 06:00:00+00:00
[2026-04-07T17:15:21.924+0000] {processor.py:183} INFO - Processing /opt/airflow/dags/shopstream_pipeline.py took 0.492 seconds
[2026-04-07T17:15:52.374+0000] {processor.py:161} INFO - Started process (PID=194) to work on /opt/airflow/dags/shopstream_pipeline.py
[2026-04-07T17:15:52.378+0000] {processor.py:830} INFO - Processing file /opt/airflow/dags/shopstream_pipeline.py for tasks to queue
[2026-04-07T17:15:52.386+0000] {logging_mixin.py:188} INFO - [2026-04-07T17:15:52.385+0000] {dagbag.py:545} INFO - Filling up the DagBag from /opt/airflow/dags/shopstream_pipeline.py
[2026-04-07T17:15:52.502+0000] {processor.py:840} INFO - DAG(s) 'shopstream_pipeline' retrieved from /opt/airflow/dags/shopstream_pipeline.py
[2026-04-07T17:15:52.595+0000] {logging_mixin.py:188} INFO - [2026-04-07T17:15:52.594+0000] {dag.py:3096} INFO - Sync 1 DAGs
[2026-04-07T17:15:52.640+0000] {logging_mixin.py:188} INFO - [2026-04-07T17:15:52.640+0000] {dag.py:3954} INFO - Setting next_dagrun for shopstream_pipeline to 2026-04-06 06:00:00+00:00, run_after=2026-04-07 06:00:00+00:00
[2026-04-07T17:15:52.687+0000] {processor.py:183} INFO - Processing /opt/airflow/dags/shopstream_pipeline.py took 0.329 seconds
[2026-04-07T17:16:23.022+0000] {processor.py:161} INFO - Started process (PID=199) to work on /opt/airflow/dags/shopstream_pipeline.py
[2026-04-07T17:16:23.025+0000] {processor.py:830} INFO - Processing file /opt/airflow/dags/shopstream_pipeline.py for tasks to queue
[2026-04-07T17:16:23.028+0000] {logging_mixin.py:188} INFO - [2026-04-07T17:16:23.028+0000] {dagbag.py:545} INFO - Filling up the DagBag from /opt/airflow/dags/shopstream_pipeline.py
[2026-04-07T17:16:23.077+0000] {processor.py:840} INFO - DAG(s) 'shopstream_pipeline' retrieved from /opt/airflow/dags/shopstream_pipeline.py
[2026-04-07T17:16:23.118+0000] {logging_mixin.py:188} INFO - [2026-04-07T17:16:23.118+0000] {dag.py:3096} INFO - Sync 1 DAGs
[2026-04-07T17:16:23.146+0000] {logging_mixin.py:188} INFO - [2026-04-07T17:16:23.146+0000] {dag.py:3954} INFO - Setting next_dagrun for shopstream_pipeline to 2026-04-06 06:00:00+00:00, run_after=2026-04-07 06:00:00+00:00
[2026-04-07T17:16:23.179+0000] {processor.py:183} INFO - Processing /opt/airflow/dags/shopstream_pipeline.py took 0.165 seconds
[2026-04-07T17:16:53.354+0000] {processor.py:161} INFO - Started process (PID=204) to work on /opt/airflow/dags/shopstream_pipeline.py
[2026-04-07T17:16:53.356+0000] {processor.py:830} INFO - Processing file /opt/airflow/dags/shopstream_pipeline.py for tasks to queue
[2026-04-07T17:16:53.361+0000] {logging_mixin.py:188} INFO - [2026-04-07T17:16:53.360+0000] {dagbag.py:545} INFO - Filling up the DagBag from /opt/airflow/dags/shopstream_pipeline.py
[2026-04-07T17:16:53.403+0000] {processor.py:840} INFO - DAG(s) 'shopstream_pipeline' retrieved from /opt/airflow/dags/shopstream_pipeline.py
[2026-04-07T17:16:53.462+0000] {logging_mixin.py:188} INFO - [2026-04-07T17:16:53.462+0000] {dag.py:3096} INFO - Sync 1 DAGs
[2026-04-07T17:16:53.497+0000] {logging_mixin.py:188} INFO - [2026-04-07T17:16:53.497+0000] {dag.py:3954} INFO - Setting next_dagrun for shopstream_pipeline to 2026-04-06 06:00:00+00:00, run_after=2026-04-07 06:00:00+00:00
[2026-04-07T17:16:53.530+0000] {processor.py:183} INFO - Processing /opt/airflow/dags/shopstream_pipeline.py took 0.187 seconds
[2026-04-07T17:17:23.794+0000] {processor.py:161} INFO - Started process (PID=209) to work on /opt/airflow/dags/shopstream_pipeline.py
[2026-04-07T17:17:23.796+0000] {processor.py:830} INFO - Processing file /opt/airflow/dags/shopstream_pipeline.py for tasks to queue
[2026-04-07T17:17:23.799+0000] {logging_mixin.py:188} INFO - [2026-04-07T17:17:23.798+0000] {dagbag.py:545} INFO - Filling up the DagBag from /opt/airflow/dags/shopstream_pipeline.py
[2026-04-07T17:17:23.842+0000] {processor.py:840} INFO - DAG(s) 'shopstream_pipeline' retrieved from /opt/airflow/dags/shopstream_pipeline.py
[2026-04-07T17:17:23.892+0000] {logging_mixin.py:188} INFO - [2026-04-07T17:17:23.891+0000] {dag.py:3096} INFO - Sync 1 DAGs
[2026-04-07T17:17:23.932+0000] {logging_mixin.py:188} INFO - [2026-04-07T17:17:23.931+0000] {dag.py:3954} INFO - Setting next_dagrun for shopstream_pipeline to 2026-04-06 06:00:00+00:00, run_after=2026-04-07 06:00:00+00:00
[2026-04-07T17:17:23.974+0000] {processor.py:183} INFO - Processing /opt/airflow/dags/shopstream_pipeline.py took 0.190 seconds
[2026-04-07T17:17:54.298+0000] {processor.py:161} INFO - Started process (PID=214) to work on /opt/airflow/dags/shopstream_pipeline.py
[2026-04-07T17:17:54.300+0000] {processor.py:830} INFO - Processing file /opt/airflow/dags/shopstream_pipeline.py for tasks to queue
[2026-04-07T17:17:54.305+0000] {logging_mixin.py:188} INFO - [2026-04-07T17:17:54.304+0000] {dagbag.py:545} INFO - Filling up the DagBag from /opt/airflow/dags/shopstream_pipeline.py
[2026-04-07T17:17:54.361+0000] {processor.py:840} INFO - DAG(s) 'shopstream_pipeline' retrieved from /opt/airflow/dags/shopstream_pipeline.py
[2026-04-07T17:17:54.419+0000] {logging_mixin.py:188} INFO - [2026-04-07T17:17:54.419+0000] {dag.py:3096} INFO - Sync 1 DAGs
[2026-04-07T17:17:54.460+0000] {logging_mixin.py:188} INFO - [2026-04-07T17:17:54.459+0000] {dag.py:3954} INFO - Setting next_dagrun for shopstream_pipeline to 2026-04-06 06:00:00+00:00, run_after=2026-04-07 06:00:00+00:00
[2026-04-07T17:17:54.492+0000] {processor.py:183} INFO - Processing /opt/airflow/dags/shopstream_pipeline.py took 0.205 seconds
[2026-04-07T17:18:24.768+0000] {processor.py:161} INFO - Started process (PID=219) to work on /opt/airflow/dags/shopstream_pipeline.py
[2026-04-07T17:18:24.770+0000] {processor.py:830} INFO - Processing file /opt/airflow/dags/shopstream_pipeline.py for tasks to queue
[2026-04-07T17:18:24.774+0000] {logging_mixin.py:188} INFO - [2026-04-07T17:18:24.773+0000] {dagbag.py:545} INFO - Filling up the DagBag from /opt/airflow/dags/shopstream_pipeline.py
[2026-04-07T17:18:24.836+0000] {processor.py:840} INFO - DAG(s) 'shopstream_pipeline' retrieved from /opt/airflow/dags/shopstream_pipeline.py
[2026-04-07T17:18:24.900+0000] {logging_mixin.py:188} INFO - [2026-04-07T17:18:24.900+0000] {dag.py:3096} INFO - Sync 1 DAGs
[2026-04-07T17:18:24.958+0000] {logging_mixin.py:188} INFO - [2026-04-07T17:18:24.957+0000] {dag.py:3954} INFO - Setting next_dagrun for shopstream_pipeline to 2026-04-06 06:00:00+00:00, run_after=2026-04-07 06:00:00+00:00
[2026-04-07T17:18:24.993+0000] {processor.py:183} INFO - Processing /opt/airflow/dags/shopstream_pipeline.py took 0.234 seconds
[2026-04-07T17:18:55.395+0000] {processor.py:161} INFO - Started process (PID=224) to work on /opt/airflow/dags/shopstream_pipeline.py
[2026-04-07T17:18:55.403+0000] {processor.py:830} INFO - Processing file /opt/airflow/dags/shopstream_pipeline.py for tasks to queue
[2026-04-07T17:18:55.410+0000] {logging_mixin.py:188} INFO - [2026-04-07T17:18:55.409+0000] {dagbag.py:545} INFO - Filling up the DagBag from /opt/airflow/dags/shopstream_pipeline.py
[2026-04-07T17:18:55.475+0000] {processor.py:840} INFO - DAG(s) 'shopstream_pipeline' retrieved from /opt/airflow/dags/shopstream_pipeline.py
[2026-04-07T17:18:55.528+0000] {logging_mixin.py:188} INFO - [2026-04-07T17:18:55.527+0000] {dag.py:3096} INFO - Sync 1 DAGs
[2026-04-07T17:18:55.578+0000] {logging_mixin.py:188} INFO - [2026-04-07T17:18:55.578+0000] {dag.py:3954} INFO - Setting next_dagrun for shopstream_pipeline to 2026-04-06 06:00:00+00:00, run_after=2026-04-07 06:00:00+00:00
[2026-04-07T17:18:55.621+0000] {processor.py:183} INFO - Processing /opt/airflow/dags/shopstream_pipeline.py took 0.238 seconds
[2026-04-07T17:19:26.002+0000] {processor.py:161} INFO - Started process (PID=229) to work on /opt/airflow/dags/shopstream_pipeline.py
[2026-04-07T17:19:26.006+0000] {processor.py:830} INFO - Processing file /opt/airflow/dags/shopstream_pipeline.py for tasks to queue
[2026-04-07T17:19:26.015+0000] {logging_mixin.py:188} INFO - [2026-04-07T17:19:26.014+0000] {dagbag.py:545} INFO - Filling up the DagBag from /opt/airflow/dags/shopstream_pipeline.py
[2026-04-07T17:19:26.152+0000] {processor.py:840} INFO - DAG(s) 'shopstream_pipeline' retrieved from /opt/airflow/dags/shopstream_pipeline.py
[2026-04-07T17:19:26.243+0000] {logging_mixin.py:188} INFO - [2026-04-07T17:19:26.243+0000] {dag.py:3096} INFO - Sync 1 DAGs
[2026-04-07T17:19:26.308+0000] {logging_mixin.py:188} INFO - [2026-04-07T17:19:26.308+0000] {dag.py:3954} INFO - Setting next_dagrun for shopstream_pipeline to 2026-04-06 06:00:00+00:00, run_after=2026-04-07 06:00:00+00:00
[2026-04-07T17:19:26.364+0000] {processor.py:183} INFO - Processing /opt/airflow/dags/shopstream_pipeline.py took 0.384 seconds
[2026-04-07T17:19:56.725+0000] {processor.py:161} INFO - Started process (PID=234) to work on /opt/airflow/dags/shopstream_pipeline.py
[2026-04-07T17:19:56.727+0000] {processor.py:830} INFO - Processing file /opt/airflow/dags/shopstream_pipeline.py for tasks to queue
[2026-04-07T17:19:56.731+0000] {logging_mixin.py:188} INFO - [2026-04-07T17:19:56.730+0000] {dagbag.py:545} INFO - Filling up the DagBag from /opt/airflow/dags/shopstream_pipeline.py
[2026-04-07T17:19:56.769+0000] {processor.py:840} INFO - DAG(s) 'shopstream_pipeline' retrieved from /opt/airflow/dags/shopstream_pipeline.py
[2026-04-07T17:19:56.831+0000] {logging_mixin.py:188} INFO - [2026-04-07T17:19:56.831+0000] {dag.py:3096} INFO - Sync 1 DAGs
[2026-04-07T17:19:56.868+0000] {logging_mixin.py:188} INFO - [2026-04-07T17:19:56.868+0000] {dag.py:3954} INFO - Setting next_dagrun for shopstream_pipeline to 2026-04-06 06:00:00+00:00, run_after=2026-04-07 06:00:00+00:00
[2026-04-07T17:19:56.901+0000] {processor.py:183} INFO - Processing /opt/airflow/dags/shopstream_pipeline.py took 0.187 seconds
[2026-04-07T17:20:27.211+0000] {processor.py:161} INFO - Started process (PID=239) to work on /opt/airflow/dags/shopstream_pipeline.py
[2026-04-07T17:20:27.216+0000] {processor.py:830} INFO - Processing file /opt/airflow/dags/shopstream_pipeline.py for tasks to queue
[2026-04-07T17:20:27.224+0000] {logging_mixin.py:188} INFO - [2026-04-07T17:20:27.223+0000] {dagbag.py:545} INFO - Filling up the DagBag from /opt/airflow/dags/shopstream_pipeline.py
[2026-04-07T17:20:27.308+0000] {processor.py:840} INFO - DAG(s) 'shopstream_pipeline' retrieved from /opt/airflow/dags/shopstream_pipeline.py
[2026-04-07T17:20:27.384+0000] {logging_mixin.py:188} INFO - [2026-04-07T17:20:27.384+0000] {dag.py:3096} INFO - Sync 1 DAGs
[2026-04-07T17:20:27.440+0000] {logging_mixin.py:188} INFO - [2026-04-07T17:20:27.439+0000] {dag.py:3954} INFO - Setting next_dagrun for shopstream_pipeline to 2026-04-06 06:00:00+00:00, run_after=2026-04-07 06:00:00+00:00
[2026-04-07T17:20:27.504+0000] {processor.py:183} INFO - Processing /opt/airflow/dags/shopstream_pipeline.py took 0.316 seconds
[2026-04-07T17:20:57.695+0000] {processor.py:161} INFO - Started process (PID=244) to work on /opt/airflow/dags/shopstream_pipeline.py
[2026-04-07T17:20:57.700+0000] {processor.py:830} INFO - Processing file /opt/airflow/dags/shopstream_pipeline.py for tasks to queue
[2026-04-07T17:20:57.711+0000] {logging_mixin.py:188} INFO - [2026-04-07T17:20:57.709+0000] {dagbag.py:545} INFO - Filling up the DagBag from /opt/airflow/dags/shopstream_pipeline.py
[2026-04-07T17:20:57.820+0000] {processor.py:840} INFO - DAG(s) 'shopstream_pipeline' retrieved from /opt/airflow/dags/shopstream_pipeline.py
[2026-04-07T17:20:57.891+0000] {logging_mixin.py:188} INFO - [2026-04-07T17:20:57.891+0000] {dag.py:3096} INFO - Sync 1 DAGs
[2026-04-07T17:20:57.979+0000] {logging_mixin.py:188} INFO - [2026-04-07T17:20:57.979+0000] {dag.py:3954} INFO - Setting next_dagrun for shopstream_pipeline to 2026-04-06 06:00:00+00:00, run_after=2026-04-07 06:00:00+00:00
[2026-04-07T17:20:58.060+0000] {processor.py:183} INFO - Processing /opt/airflow/dags/shopstream_pipeline.py took 0.388 seconds
[2026-04-07T17:21:28.256+0000] {processor.py:161} INFO - Started process (PID=249) to work on /opt/airflow/dags/shopstream_pipeline.py
[2026-04-07T17:21:28.259+0000] {processor.py:830} INFO - Processing file /opt/airflow/dags/shopstream_pipeline.py for tasks to queue
[2026-04-07T17:21:28.264+0000] {logging_mixin.py:188} INFO - [2026-04-07T17:21:28.264+0000] {dagbag.py:545} INFO - Filling up the DagBag from /opt/airflow/dags/shopstream_pipeline.py
[2026-04-07T17:21:28.355+0000] {processor.py:840} INFO - DAG(s) 'shopstream_pipeline' retrieved from /opt/airflow/dags/shopstream_pipeline.py
[2026-04-07T17:21:28.425+0000] {logging_mixin.py:188} INFO - [2026-04-07T17:21:28.424+0000] {dag.py:3096} INFO - Sync 1 DAGs
[2026-04-07T17:21:28.498+0000] {logging_mixin.py:188} INFO - [2026-04-07T17:21:28.497+0000] {dag.py:3954} INFO - Setting next_dagrun for shopstream_pipeline to 2026-04-06 06:00:00+00:00, run_after=2026-04-07 06:00:00+00:00
[2026-04-07T17:21:28.553+0000] {processor.py:183} INFO - Processing /opt/airflow/dags/shopstream_pipeline.py took 0.309 seconds
[2026-04-07T17:21:58.812+0000] {processor.py:161} INFO - Started process (PID=254) to work on /opt/airflow/dags/shopstream_pipeline.py
[2026-04-07T17:21:58.816+0000] {processor.py:830} INFO - Processing file /opt/airflow/dags/shopstream_pipeline.py for tasks to queue
[2026-04-07T17:21:58.821+0000] {logging_mixin.py:188} INFO - [2026-04-07T17:21:58.820+0000] {dagbag.py:545} INFO - Filling up the DagBag from /opt/airflow/dags/shopstream_pipeline.py
[2026-04-07T17:21:58.896+0000] {processor.py:840} INFO - DAG(s) 'shopstream_pipeline' retrieved from /opt/airflow/dags/shopstream_pipeline.py
[2026-04-07T17:21:58.941+0000] {logging_mixin.py:188} INFO - [2026-04-07T17:21:58.941+0000] {dag.py:3096} INFO - Sync 1 DAGs
[2026-04-07T17:21:58.981+0000] {logging_mixin.py:188} INFO - [2026-04-07T17:21:58.980+0000] {dag.py:3954} INFO - Setting next_dagrun for shopstream_pipeline to 2026-04-06 06:00:00+00:00, run_after=2026-04-07 06:00:00+00:00
[2026-04-07T17:21:59.028+0000] {processor.py:183} INFO - Processing /opt/airflow/dags/shopstream_pipeline.py took 0.231 seconds
[2026-04-07T17:22:29.193+0000] {processor.py:161} INFO - Started process (PID=259) to work on /opt/airflow/dags/shopstream_pipeline.py
[2026-04-07T17:22:29.195+0000] {processor.py:830} INFO - Processing file /opt/airflow/dags/shopstream_pipeline.py for tasks to queue
[2026-04-07T17:22:29.200+0000] {logging_mixin.py:188} INFO - [2026-04-07T17:22:29.199+0000] {dagbag.py:545} INFO - Filling up the DagBag from /opt/airflow/dags/shopstream_pipeline.py
[2026-04-07T17:22:29.261+0000] {processor.py:840} INFO - DAG(s) 'shopstream_pipeline' retrieved from /opt/airflow/dags/shopstream_pipeline.py
[2026-04-07T17:22:29.315+0000] {logging_mixin.py:188} INFO - [2026-04-07T17:22:29.315+0000] {dag.py:3096} INFO - Sync 1 DAGs
[2026-04-07T17:22:29.354+0000] {logging_mixin.py:188} INFO - [2026-04-07T17:22:29.354+0000] {dag.py:3954} INFO - Setting next_dagrun for shopstream_pipeline to 2026-04-06 06:00:00+00:00, run_after=2026-04-07 06:00:00+00:00
[2026-04-07T17:22:29.390+0000] {processor.py:183} INFO - Processing /opt/airflow/dags/shopstream_pipeline.py took 0.207 seconds
[2026-04-07T17:22:59.599+0000] {processor.py:161} INFO - Started process (PID=264) to work on /opt/airflow/dags/shopstream_pipeline.py
[2026-04-07T17:22:59.602+0000] {processor.py:830} INFO - Processing file /opt/airflow/dags/shopstream_pipeline.py for tasks to queue
[2026-04-07T17:22:59.605+0000] {logging_mixin.py:188} INFO - [2026-04-07T17:22:59.604+0000] {dagbag.py:545} INFO - Filling up the DagBag from /opt/airflow/dags/shopstream_pipeline.py
[2026-04-07T17:22:59.667+0000] {processor.py:840} INFO - DAG(s) 'shopstream_pipeline' retrieved from /opt/airflow/dags/shopstream_pipeline.py
[2026-04-07T17:22:59.741+0000] {logging_mixin.py:188} INFO - [2026-04-07T17:22:59.741+0000] {dag.py:3096} INFO - Sync 1 DAGs
[2026-04-07T17:22:59.783+0000] {logging_mixin.py:188} INFO - [2026-04-07T17:22:59.783+0000] {dag.py:3954} INFO - Setting next_dagrun for shopstream_pipeline to 2026-04-06 06:00:00+00:00, run_after=2026-04-07 06:00:00+00:00
[2026-04-07T17:22:59.838+0000] {processor.py:183} INFO - Processing /opt/airflow/dags/shopstream_pipeline.py took 0.248 seconds
[2026-04-07T17:23:29.999+0000] {processor.py:161} INFO - Started process (PID=269) to work on /opt/airflow/dags/shopstream_pipeline.py
[2026-04-07T17:23:30.002+0000] {processor.py:830} INFO - Processing file /opt/airflow/dags/shopstream_pipeline.py for tasks to queue
[2026-04-07T17:23:30.005+0000] {logging_mixin.py:188} INFO - [2026-04-07T17:23:30.004+0000] {dagbag.py:545} INFO - Filling up the DagBag from /opt/airflow/dags/shopstream_pipeline.py
[2026-04-07T17:23:30.055+0000] {processor.py:840} INFO - DAG(s) 'shopstream_pipeline' retrieved from /opt/airflow/dags/shopstream_pipeline.py
[2026-04-07T17:23:30.146+0000] {logging_mixin.py:188} INFO - [2026-04-07T17:23:30.145+0000] {dag.py:3096} INFO - Sync 1 DAGs
[2026-04-07T17:23:30.186+0000] {logging_mixin.py:188} INFO - [2026-04-07T17:23:30.185+0000] {dag.py:3954} INFO - Setting next_dagrun for shopstream_pipeline to 2026-04-06 06:00:00+00:00, run_after=2026-04-07 06:00:00+00:00
[2026-04-07T17:23:30.231+0000] {processor.py:183} INFO - Processing /opt/airflow/dags/shopstream_pipeline.py took 0.246 seconds
[2026-04-07T17:24:00.499+0000] {processor.py:161} INFO - Started process (PID=274) to work on /opt/airflow/dags/shopstream_pipeline.py
[2026-04-07T17:24:00.503+0000] {processor.py:830} INFO - Processing file /opt/airflow/dags/shopstream_pipeline.py for tasks to queue
[2026-04-07T17:24:00.508+0000] {logging_mixin.py:188} INFO - [2026-04-07T17:24:00.507+0000] {dagbag.py:545} INFO - Filling up the DagBag from /opt/airflow/dags/shopstream_pipeline.py
[2026-04-07T17:24:00.566+0000] {processor.py:840} INFO - DAG(s) 'shopstream_pipeline' retrieved from /opt/airflow/dags/shopstream_pipeline.py
[2026-04-07T17:24:00.632+0000] {logging_mixin.py:188} INFO - [2026-04-07T17:24:00.632+0000] {dag.py:3096} INFO - Sync 1 DAGs
[2026-04-07T17:24:00.677+0000] {logging_mixin.py:188} INFO - [2026-04-07T17:24:00.677+0000] {dag.py:3954} INFO - Setting next_dagrun for shopstream_pipeline to 2026-04-06 06:00:00+00:00, run_after=2026-04-07 06:00:00+00:00
[2026-04-07T17:24:00.723+0000] {processor.py:183} INFO - Processing /opt/airflow/dags/shopstream_pipeline.py took 0.235 seconds
[2026-04-07T17:24:30.962+0000] {processor.py:161} INFO - Started process (PID=397) to work on /opt/airflow/dags/shopstream_pipeline.py
[2026-04-07T17:24:30.966+0000] {processor.py:830} INFO - Processing file /opt/airflow/dags/shopstream_pipeline.py for tasks to queue
[2026-04-07T17:24:30.973+0000] {logging_mixin.py:188} INFO - [2026-04-07T17:24:30.972+0000] {dagbag.py:545} INFO - Filling up the DagBag from /opt/airflow/dags/shopstream_pipeline.py
[2026-04-07T17:24:31.075+0000] {processor.py:840} INFO - DAG(s) 'shopstream_pipeline' retrieved from /opt/airflow/dags/shopstream_pipeline.py
[2026-04-07T17:24:31.133+0000] {logging_mixin.py:188} INFO - [2026-04-07T17:24:31.132+0000] {dag.py:3096} INFO - Sync 1 DAGs
[2026-04-07T17:24:31.167+0000] {logging_mixin.py:188} INFO - [2026-04-07T17:24:31.166+0000] {dag.py:3954} INFO - Setting next_dagrun for shopstream_pipeline to 2026-04-07 06:00:00+00:00, run_after=2026-04-08 06:00:00+00:00
[2026-04-07T17:24:31.219+0000] {processor.py:183} INFO - Processing /opt/airflow/dags/shopstream_pipeline.py took 0.278 seconds
[2026-04-07T17:25:01.332+0000] {processor.py:161} INFO - Started process (PID=402) to work on /opt/airflow/dags/shopstream_pipeline.py
[2026-04-07T17:25:01.334+0000] {processor.py:830} INFO - Processing file /opt/airflow/dags/shopstream_pipeline.py for tasks to queue
[2026-04-07T17:25:01.340+0000] {logging_mixin.py:188} INFO - [2026-04-07T17:25:01.340+0000] {dagbag.py:545} INFO - Filling up the DagBag from /opt/airflow/dags/shopstream_pipeline.py
[2026-04-07T17:25:01.412+0000] {processor.py:840} INFO - DAG(s) 'shopstream_pipeline' retrieved from /opt/airflow/dags/shopstream_pipeline.py
[2026-04-07T17:25:01.452+0000] {logging_mixin.py:188} INFO - [2026-04-07T17:25:01.452+0000] {dag.py:3096} INFO - Sync 1 DAGs
[2026-04-07T17:25:01.482+0000] {logging_mixin.py:188} INFO - [2026-04-07T17:25:01.481+0000] {dag.py:3954} INFO - Setting next_dagrun for shopstream_pipeline to 2026-04-07 06:00:00+00:00, run_after=2026-04-08 06:00:00+00:00
[2026-04-07T17:25:01.540+0000] {processor.py:183} INFO - Processing /opt/airflow/dags/shopstream_pipeline.py took 0.219 seconds
[2026-04-07T17:25:32.122+0000] {processor.py:161} INFO - Started process (PID=407) to work on /opt/airflow/dags/shopstream_pipeline.py
[2026-04-07T17:25:32.125+0000] {processor.py:830} INFO - Processing file /opt/airflow/dags/shopstream_pipeline.py for tasks to queue
[2026-04-07T17:25:32.132+0000] {logging_mixin.py:188} INFO - [2026-04-07T17:25:32.131+0000] {dagbag.py:545} INFO - Filling up the DagBag from /opt/airflow/dags/shopstream_pipeline.py
[2026-04-07T17:25:32.198+0000] {processor.py:840} INFO - DAG(s) 'shopstream_pipeline' retrieved from /opt/airflow/dags/shopstream_pipeline.py
[2026-04-07T17:25:32.288+0000] {logging_mixin.py:188} INFO - [2026-04-07T17:25:32.287+0000] {dag.py:3096} INFO - Sync 1 DAGs
[2026-04-07T17:25:32.457+0000] {logging_mixin.py:188} INFO - [2026-04-07T17:25:32.455+0000] {dag.py:3954} INFO - Setting next_dagrun for shopstream_pipeline to 2026-04-07 06:00:00+00:00, run_after=2026-04-08 06:00:00+00:00
[2026-04-07T17:25:32.535+0000] {processor.py:183} INFO - Processing /opt/airflow/dags/shopstream_pipeline.py took 0.422 seconds
[2026-04-07T17:26:02.964+0000] {processor.py:161} INFO - Started process (PID=412) to work on /opt/airflow/dags/shopstream_pipeline.py
[2026-04-07T17:26:02.968+0000] {processor.py:830} INFO - Processing file /opt/airflow/dags/shopstream_pipeline.py for tasks to queue
[2026-04-07T17:26:02.973+0000] {logging_mixin.py:188} INFO - [2026-04-07T17:26:02.972+0000] {dagbag.py:545} INFO - Filling up the DagBag from /opt/airflow/dags/shopstream_pipeline.py
[2026-04-07T17:26:03.067+0000] {processor.py:840} INFO - DAG(s) 'shopstream_pipeline' retrieved from /opt/airflow/dags/shopstream_pipeline.py
[2026-04-07T17:26:03.144+0000] {logging_mixin.py:188} INFO - [2026-04-07T17:26:03.144+0000] {dag.py:3096} INFO - Sync 1 DAGs
[2026-04-07T17:26:03.193+0000] {logging_mixin.py:188} INFO - [2026-04-07T17:26:03.192+0000] {dag.py:3954} INFO - Setting next_dagrun for shopstream_pipeline to 2026-04-07 06:00:00+00:00, run_after=2026-04-08 06:00:00+00:00
[2026-04-07T17:26:03.246+0000] {processor.py:183} INFO - Processing /opt/airflow/dags/shopstream_pipeline.py took 0.295 seconds
[2026-04-07T17:26:33.668+0000] {processor.py:161} INFO - Started process (PID=454) to work on /opt/airflow/dags/shopstream_pipeline.py
[2026-04-07T17:26:33.671+0000] {processor.py:830} INFO - Processing file /opt/airflow/dags/shopstream_pipeline.py for tasks to queue
[2026-04-07T17:26:33.676+0000] {logging_mixin.py:188} INFO - [2026-04-07T17:26:33.676+0000] {dagbag.py:545} INFO - Filling up the DagBag from /opt/airflow/dags/shopstream_pipeline.py
[2026-04-07T17:26:33.747+0000] {processor.py:840} INFO - DAG(s) 'shopstream_pipeline' retrieved from /opt/airflow/dags/shopstream_pipeline.py
[2026-04-07T17:26:33.812+0000] {logging_mixin.py:188} INFO - [2026-04-07T17:26:33.812+0000] {dag.py:3096} INFO - Sync 1 DAGs
[2026-04-07T17:26:33.848+0000] {logging_mixin.py:188} INFO - [2026-04-07T17:26:33.848+0000] {dag.py:3954} INFO - Setting next_dagrun for shopstream_pipeline to 2026-04-07 06:00:00+00:00, run_after=2026-04-08 06:00:00+00:00
[2026-04-07T17:26:33.882+0000] {processor.py:183} INFO - Processing /opt/airflow/dags/shopstream_pipeline.py took 0.227 seconds
[2026-04-07T17:27:04.238+0000] {processor.py:161} INFO - Started process (PID=509) to work on /opt/airflow/dags/shopstream_pipeline.py
[2026-04-07T17:27:04.240+0000] {processor.py:830} INFO - Processing file /opt/airflow/dags/shopstream_pipeline.py for tasks to queue
[2026-04-07T17:27:04.246+0000] {logging_mixin.py:188} INFO - [2026-04-07T17:27:04.245+0000] {dagbag.py:545} INFO - Filling up the DagBag from /opt/airflow/dags/shopstream_pipeline.py
[2026-04-07T17:27:04.299+0000] {processor.py:840} INFO - DAG(s) 'shopstream_pipeline' retrieved from /opt/airflow/dags/shopstream_pipeline.py
[2026-04-07T17:27:04.351+0000] {logging_mixin.py:188} INFO - [2026-04-07T17:27:04.351+0000] {dag.py:3096} INFO - Sync 1 DAGs
[2026-04-07T17:27:04.393+0000] {logging_mixin.py:188} INFO - [2026-04-07T17:27:04.393+0000] {dag.py:3954} INFO - Setting next_dagrun for shopstream_pipeline to 2026-04-07 06:00:00+00:00, run_after=2026-04-08 06:00:00+00:00
[2026-04-07T17:27:04.435+0000] {processor.py:183} INFO - Processing /opt/airflow/dags/shopstream_pipeline.py took 0.214 seconds
