[2026-04-07T06:43:47.498+0000] {local_task_job_runner.py:120} INFO - ::group::Pre task execution logs
[2026-04-07T06:43:47.580+0000] {taskinstance.py:2076} INFO - Dependencies all met for dep_context=non-requeueable deps ti=<TaskInstance: shopstream_pipeline.ingest_raw_data manual__2026-04-07T06:41:43.131526+00:00 [queued]>
[2026-04-07T06:43:47.600+0000] {taskinstance.py:2076} INFO - Dependencies all met for dep_context=requeueable deps ti=<TaskInstance: shopstream_pipeline.ingest_raw_data manual__2026-04-07T06:41:43.131526+00:00 [queued]>
[2026-04-07T06:43:47.602+0000] {taskinstance.py:2306} INFO - Starting attempt 2 of 3
[2026-04-07T06:43:47.635+0000] {taskinstance.py:2330} INFO - Executing <Task(PythonOperator): ingest_raw_data> on 2026-04-07 06:41:43.131526+00:00
[2026-04-07T06:43:47.658+0000] {logging_mixin.py:188} WARNING - /home/***/.local/lib/python3.12/site-packages/***/task/task_runner/standard_task_runner.py:61 DeprecationWarning: This process (pid=385) is multi-threaded, use of fork() may lead to deadlocks in the child.
[2026-04-07T06:43:47.653+0000] {standard_task_runner.py:90} INFO - Running: ['***', 'tasks', 'run', 'shopstream_pipeline', 'ingest_raw_data', 'manual__2026-04-07T06:41:43.131526+00:00', '--job-id', '9', '--raw', '--subdir', 'DAGS_FOLDER/shopstream_pipeline.py', '--cfg-path', '/tmp/tmpmv4y7vrj']
[2026-04-07T06:43:47.661+0000] {standard_task_runner.py:63} INFO - Started process 386 to run task
[2026-04-07T06:43:47.662+0000] {standard_task_runner.py:91} INFO - Job 9: Subtask ingest_raw_data
[2026-04-07T06:43:47.824+0000] {task_command.py:426} INFO - Running <TaskInstance: shopstream_pipeline.ingest_raw_data manual__2026-04-07T06:41:43.131526+00:00 [running]> on host d4c8dd33aac7
[2026-04-07T06:43:48.022+0000] {taskinstance.py:2648} INFO - Exporting env vars: AIRFLOW_CTX_DAG_OWNER='navdeep' AIRFLOW_CTX_DAG_ID='shopstream_pipeline' AIRFLOW_CTX_TASK_ID='ingest_raw_data' AIRFLOW_CTX_EXECUTION_DATE='2026-04-07T06:41:43.131526+00:00' AIRFLOW_CTX_TRY_NUMBER='2' AIRFLOW_CTX_DAG_RUN_ID='manual__2026-04-07T06:41:43.131526+00:00'
[2026-04-07T06:43:48.025+0000] {taskinstance.py:430} INFO - ::endgroup::
[2026-04-07T06:43:49.764+0000] {taskinstance.py:441} INFO - ::group::Post task execution logs
[2026-04-07T06:43:49.766+0000] {taskinstance.py:2905} ERROR - Task failed with exception
Traceback (most recent call last):
  File "/home/airflow/.local/lib/python3.12/site-packages/airflow/models/taskinstance.py", line 465, in _execute_task
    result = _execute_callable(context=context, **execute_callable_kwargs)
             ^^^^^^^^^^^^^^^^^^^^^^^^^^^^^^^^^^^^^^^^^^^^^^^^^^^^^^^^^^^^^
  File "/home/airflow/.local/lib/python3.12/site-packages/airflow/models/taskinstance.py", line 432, in _execute_callable
    return execute_callable(context=context, **execute_callable_kwargs)
           ^^^^^^^^^^^^^^^^^^^^^^^^^^^^^^^^^^^^^^^^^^^^^^^^^^^^^^^^^^^^
  File "/home/airflow/.local/lib/python3.12/site-packages/airflow/models/baseoperator.py", line 400, in wrapper
    return func(self, *args, **kwargs)
           ^^^^^^^^^^^^^^^^^^^^^^^^^^^
  File "/home/airflow/.local/lib/python3.12/site-packages/airflow/operators/python.py", line 235, in execute
    return_value = self.execute_callable()
                   ^^^^^^^^^^^^^^^^^^^^^^^
  File "/home/airflow/.local/lib/python3.12/site-packages/airflow/operators/python.py", line 252, in execute_callable
    return self.python_callable(*self.op_args, **self.op_kwargs)
           ^^^^^^^^^^^^^^^^^^^^^^^^^^^^^^^^^^^^^^^^^^^^^^^^^^^^^
  File "/opt/airflow/dags/shopstream_pipeline.py", line 22, in run_ingestion
    raise Exception(f"Ingestion failed:\n{result.stderr}")
Exception: Ingestion failed:
Traceback (most recent call last):
  File "/opt/***/pipelines/ingest.py", line 3, in <module>
    import duckdb
ModuleNotFoundError: No module named 'duckdb'

[2026-04-07T06:43:49.805+0000] {taskinstance.py:1206} INFO - Marking task as UP_FOR_RETRY. dag_id=shopstream_pipeline, task_id=ingest_raw_data, run_id=manual__2026-04-07T06:41:43.131526+00:00, execution_date=20260407T064143, start_date=20260407T064347, end_date=20260407T064349
[2026-04-07T06:43:49.832+0000] {standard_task_runner.py:110} ERROR - Failed to execute job 9 for task ingest_raw_data (Ingestion failed:
Traceback (most recent call last):
  File "/opt/***/pipelines/ingest.py", line 3, in <module>
    import duckdb
ModuleNotFoundError: No module named 'duckdb'
; 386)
[2026-04-07T06:43:49.854+0000] {local_task_job_runner.py:240} INFO - Task exited with return code 1
[2026-04-07T06:43:49.921+0000] {taskinstance.py:3498} INFO - 0 downstream tasks scheduled from follow-on schedule check
[2026-04-07T06:43:49.928+0000] {local_task_job_runner.py:222} INFO - ::endgroup::
