[2026-04-07T19:07:35.687+0000] {local_task_job_runner.py:120} INFO - ::group::Pre task execution logs
[2026-04-07T19:07:35.728+0000] {taskinstance.py:2076} INFO - Dependencies all met for dep_context=non-requeueable deps ti=<TaskInstance: shopstream_pipeline.run_dbt_models manual__2026-04-07T19:07:17.291713+00:00 [queued]>
[2026-04-07T19:07:35.739+0000] {taskinstance.py:2076} INFO - Dependencies all met for dep_context=requeueable deps ti=<TaskInstance: shopstream_pipeline.run_dbt_models manual__2026-04-07T19:07:17.291713+00:00 [queued]>
[2026-04-07T19:07:35.740+0000] {taskinstance.py:2306} INFO - Starting attempt 1 of 3
[2026-04-07T19:07:35.759+0000] {taskinstance.py:2330} INFO - Executing <Task(PythonOperator): run_dbt_models> on 2026-04-07 19:07:17.291713+00:00
[2026-04-07T19:07:35.768+0000] {standard_task_runner.py:90} INFO - Running: ['***', 'tasks', 'run', 'shopstream_pipeline', 'run_dbt_models', 'manual__2026-04-07T19:07:17.291713+00:00', '--job-id', '16', '--raw', '--subdir', 'DAGS_FOLDER/shopstream_pipeline.py', '--cfg-path', '/tmp/tmpzs3jr459']
[2026-04-07T19:07:35.772+0000] {standard_task_runner.py:91} INFO - Job 16: Subtask run_dbt_models
[2026-04-07T19:07:35.772+0000] {logging_mixin.py:188} WARNING - /home/***/.local/lib/python3.12/site-packages/***/task/task_runner/standard_task_runner.py:61 DeprecationWarning: This process (pid=1443) is multi-threaded, use of fork() may lead to deadlocks in the child.
[2026-04-07T19:07:35.773+0000] {standard_task_runner.py:63} INFO - Started process 1444 to run task
[2026-04-07T19:07:35.880+0000] {task_command.py:426} INFO - Running <TaskInstance: shopstream_pipeline.run_dbt_models manual__2026-04-07T19:07:17.291713+00:00 [running]> on host 6b94f4fc707d
[2026-04-07T19:07:35.976+0000] {taskinstance.py:2648} INFO - Exporting env vars: AIRFLOW_CTX_DAG_OWNER='navdeep' AIRFLOW_CTX_DAG_ID='shopstream_pipeline' AIRFLOW_CTX_TASK_ID='run_dbt_models' AIRFLOW_CTX_EXECUTION_DATE='2026-04-07T19:07:17.291713+00:00' AIRFLOW_CTX_TRY_NUMBER='1' AIRFLOW_CTX_DAG_RUN_ID='manual__2026-04-07T19:07:17.291713+00:00'
[2026-04-07T19:07:35.977+0000] {taskinstance.py:430} INFO - ::endgroup::
[2026-04-07T19:07:41.467+0000] {logging_mixin.py:188} INFO - Running dbt...
[2026-04-07T19:07:49.274+0000] {logging_mixin.py:188} INFO - 19:07:44  Running with dbt=1.11.7
19:07:44  Registered adapter: duckdb=1.10.1
19:07:45  [WARNING]: Configuration paths exist in your dbt_project.yml file which do not apply to any resources.
There are 1 unused configuration paths:
- models.shopstream_dbt.intermediate
19:07:46  Found 5 models, 11 data tests, 475 macros
19:07:46  
19:07:46  Concurrency: 4 threads (target='dev')
19:07:46  
19:07:46  1 of 5 START sql view model main.stg_customers ................................. [RUN]
19:07:46  2 of 5 START sql view model main.stg_order_items ............................... [RUN]
19:07:46  3 of 5 START sql view model main.stg_orders .................................... [RUN]
19:07:46  4 of 5 START sql view model main.stg_products .................................. [RUN]
19:07:47  4 of 5 OK created sql view model main.stg_products ............................. [OK in 0.58s]
19:07:47  2 of 5 OK created sql view model main.stg_order_items .......................... [OK in 0.60s]
19:07:47  3 of 5 OK created sql view model main.stg_orders ............................... [OK in 0.61s]
19:07:47  1 of 5 OK created sql view model main.stg_customers ............................ [OK in 0.62s]
19:07:47  5 of 5 START sql table model main.mart_orders .................................. [RUN]
19:07:47  5 of 5 OK created sql table model main.mart_orders ............................. [OK in 0.73s]
19:07:47  
19:07:47  Finished running 1 table model, 4 view models in 0 hours 0 minutes and 1.85 seconds (1.85s).
19:07:48  
19:07:48  Completed successfully
19:07:48  
19:07:48  Done. PASS=5 WARN=0 ERROR=0 SKIP=0 NO-OP=0 TOTAL=5
[2026-04-07T19:07:49.276+0000] {logging_mixin.py:188} INFO - Running dbt tests...
[2026-04-07T19:07:57.190+0000] {logging_mixin.py:188} INFO - 19:07:54  Running with dbt=1.11.7
19:07:54  Registered adapter: duckdb=1.10.1
19:07:55  [WARNING]: Configuration paths exist in your dbt_project.yml file which do not apply to any resources.
There are 1 unused configuration paths:
- models.shopstream_dbt.intermediate
19:07:55  Found 5 models, 11 data tests, 475 macros
19:07:55  
19:07:55  Concurrency: 4 threads (target='dev')
19:07:55  
19:07:55  1 of 11 START test accepted_values_stg_customers_segment__VIP__Regular__At_Risk__New  [RUN]
19:07:55  2 of 11 START test accepted_values_stg_orders_status__completed__pending__cancelled__refunded  [RUN]
19:07:55  3 of 11 START test not_null_stg_customers_customer_id .......................... [RUN]
19:07:55  4 of 11 START test not_null_stg_customers_email ................................ [RUN]
19:07:55  3 of 11 PASS not_null_stg_customers_customer_id ................................ [PASS in 0.24s]
19:07:55  4 of 11 PASS not_null_stg_customers_email ...................................... [PASS in 0.24s]
19:07:55  5 of 11 START test not_null_stg_order_items_item_id ............................ [RUN]
19:07:55  6 of 11 START test not_null_stg_orders_order_id ................................ [RUN]
19:07:55  1 of 11 PASS accepted_values_stg_customers_segment__VIP__Regular__At_Risk__New . [PASS in 0.29s]
19:07:55  2 of 11 PASS accepted_values_stg_orders_status__completed__pending__cancelled__refunded  [PASS in 0.29s]
19:07:55  7 of 11 START test not_null_stg_products_product_id ............................ [RUN]
19:07:55  8 of 11 START test unique_stg_customers_customer_id ............................ [RUN]
19:07:55  5 of 11 PASS not_null_stg_order_items_item_id .................................. [PASS in 0.19s]
19:07:55  6 of 11 PASS not_null_stg_orders_order_id ...................................... [PASS in 0.18s]
19:07:56  9 of 11 START test unique_stg_order_items_item_id .............................. [RUN]
19:07:56  10 of 11 START test unique_stg_orders_order_id ................................. [RUN]
19:07:56  7 of 11 PASS not_null_stg_products_product_id .................................. [PASS in 0.17s]
19:07:56  8 of 11 PASS unique_stg_customers_customer_id .................................. [PASS in 0.19s]
19:07:56  11 of 11 START test unique_stg_products_product_id ............................. [RUN]
19:07:56  11 of 11 PASS unique_stg_products_product_id ................................... [PASS in 0.14s]
19:07:56  10 of 11 PASS unique_stg_orders_order_id ....................................... [PASS in 0.18s]
19:07:56  9 of 11 PASS unique_stg_order_items_item_id .................................... [PASS in 0.19s]
19:07:56  
19:07:56  Finished running 11 data tests in 0 hours 0 minutes and 0.97 seconds (0.97s).
19:07:56  
19:07:56  Completed successfully
19:07:56  
19:07:56  Done. PASS=11 WARN=0 ERROR=0 SKIP=0 NO-OP=0 TOTAL=11
[2026-04-07T19:07:57.191+0000] {logging_mixin.py:188} INFO - dbt complete!
[2026-04-07T19:07:57.192+0000] {python.py:237} INFO - Done. Returned value was: None
[2026-04-07T19:07:57.193+0000] {taskinstance.py:441} INFO - ::group::Post task execution logs
[2026-04-07T19:07:57.216+0000] {taskinstance.py:1206} INFO - Marking task as SUCCESS. dag_id=shopstream_pipeline, task_id=run_dbt_models, run_id=manual__2026-04-07T19:07:17.291713+00:00, execution_date=20260407T190717, start_date=20260407T190735, end_date=20260407T190757
[2026-04-07T19:07:57.252+0000] {local_task_job_runner.py:240} INFO - Task exited with return code 0
[2026-04-07T19:07:57.298+0000] {taskinstance.py:3498} INFO - 1 downstream tasks scheduled from follow-on schedule check
[2026-04-07T19:07:57.301+0000] {local_task_job_runner.py:222} INFO - ::endgroup::
