[2026-04-07T17:46:53.465+0000] {local_task_job_runner.py:120} INFO - ::group::Pre task execution logs
[2026-04-07T17:46:53.550+0000] {taskinstance.py:2076} INFO - Dependencies all met for dep_context=non-requeueable deps ti=<TaskInstance: shopstream_pipeline.data_quality_checks manual__2026-04-07T17:46:29.691918+00:00 [queued]>
[2026-04-07T17:46:53.569+0000] {taskinstance.py:2076} INFO - Dependencies all met for dep_context=requeueable deps ti=<TaskInstance: shopstream_pipeline.data_quality_checks manual__2026-04-07T17:46:29.691918+00:00 [queued]>
[2026-04-07T17:46:53.571+0000] {taskinstance.py:2306} INFO - Starting attempt 1 of 3
[2026-04-07T17:46:53.600+0000] {taskinstance.py:2330} INFO - Executing <Task(PythonOperator): data_quality_checks> on 2026-04-07 17:46:29.691918+00:00
[2026-04-07T17:46:53.613+0000] {standard_task_runner.py:90} INFO - Running: ['***', 'tasks', 'run', 'shopstream_pipeline', 'data_quality_checks', 'manual__2026-04-07T17:46:29.691918+00:00', '--job-id', '19', '--raw', '--subdir', 'DAGS_FOLDER/shopstream_pipeline.py', '--cfg-path', '/tmp/tmpt99v0o_7']
[2026-04-07T17:46:53.617+0000] {standard_task_runner.py:91} INFO - Job 19: Subtask data_quality_checks
[2026-04-07T17:46:53.617+0000] {logging_mixin.py:188} WARNING - /home/***/.local/lib/python3.12/site-packages/***/task/task_runner/standard_task_runner.py:61 DeprecationWarning: This process (pid=979) is multi-threaded, use of fork() may lead to deadlocks in the child.
[2026-04-07T17:46:53.619+0000] {standard_task_runner.py:63} INFO - Started process 980 to run task
[2026-04-07T17:46:53.733+0000] {task_command.py:426} INFO - Running <TaskInstance: shopstream_pipeline.data_quality_checks manual__2026-04-07T17:46:29.691918+00:00 [running]> on host 51b586b7f65d
[2026-04-07T17:46:53.916+0000] {taskinstance.py:2648} INFO - Exporting env vars: AIRFLOW_CTX_DAG_OWNER='navdeep' AIRFLOW_CTX_DAG_ID='shopstream_pipeline' AIRFLOW_CTX_TASK_ID='data_quality_checks' AIRFLOW_CTX_EXECUTION_DATE='2026-04-07T17:46:29.691918+00:00' AIRFLOW_CTX_TRY_NUMBER='1' AIRFLOW_CTX_DAG_RUN_ID='manual__2026-04-07T17:46:29.691918+00:00'
[2026-04-07T17:46:53.918+0000] {taskinstance.py:430} INFO - ::endgroup::
[2026-04-07T17:46:54.169+0000] {logging_mixin.py:188} INFO - PASS: No null order IDs
[2026-04-07T17:46:54.173+0000] {logging_mixin.py:188} INFO - PASS: No negative revenue
[2026-04-07T17:46:54.189+0000] {logging_mixin.py:188} INFO - PASS: Customer count sanity — 1000
[2026-04-07T17:46:54.205+0000] {logging_mixin.py:188} INFO - All data quality checks passed!
[2026-04-07T17:46:54.206+0000] {python.py:237} INFO - Done. Returned value was: None
[2026-04-07T17:46:54.210+0000] {taskinstance.py:441} INFO - ::group::Post task execution logs
[2026-04-07T17:46:54.236+0000] {taskinstance.py:1206} INFO - Marking task as SUCCESS. dag_id=shopstream_pipeline, task_id=data_quality_checks, run_id=manual__2026-04-07T17:46:29.691918+00:00, execution_date=20260407T174629, start_date=20260407T174653, end_date=20260407T174654
[2026-04-07T17:46:54.278+0000] {local_task_job_runner.py:240} INFO - Task exited with return code 0
[2026-04-07T17:46:54.335+0000] {taskinstance.py:3498} INFO - 1 downstream tasks scheduled from follow-on schedule check
[2026-04-07T17:46:54.340+0000] {local_task_job_runner.py:222} INFO - ::endgroup::
