[2026-04-07T17:46:55.038+0000] {local_task_job_runner.py:120} INFO - ::group::Pre task execution logs
[2026-04-07T17:46:55.092+0000] {taskinstance.py:2076} INFO - Dependencies all met for dep_context=non-requeueable deps ti=<TaskInstance: shopstream_pipeline.run_pyspark_transforms manual__2026-04-07T17:46:29.691918+00:00 [queued]>
[2026-04-07T17:46:55.111+0000] {taskinstance.py:2076} INFO - Dependencies all met for dep_context=requeueable deps ti=<TaskInstance: shopstream_pipeline.run_pyspark_transforms manual__2026-04-07T17:46:29.691918+00:00 [queued]>
[2026-04-07T17:46:55.112+0000] {taskinstance.py:2306} INFO - Starting attempt 1 of 3
[2026-04-07T17:46:55.141+0000] {taskinstance.py:2330} INFO - Executing <Task(PythonOperator): run_pyspark_transforms> on 2026-04-07 17:46:29.691918+00:00
[2026-04-07T17:46:55.155+0000] {standard_task_runner.py:90} INFO - Running: ['***', 'tasks', 'run', 'shopstream_pipeline', 'run_pyspark_transforms', 'manual__2026-04-07T17:46:29.691918+00:00', '--job-id', '20', '--raw', '--subdir', 'DAGS_FOLDER/shopstream_pipeline.py', '--cfg-path', '/tmp/tmpdgtbvzbn']
[2026-04-07T17:46:55.161+0000] {logging_mixin.py:188} WARNING - /home/***/.local/lib/python3.12/site-packages/***/task/task_runner/standard_task_runner.py:61 DeprecationWarning: This process (pid=1011) is multi-threaded, use of fork() may lead to deadlocks in the child.
[2026-04-07T17:46:55.165+0000] {standard_task_runner.py:91} INFO - Job 20: Subtask run_pyspark_transforms
[2026-04-07T17:46:55.166+0000] {standard_task_runner.py:63} INFO - Started process 1012 to run task
[2026-04-07T17:46:55.352+0000] {task_command.py:426} INFO - Running <TaskInstance: shopstream_pipeline.run_pyspark_transforms manual__2026-04-07T17:46:29.691918+00:00 [running]> on host 51b586b7f65d
[2026-04-07T17:46:55.507+0000] {taskinstance.py:2648} INFO - Exporting env vars: AIRFLOW_CTX_DAG_OWNER='navdeep' AIRFLOW_CTX_DAG_ID='shopstream_pipeline' AIRFLOW_CTX_TASK_ID='run_pyspark_transforms' AIRFLOW_CTX_EXECUTION_DATE='2026-04-07T17:46:29.691918+00:00' AIRFLOW_CTX_TRY_NUMBER='1' AIRFLOW_CTX_DAG_RUN_ID='manual__2026-04-07T17:46:29.691918+00:00'
[2026-04-07T17:46:55.512+0000] {taskinstance.py:430} INFO - ::endgroup::
[2026-04-07T17:46:56.797+0000] {logging_mixin.py:188} INFO -                  tbl  rows
       dim_customers  1000
        dim_products   200
          fct_orders  5000
fct_customer_metrics   964
[2026-04-07T17:46:56.952+0000] {logging_mixin.py:188} INFO - Transformations complete!
[2026-04-07T17:46:56.955+0000] {python.py:237} INFO - Done. Returned value was: None
[2026-04-07T17:46:56.960+0000] {taskinstance.py:441} INFO - ::group::Post task execution logs
[2026-04-07T17:46:56.985+0000] {taskinstance.py:1206} INFO - Marking task as SUCCESS. dag_id=shopstream_pipeline, task_id=run_pyspark_transforms, run_id=manual__2026-04-07T17:46:29.691918+00:00, execution_date=20260407T174629, start_date=20260407T174655, end_date=20260407T174656
[2026-04-07T17:46:57.054+0000] {local_task_job_runner.py:240} INFO - Task exited with return code 0
[2026-04-07T17:46:57.118+0000] {taskinstance.py:3498} INFO - 1 downstream tasks scheduled from follow-on schedule check
[2026-04-07T17:46:57.128+0000] {local_task_job_runner.py:222} INFO - ::endgroup::
